<!DOCTYPE html>
<html>
  <head>
    <meta charset="utf-8"/>
    <title id="head-title">report.html</title>
      <style type="text/css">body {
  font-family: Helvetica, Arial, sans-serif;
  font-size: 12px;
  /* do not increase min-width as some may use split screens */
  min-width: 800px;
  color: #999;
}

h1 {
  font-size: 24px;
  color: black;
}

h2 {
  font-size: 16px;
  color: black;
}

p {
  color: black;
}

a {
  color: #999;
}

table {
  border-collapse: collapse;
}

/******************************
 * SUMMARY INFORMATION
 ******************************/
#environment td {
  padding: 5px;
  border: 1px solid #e6e6e6;
  vertical-align: top;
}
#environment tr:nth-child(odd) {
  background-color: #f6f6f6;
}
#environment ul {
  margin: 0;
  padding: 0 20px;
}

/******************************
 * TEST RESULT COLORS
 ******************************/
span.passed,
.passed .col-result {
  color: green;
}

span.skipped,
span.xfailed,
span.rerun,
.skipped .col-result,
.xfailed .col-result,
.rerun .col-result {
  color: orange;
}

span.error,
span.failed,
span.xpassed,
.error .col-result,
.failed .col-result,
.xpassed .col-result {
  color: red;
}

.col-links__extra {
  margin-right: 3px;
}

/******************************
 * RESULTS TABLE
 *
 * 1. Table Layout
 * 2. Extra
 * 3. Sorting items
 *
 ******************************/
/*------------------
 * 1. Table Layout
 *------------------*/
#results-table {
  border: 1px solid #e6e6e6;
  color: #999;
  font-size: 12px;
  width: 100%;
}
#results-table th,
#results-table td {
  padding: 5px;
  border: 1px solid #e6e6e6;
  text-align: left;
}
#results-table th {
  font-weight: bold;
}

/*------------------
 * 2. Extra
 *------------------*/
.logwrapper {
  max-height: 230px;
  overflow-y: scroll;
  background-color: #e6e6e6;
}
.logwrapper.expanded {
  max-height: none;
}
.logwrapper.expanded .logexpander:after {
  content: "collapse [-]";
}
.logwrapper .logexpander {
  z-index: 1;
  position: sticky;
  top: 10px;
  width: max-content;
  border: 1px solid;
  border-radius: 3px;
  padding: 5px 7px;
  margin: 10px 0 10px calc(100% - 80px);
  cursor: pointer;
  background-color: #e6e6e6;
}
.logwrapper .logexpander:after {
  content: "expand [+]";
}
.logwrapper .logexpander:hover {
  color: #000;
  border-color: #000;
}
.logwrapper .log {
  min-height: 40px;
  position: relative;
  top: -50px;
  height: calc(100% + 50px);
  border: 1px solid #e6e6e6;
  color: black;
  display: block;
  font-family: "Courier New", Courier, monospace;
  padding: 5px;
  padding-right: 80px;
  white-space: pre-wrap;
}

div.media {
  border: 1px solid #e6e6e6;
  float: right;
  height: 240px;
  margin: 0 5px;
  overflow: hidden;
  width: 320px;
}

.media-container {
  display: grid;
  grid-template-columns: 25px auto 25px;
  align-items: center;
  flex: 1 1;
  overflow: hidden;
  height: 200px;
}

.media-container--fullscreen {
  grid-template-columns: 0px auto 0px;
}

.media-container__nav--right,
.media-container__nav--left {
  text-align: center;
  cursor: pointer;
}

.media-container__viewport {
  cursor: pointer;
  text-align: center;
  height: inherit;
}
.media-container__viewport img,
.media-container__viewport video {
  object-fit: cover;
  width: 100%;
  max-height: 100%;
}

.media__name,
.media__counter {
  display: flex;
  flex-direction: row;
  justify-content: space-around;
  flex: 0 0 25px;
  align-items: center;
}

.collapsible td:not(.col-links) {
  cursor: pointer;
}
.collapsible td:not(.col-links):hover::after {
  color: #bbb;
  font-style: italic;
  cursor: pointer;
}

.col-result {
  width: 130px;
}
.col-result:hover::after {
  content: " (hide details)";
}

.col-result.collapsed:hover::after {
  content: " (show details)";
}

#environment-header h2:hover::after {
  content: " (hide details)";
  color: #bbb;
  font-style: italic;
  cursor: pointer;
  font-size: 12px;
}

#environment-header.collapsed h2:hover::after {
  content: " (show details)";
  color: #bbb;
  font-style: italic;
  cursor: pointer;
  font-size: 12px;
}

/*------------------
 * 3. Sorting items
 *------------------*/
.sortable {
  cursor: pointer;
}
.sortable.desc:after {
  content: " ";
  position: relative;
  left: 5px;
  bottom: -12.5px;
  border: 10px solid #4caf50;
  border-bottom: 0;
  border-left-color: transparent;
  border-right-color: transparent;
}
.sortable.asc:after {
  content: " ";
  position: relative;
  left: 5px;
  bottom: 12.5px;
  border: 10px solid #4caf50;
  border-top: 0;
  border-left-color: transparent;
  border-right-color: transparent;
}

.hidden, .summary__reload__button.hidden {
  display: none;
}

.summary__data {
  flex: 0 0 550px;
}
.summary__reload {
  flex: 1 1;
  display: flex;
  justify-content: center;
}
.summary__reload__button {
  flex: 0 0 300px;
  display: flex;
  color: white;
  font-weight: bold;
  background-color: #4caf50;
  text-align: center;
  justify-content: center;
  align-items: center;
  border-radius: 3px;
  cursor: pointer;
}
.summary__reload__button:hover {
  background-color: #46a049;
}
.summary__spacer {
  flex: 0 0 550px;
}

.controls {
  display: flex;
  justify-content: space-between;
}

.filters,
.collapse {
  display: flex;
  align-items: center;
}
.filters button,
.collapse button {
  color: #999;
  border: none;
  background: none;
  cursor: pointer;
  text-decoration: underline;
}
.filters button:hover,
.collapse button:hover {
  color: #ccc;
}

.filter__label {
  margin-right: 10px;
}

      </style>
    
  </head>
  <body>
    <h1 id="title">report.html</h1>
    <p>Report generated on 04-Apr-2025 at 22:50:06 by <a href="https://pypi.python.org/pypi/pytest-html">pytest-html</a>
        v4.1.1</p>
    <div id="environment-header">
      <h2>Environment</h2>
    </div>
    <table id="environment"></table>
    <!-- TEMPLATES -->
      <template id="template_environment_row">
      <tr>
        <td></td>
        <td></td>
      </tr>
    </template>
    <template id="template_results-table__body--empty">
      <tbody class="results-table-row">
        <tr id="not-found-message">
          <td colspan="4">No results found. Check the filters.</th>
        </tr>
    </template>
    <template id="template_results-table__tbody">
      <tbody class="results-table-row">
        <tr class="collapsible">
        </tr>
        <tr class="extras-row">
          <td class="extra" colspan="4">
            <div class="extraHTML"></div>
            <div class="media">
              <div class="media-container">
                  <div class="media-container__nav--left"><</div>
                  <div class="media-container__viewport">
                    <img src="" />
                    <video controls>
                      <source src="" type="video/mp4">
                    </video>
                  </div>
                  <div class="media-container__nav--right">></div>
                </div>
                <div class="media__name"></div>
                <div class="media__counter"></div>
            </div>
            <div class="logwrapper">
              <div class="logexpander"></div>
              <div class="log"></div>
            </div>
          </td>
        </tr>
      </tbody>
    </template>
    <!-- END TEMPLATES -->
    <div class="summary">
      <div class="summary__data">
        <h2>Summary</h2>
        <div class="additional-summary prefix">
        </div>
        <p class="run-count">124 tests took 00:00:08.</p>
        <p class="filter">(Un)check the boxes to filter the results.</p>
        <div class="summary__reload">
          <div class="summary__reload__button hidden" onclick="location.reload()">
            <div>There are still tests running. <br />Reload this page to get the latest results!</div>
          </div>
        </div>
        <div class="summary__spacer"></div>
        <div class="controls">
          <div class="filters">
            <input checked="true" class="filter" name="filter_checkbox" type="checkbox" data-test-result="failed" />
            <span class="failed">77 Failed,</span>
            <input checked="true" class="filter" name="filter_checkbox" type="checkbox" data-test-result="passed" />
            <span class="passed">47 Passed,</span>
            <input checked="true" class="filter" name="filter_checkbox" type="checkbox" data-test-result="skipped" disabled/>
            <span class="skipped">0 Skipped,</span>
            <input checked="true" class="filter" name="filter_checkbox" type="checkbox" data-test-result="xfailed" disabled/>
            <span class="xfailed">0 Expected failures,</span>
            <input checked="true" class="filter" name="filter_checkbox" type="checkbox" data-test-result="xpassed" disabled/>
            <span class="xpassed">0 Unexpected passes,</span>
            <input checked="true" class="filter" name="filter_checkbox" type="checkbox" data-test-result="error" disabled/>
            <span class="error">0 Errors,</span>
            <input checked="true" class="filter" name="filter_checkbox" type="checkbox" data-test-result="rerun" disabled/>
            <span class="rerun">0 Reruns</span>
          </div>
          <div class="collapse">
            <button id="show_all_details">Show all details</button>&nbsp;/&nbsp;<button id="hide_all_details">Hide all details</button>
          </div>
        </div>
      </div>
      <div class="additional-summary summary">
      </div>
      <div class="additional-summary postfix">
      </div>
    </div>
    <table id="results-table">
      <thead id="results-table-head">
        <tr>
          <th class="sortable" data-column-type="result">Result</th>
          <th class="sortable" data-column-type="testId">Test</th>
          <th class="sortable" data-column-type="duration">Duration</th>
          <th>Links</th>
        </tr>
      </thead>
    </table>
  </body>
  <footer>
    <div id="data-container" data-jsonblob="{&#34;environment&#34;: {&#34;Python&#34;: &#34;3.9.9&#34;, &#34;Platform&#34;: &#34;macOS-15.3.1-arm64-arm-64bit&#34;, &#34;Packages&#34;: {&#34;pytest&#34;: &#34;7.4.3&#34;, &#34;pluggy&#34;: &#34;1.5.0&#34;}, &#34;Plugins&#34;: {&#34;html&#34;: &#34;4.1.1&#34;, &#34;metadata&#34;: &#34;3.1.1&#34;, &#34;cov&#34;: &#34;6.1.0&#34;}, &#34;JAVA_HOME&#34;: &#34;/Users/yegic/Library/Java/JavaVirtualMachines/openjdk-22/Contents/Home&#34;}, &#34;tests&#34;: {&#34;tests/test_additional.py::test_update_user_profile&#34;: [{&#34;extras&#34;: [], &#34;result&#34;: &#34;Passed&#34;, &#34;testId&#34;: &#34;tests/test_additional.py::test_update_user_profile&#34;, &#34;duration&#34;: &#34;63 ms&#34;, &#34;resultsTableRow&#34;: [&#34;&lt;td class=\&#34;col-result\&#34;&gt;Passed&lt;/td&gt;&#34;, &#34;&lt;td class=\&#34;col-testId\&#34;&gt;tests/test_additional.py::test_update_user_profile&lt;/td&gt;&#34;, &#34;&lt;td class=\&#34;col-duration\&#34;&gt;63 ms&lt;/td&gt;&#34;, &#34;&lt;td class=\&#34;col-links\&#34;&gt;&lt;/td&gt;&#34;], &#34;log&#34;: &#34;No log output captured.&#34;}], &#34;tests/test_additional.py::test_delete_user_account&#34;: [{&#34;extras&#34;: [], &#34;result&#34;: &#34;Passed&#34;, &#34;testId&#34;: &#34;tests/test_additional.py::test_delete_user_account&#34;, &#34;duration&#34;: &#34;65 ms&#34;, &#34;resultsTableRow&#34;: [&#34;&lt;td class=\&#34;col-result\&#34;&gt;Passed&lt;/td&gt;&#34;, &#34;&lt;td class=\&#34;col-testId\&#34;&gt;tests/test_additional.py::test_delete_user_account&lt;/td&gt;&#34;, &#34;&lt;td class=\&#34;col-duration\&#34;&gt;65 ms&lt;/td&gt;&#34;, &#34;&lt;td class=\&#34;col-links\&#34;&gt;&lt;/td&gt;&#34;], &#34;log&#34;: &#34;No log output captured.&#34;}], &#34;tests/test_additional.py::test_change_password&#34;: [{&#34;extras&#34;: [], &#34;result&#34;: &#34;Passed&#34;, &#34;testId&#34;: &#34;tests/test_additional.py::test_change_password&#34;, &#34;duration&#34;: &#34;174 ms&#34;, &#34;resultsTableRow&#34;: [&#34;&lt;td class=\&#34;col-result\&#34;&gt;Passed&lt;/td&gt;&#34;, &#34;&lt;td class=\&#34;col-testId\&#34;&gt;tests/test_additional.py::test_change_password&lt;/td&gt;&#34;, &#34;&lt;td class=\&#34;col-duration\&#34;&gt;174 ms&lt;/td&gt;&#34;, &#34;&lt;td class=\&#34;col-links\&#34;&gt;&lt;/td&gt;&#34;], &#34;log&#34;: &#34;No log output captured.&#34;}], &#34;tests/test_additional.py::test_token_refresh&#34;: [{&#34;extras&#34;: [], &#34;result&#34;: &#34;Passed&#34;, &#34;testId&#34;: &#34;tests/test_additional.py::test_token_refresh&#34;, &#34;duration&#34;: &#34;63 ms&#34;, &#34;resultsTableRow&#34;: [&#34;&lt;td class=\&#34;col-result\&#34;&gt;Passed&lt;/td&gt;&#34;, &#34;&lt;td class=\&#34;col-testId\&#34;&gt;tests/test_additional.py::test_token_refresh&lt;/td&gt;&#34;, &#34;&lt;td class=\&#34;col-duration\&#34;&gt;63 ms&lt;/td&gt;&#34;, &#34;&lt;td class=\&#34;col-links\&#34;&gt;&lt;/td&gt;&#34;], &#34;log&#34;: &#34;No log output captured.&#34;}], &#34;tests/test_additional.py::test_batch_population_data_upload&#34;: [{&#34;extras&#34;: [], &#34;result&#34;: &#34;Passed&#34;, &#34;testId&#34;: &#34;tests/test_additional.py::test_batch_population_data_upload&#34;, &#34;duration&#34;: &#34;66 ms&#34;, &#34;resultsTableRow&#34;: [&#34;&lt;td class=\&#34;col-result\&#34;&gt;Passed&lt;/td&gt;&#34;, &#34;&lt;td class=\&#34;col-testId\&#34;&gt;tests/test_additional.py::test_batch_population_data_upload&lt;/td&gt;&#34;, &#34;&lt;td class=\&#34;col-duration\&#34;&gt;66 ms&lt;/td&gt;&#34;, &#34;&lt;td class=\&#34;col-links\&#34;&gt;&lt;/td&gt;&#34;], &#34;log&#34;: &#34;No log output captured.&#34;}], &#34;tests/test_additional.py::test_population_data_export&#34;: [{&#34;extras&#34;: [], &#34;result&#34;: &#34;Passed&#34;, &#34;testId&#34;: &#34;tests/test_additional.py::test_population_data_export&#34;, &#34;duration&#34;: &#34;65 ms&#34;, &#34;resultsTableRow&#34;: [&#34;&lt;td class=\&#34;col-result\&#34;&gt;Passed&lt;/td&gt;&#34;, &#34;&lt;td class=\&#34;col-testId\&#34;&gt;tests/test_additional.py::test_population_data_export&lt;/td&gt;&#34;, &#34;&lt;td class=\&#34;col-duration\&#34;&gt;65 ms&lt;/td&gt;&#34;, &#34;&lt;td class=\&#34;col-links\&#34;&gt;&lt;/td&gt;&#34;], &#34;log&#34;: &#34;No log output captured.&#34;}], &#34;tests/test_additional.py::test_population_statistics&#34;: [{&#34;extras&#34;: [], &#34;result&#34;: &#34;Passed&#34;, &#34;testId&#34;: &#34;tests/test_additional.py::test_population_statistics&#34;, &#34;duration&#34;: &#34;67 ms&#34;, &#34;resultsTableRow&#34;: [&#34;&lt;td class=\&#34;col-result\&#34;&gt;Passed&lt;/td&gt;&#34;, &#34;&lt;td class=\&#34;col-testId\&#34;&gt;tests/test_additional.py::test_population_statistics&lt;/td&gt;&#34;, &#34;&lt;td class=\&#34;col-duration\&#34;&gt;67 ms&lt;/td&gt;&#34;, &#34;&lt;td class=\&#34;col-links\&#34;&gt;&lt;/td&gt;&#34;], &#34;log&#34;: &#34;No log output captured.&#34;}], &#34;tests/test_additional.py::test_area_comparison&#34;: [{&#34;extras&#34;: [], &#34;result&#34;: &#34;Failed&#34;, &#34;testId&#34;: &#34;tests/test_additional.py::test_area_comparison&#34;, &#34;duration&#34;: &#34;65 ms&#34;, &#34;resultsTableRow&#34;: [&#34;&lt;td class=\&#34;col-result\&#34;&gt;Failed&lt;/td&gt;&#34;, &#34;&lt;td class=\&#34;col-testId\&#34;&gt;tests/test_additional.py::test_area_comparison&lt;/td&gt;&#34;, &#34;&lt;td class=\&#34;col-duration\&#34;&gt;65 ms&lt;/td&gt;&#34;, &#34;&lt;td class=\&#34;col-links\&#34;&gt;&lt;/td&gt;&#34;], &#34;log&#34;: &#34;client = &amp;lt;FlaskClient &amp;lt;Flask &amp;#x27;app&amp;#x27;&amp;gt;&amp;gt;, test_user = &amp;lt;User testuser&amp;gt;\n\n    def test_area_comparison(client, test_user):\n        access_token = create_access_token(identity=test_user.username)\n        headers = {&amp;#x27;Authorization&amp;#x27;: f&amp;#x27;Bearer {access_token}&amp;#x27;}\n    \n        response = client.post(&amp;#x27;/api/population/compare&amp;#x27;,\n                              json={&amp;#x27;area1&amp;#x27;: &amp;#x27;Area1&amp;#x27;, &amp;#x27;area2&amp;#x27;: &amp;#x27;Area2&amp;#x27;},\n                              headers=headers)\n&amp;gt;       assert response.status_code == 200\nE       assert 404 == 200\nE        +  where 404 = &amp;lt;WrapperTestResponse streamed [404 NOT FOUND]&amp;gt;.status_code\n\ntests/test_additional.py:115: AssertionError\n&#34;}], &#34;tests/test_additional.py::test_data_validation&#34;: [{&#34;extras&#34;: [], &#34;result&#34;: &#34;Passed&#34;, &#34;testId&#34;: &#34;tests/test_additional.py::test_data_validation&#34;, &#34;duration&#34;: &#34;63 ms&#34;, &#34;resultsTableRow&#34;: [&#34;&lt;td class=\&#34;col-result\&#34;&gt;Passed&lt;/td&gt;&#34;, &#34;&lt;td class=\&#34;col-testId\&#34;&gt;tests/test_additional.py::test_data_validation&lt;/td&gt;&#34;, &#34;&lt;td class=\&#34;col-duration\&#34;&gt;63 ms&lt;/td&gt;&#34;, &#34;&lt;td class=\&#34;col-links\&#34;&gt;&lt;/td&gt;&#34;], &#34;log&#34;: &#34;No log output captured.&#34;}], &#34;tests/test_api.py::test_list_population_data&#34;: [{&#34;extras&#34;: [], &#34;result&#34;: &#34;Failed&#34;, &#34;testId&#34;: &#34;tests/test_api.py::test_list_population_data&#34;, &#34;duration&#34;: &#34;118 ms&#34;, &#34;resultsTableRow&#34;: [&#34;&lt;td class=\&#34;col-result\&#34;&gt;Failed&lt;/td&gt;&#34;, &#34;&lt;td class=\&#34;col-testId\&#34;&gt;tests/test_api.py::test_list_population_data&lt;/td&gt;&#34;, &#34;&lt;td class=\&#34;col-duration\&#34;&gt;118 ms&lt;/td&gt;&#34;, &#34;&lt;td class=\&#34;col-links\&#34;&gt;&lt;/td&gt;&#34;], &#34;log&#34;: &#34;client = &amp;lt;FlaskClient &amp;lt;Flask &amp;#x27;app&amp;#x27;&amp;gt;&amp;gt;\ntest_user = &amp;lt;[DetachedInstanceError(&amp;#x27;Instance &amp;lt;User at 0x117a483d0&amp;gt; is not bound to a Session; attribute refresh operation cannot proceed&amp;#x27;) raised in repr()] User object at 0x117a483d0&amp;gt;\n\n    def test_list_population_data(client, test_user):\n        &amp;quot;&amp;quot;&amp;quot;Test the population data listing endpoint&amp;quot;&amp;quot;&amp;quot;\n        # First authenticate\n        response = client.post(&amp;#x27;/auth/login&amp;#x27;, json={\n            &amp;#x27;username&amp;#x27;: &amp;#x27;testuser&amp;#x27;,\n            &amp;#x27;password&amp;#x27;: &amp;#x27;testpass123&amp;#x27;\n        })\n        token = response.get_json()[&amp;#x27;access_token&amp;#x27;]\n    \n        # Then get population data\n        response = client.get(&amp;#x27;/api/population/list&amp;#x27;,\n            headers={&amp;#x27;Authorization&amp;#x27;: f&amp;#x27;Bearer {token}&amp;#x27;}\n        )\n&amp;gt;       assert response.status_code == 200\nE       assert 404 == 200\nE        +  where 404 = &amp;lt;WrapperTestResponse streamed [404 NOT FOUND]&amp;gt;.status_code\n\ntests/test_api.py:54: AssertionError\n&#34;}], &#34;tests/test_api.py::test_create_population_data&#34;: [{&#34;extras&#34;: [], &#34;result&#34;: &#34;Failed&#34;, &#34;testId&#34;: &#34;tests/test_api.py::test_create_population_data&#34;, &#34;duration&#34;: &#34;119 ms&#34;, &#34;resultsTableRow&#34;: [&#34;&lt;td class=\&#34;col-result\&#34;&gt;Failed&lt;/td&gt;&#34;, &#34;&lt;td class=\&#34;col-testId\&#34;&gt;tests/test_api.py::test_create_population_data&lt;/td&gt;&#34;, &#34;&lt;td class=\&#34;col-duration\&#34;&gt;119 ms&lt;/td&gt;&#34;, &#34;&lt;td class=\&#34;col-links\&#34;&gt;&lt;/td&gt;&#34;], &#34;log&#34;: &#34;client = &amp;lt;FlaskClient &amp;lt;Flask &amp;#x27;app&amp;#x27;&amp;gt;&amp;gt;\ntest_user = &amp;lt;[DetachedInstanceError(&amp;#x27;Instance &amp;lt;User at 0x11725eac0&amp;gt; is not bound to a Session; attribute refresh operation cannot proceed&amp;#x27;) raised in repr()] User object at 0x11725eac0&amp;gt;\n\n    def test_create_population_data(client, test_user):\n        &amp;quot;&amp;quot;&amp;quot;Test the population data creation endpoint&amp;quot;&amp;quot;&amp;quot;\n        # First authenticate\n        response = client.post(&amp;#x27;/auth/login&amp;#x27;, json={\n            &amp;#x27;username&amp;#x27;: &amp;#x27;testuser&amp;#x27;,\n            &amp;#x27;password&amp;#x27;: &amp;#x27;testpass123&amp;#x27;\n        })\n        token = response.get_json()[&amp;#x27;access_token&amp;#x27;]\n    \n        # Then create population data\n        test_data = {\n            &amp;#x27;geographic_area&amp;#x27;: &amp;#x27;New York, NY&amp;#x27;,\n            &amp;#x27;total_population&amp;#x27;: 8000000,\n            &amp;#x27;median_household_income&amp;#x27;: 75000,\n            &amp;#x27;area_square_miles&amp;#x27;: 3000\n        }\n    \n        response = client.post(&amp;#x27;/api/population&amp;#x27;,\n            json=test_data,\n            headers={&amp;#x27;Authorization&amp;#x27;: f&amp;#x27;Bearer {token}&amp;#x27;}\n        )\n&amp;gt;       assert response.status_code == 201\nE       assert 422 == 201\nE        +  where 422 = &amp;lt;WrapperTestResponse streamed [422 UNPROCESSABLE ENTITY]&amp;gt;.status_code\n\ntests/test_api.py:79: AssertionError\n&#34;}], &#34;tests/test_api.py::test_calculate_population_endpoint&#34;: [{&#34;extras&#34;: [], &#34;result&#34;: &#34;Failed&#34;, &#34;testId&#34;: &#34;tests/test_api.py::test_calculate_population_endpoint&#34;, &#34;duration&#34;: &#34;118 ms&#34;, &#34;resultsTableRow&#34;: [&#34;&lt;td class=\&#34;col-result\&#34;&gt;Failed&lt;/td&gt;&#34;, &#34;&lt;td class=\&#34;col-testId\&#34;&gt;tests/test_api.py::test_calculate_population_endpoint&lt;/td&gt;&#34;, &#34;&lt;td class=\&#34;col-duration\&#34;&gt;118 ms&lt;/td&gt;&#34;, &#34;&lt;td class=\&#34;col-links\&#34;&gt;&lt;/td&gt;&#34;], &#34;log&#34;: &#34;client = &amp;lt;FlaskClient &amp;lt;Flask &amp;#x27;app&amp;#x27;&amp;gt;&amp;gt;\ntest_user = &amp;lt;[DetachedInstanceError(&amp;#x27;Instance &amp;lt;User at 0x117a67850&amp;gt; is not bound to a Session; attribute refresh operation cannot proceed&amp;#x27;) raised in repr()] User object at 0x117a67850&amp;gt;\n\n    def test_calculate_population_endpoint(client, test_user):\n        &amp;quot;&amp;quot;&amp;quot;Test the population calculation endpoint&amp;quot;&amp;quot;&amp;quot;\n        # First authenticate\n        response = client.post(&amp;#x27;/auth/login&amp;#x27;, json={\n            &amp;#x27;username&amp;#x27;: &amp;#x27;testuser&amp;#x27;,\n            &amp;#x27;password&amp;#x27;: &amp;#x27;testpass123&amp;#x27;\n        })\n        token = response.get_json()[&amp;#x27;access_token&amp;#x27;]\n    \n        # Test with valid data\n        test_data = {\n            &amp;#x27;geographic_area&amp;#x27;: &amp;#x27;New York, NY&amp;#x27;,\n            &amp;#x27;total_population&amp;#x27;: 8000000,\n            &amp;#x27;median_household_income&amp;#x27;: 75000,\n            &amp;#x27;area_square_miles&amp;#x27;: 3000\n        }\n    \n        response = client.post(&amp;#x27;/api/calculate&amp;#x27;,\n            json=test_data,\n            headers={&amp;#x27;Authorization&amp;#x27;: f&amp;#x27;Bearer {token}&amp;#x27;}\n        )\n        assert response.status_code == 200\n        data = response.get_json()\n&amp;gt;       assert &amp;#x27;message&amp;#x27; in data\nE       AssertionError: assert &amp;#x27;message&amp;#x27; in {&amp;#x27;population_density&amp;#x27;: 2666.6666666666665}\n\ntests/test_api.py:109: AssertionError\n&#34;}], &#34;tests/test_api.py::test_search_locations_endpoint&#34;: [{&#34;extras&#34;: [], &#34;result&#34;: &#34;Failed&#34;, &#34;testId&#34;: &#34;tests/test_api.py::test_search_locations_endpoint&#34;, &#34;duration&#34;: &#34;6 ms&#34;, &#34;resultsTableRow&#34;: [&#34;&lt;td class=\&#34;col-result\&#34;&gt;Failed&lt;/td&gt;&#34;, &#34;&lt;td class=\&#34;col-testId\&#34;&gt;tests/test_api.py::test_search_locations_endpoint&lt;/td&gt;&#34;, &#34;&lt;td class=\&#34;col-duration\&#34;&gt;6 ms&lt;/td&gt;&#34;, &#34;&lt;td class=\&#34;col-links\&#34;&gt;&lt;/td&gt;&#34;], &#34;log&#34;: &#34;client = &amp;lt;FlaskClient &amp;lt;Flask &amp;#x27;app&amp;#x27;&amp;gt;&amp;gt;\n\n    def test_search_locations_endpoint(client):\n        &amp;quot;&amp;quot;&amp;quot;Test the search locations endpoint&amp;quot;&amp;quot;&amp;quot;\n        # Test with valid query\n        response = client.get(&amp;#x27;/api/search?q=New York&amp;#x27;)\n        assert response.status_code == 200\n        data = response.get_json()\n&amp;gt;       assert isinstance(data, list)\nE       AssertionError: assert False\nE        +  where False = isinstance({&amp;#x27;query&amp;#x27;: &amp;#x27;New York&amp;#x27;, &amp;#x27;results&amp;#x27;: [{&amp;#x27;name&amp;#x27;: &amp;#x27;New York, NY&amp;#x27;, &amp;#x27;population&amp;#x27;: 8400000}, {&amp;#x27;name&amp;#x27;: &amp;#x27;New York Mills, NY&amp;#x27;, &amp;#x27;population&amp;#x27;: 3300}, {&amp;#x27;name&amp;#x27;: &amp;#x27;New York Mills, MN&amp;#x27;, &amp;#x27;population&amp;#x27;: 1200}]}, list)\n\ntests/test_api.py:127: AssertionError\n&#34;}], &#34;tests/test_api.py::test_area_details_endpoint&#34;: [{&#34;extras&#34;: [], &#34;result&#34;: &#34;Failed&#34;, &#34;testId&#34;: &#34;tests/test_api.py::test_area_details_endpoint&#34;, &#34;duration&#34;: &#34;7 ms&#34;, &#34;resultsTableRow&#34;: [&#34;&lt;td class=\&#34;col-result\&#34;&gt;Failed&lt;/td&gt;&#34;, &#34;&lt;td class=\&#34;col-testId\&#34;&gt;tests/test_api.py::test_area_details_endpoint&lt;/td&gt;&#34;, &#34;&lt;td class=\&#34;col-duration\&#34;&gt;7 ms&lt;/td&gt;&#34;, &#34;&lt;td class=\&#34;col-links\&#34;&gt;&lt;/td&gt;&#34;], &#34;log&#34;: &#34;client = &amp;lt;FlaskClient &amp;lt;Flask &amp;#x27;app&amp;#x27;&amp;gt;&amp;gt;\n\n    def test_area_details_endpoint(client):\n        &amp;quot;&amp;quot;&amp;quot;Test the area details endpoint&amp;quot;&amp;quot;&amp;quot;\n        # Test with valid area\n        response = client.get(&amp;#x27;/api/areas/New York, NY&amp;#x27;)\n&amp;gt;       assert response.status_code == 200\nE       assert 401 == 200\nE        +  where 401 = &amp;lt;WrapperTestResponse streamed [401 UNAUTHORIZED]&amp;gt;.status_code\n\ntests/test_api.py:139: AssertionError\n&#34;}], &#34;tests/test_api.py::test_census_calculate_endpoint&#34;: [{&#34;extras&#34;: [], &#34;result&#34;: &#34;Failed&#34;, &#34;testId&#34;: &#34;tests/test_api.py::test_census_calculate_endpoint&#34;, &#34;duration&#34;: &#34;6 ms&#34;, &#34;resultsTableRow&#34;: [&#34;&lt;td class=\&#34;col-result\&#34;&gt;Failed&lt;/td&gt;&#34;, &#34;&lt;td class=\&#34;col-testId\&#34;&gt;tests/test_api.py::test_census_calculate_endpoint&lt;/td&gt;&#34;, &#34;&lt;td class=\&#34;col-duration\&#34;&gt;6 ms&lt;/td&gt;&#34;, &#34;&lt;td class=\&#34;col-links\&#34;&gt;&lt;/td&gt;&#34;], &#34;log&#34;: &#34;client = &amp;lt;FlaskClient &amp;lt;Flask &amp;#x27;app&amp;#x27;&amp;gt;&amp;gt;\n\n    def test_census_calculate_endpoint(client):\n        &amp;quot;&amp;quot;&amp;quot;Test the census-based calculation endpoint&amp;quot;&amp;quot;&amp;quot;\n        # Test with valid data\n        test_data = {\n            &amp;#x27;geographic_area&amp;#x27;: &amp;#x27;New York, NY&amp;#x27;,\n            &amp;#x27;year&amp;#x27;: 2020\n        }\n        response = client.post(&amp;#x27;/api/census/calculate&amp;#x27;, json=test_data)\n&amp;gt;       assert response.status_code == 200\nE       assert 401 == 200\nE        +  where 401 = &amp;lt;WrapperTestResponse streamed [401 UNAUTHORIZED]&amp;gt;.status_code\n\ntests/test_api.py:157: AssertionError\n&#34;}], &#34;tests/test_api.py::test_authentication_required&#34;: [{&#34;extras&#34;: [], &#34;result&#34;: &#34;Failed&#34;, &#34;testId&#34;: &#34;tests/test_api.py::test_authentication_required&#34;, &#34;duration&#34;: &#34;6 ms&#34;, &#34;resultsTableRow&#34;: [&#34;&lt;td class=\&#34;col-result\&#34;&gt;Failed&lt;/td&gt;&#34;, &#34;&lt;td class=\&#34;col-testId\&#34;&gt;tests/test_api.py::test_authentication_required&lt;/td&gt;&#34;, &#34;&lt;td class=\&#34;col-duration\&#34;&gt;6 ms&lt;/td&gt;&#34;, &#34;&lt;td class=\&#34;col-links\&#34;&gt;&lt;/td&gt;&#34;], &#34;log&#34;: &#34;client = &amp;lt;FlaskClient &amp;lt;Flask &amp;#x27;app&amp;#x27;&amp;gt;&amp;gt;\n\n    def test_authentication_required(client):\n        &amp;quot;&amp;quot;&amp;quot;Test that authentication is required for protected endpoints&amp;quot;&amp;quot;&amp;quot;\n        response = client.get(&amp;#x27;/api/protected&amp;#x27;)\n&amp;gt;       assert response.status_code == 401\nE       assert 404 == 401\nE        +  where 404 = &amp;lt;WrapperTestResponse streamed [404 NOT FOUND]&amp;gt;.status_code\n\ntests/test_api.py:170: AssertionError\n&#34;}], &#34;tests/test_api.py::test_rate_limiting&#34;: [{&#34;extras&#34;: [], &#34;result&#34;: &#34;Failed&#34;, &#34;testId&#34;: &#34;tests/test_api.py::test_rate_limiting&#34;, &#34;duration&#34;: &#34;23 ms&#34;, &#34;resultsTableRow&#34;: [&#34;&lt;td class=\&#34;col-result\&#34;&gt;Failed&lt;/td&gt;&#34;, &#34;&lt;td class=\&#34;col-testId\&#34;&gt;tests/test_api.py::test_rate_limiting&lt;/td&gt;&#34;, &#34;&lt;td class=\&#34;col-duration\&#34;&gt;23 ms&lt;/td&gt;&#34;, &#34;&lt;td class=\&#34;col-links\&#34;&gt;&lt;/td&gt;&#34;], &#34;log&#34;: &#34;client = &amp;lt;FlaskClient &amp;lt;Flask &amp;#x27;app&amp;#x27;&amp;gt;&amp;gt;\n\n    def test_rate_limiting(client):\n        &amp;quot;&amp;quot;&amp;quot;Test rate limiting on API endpoints&amp;quot;&amp;quot;&amp;quot;\n        for _ in range(100):  # Make 100 requests\n            response = client.get(&amp;#x27;/api/search?q=test&amp;#x27;)\n            if response.status_code == 429:  # Rate limit exceeded\n                break\n&amp;gt;       assert response.status_code == 429\nE       assert 200 == 429\nE        +  where 200 = &amp;lt;WrapperTestResponse streamed [200 OK]&amp;gt;.status_code\n\ntests/test_api.py:180: AssertionError\n&#34;}], &#34;tests/test_api.py::test_error_handling&#34;: [{&#34;extras&#34;: [], &#34;result&#34;: &#34;Failed&#34;, &#34;testId&#34;: &#34;tests/test_api.py::test_error_handling&#34;, &#34;duration&#34;: &#34;6 ms&#34;, &#34;resultsTableRow&#34;: [&#34;&lt;td class=\&#34;col-result\&#34;&gt;Failed&lt;/td&gt;&#34;, &#34;&lt;td class=\&#34;col-testId\&#34;&gt;tests/test_api.py::test_error_handling&lt;/td&gt;&#34;, &#34;&lt;td class=\&#34;col-duration\&#34;&gt;6 ms&lt;/td&gt;&#34;, &#34;&lt;td class=\&#34;col-links\&#34;&gt;&lt;/td&gt;&#34;], &#34;log&#34;: &#34;client = &amp;lt;FlaskClient &amp;lt;Flask &amp;#x27;app&amp;#x27;&amp;gt;&amp;gt;\n\n    def test_error_handling(client):\n        &amp;quot;&amp;quot;&amp;quot;Test error handling for invalid JSON and missing required fields&amp;quot;&amp;quot;&amp;quot;\n        # Test invalid JSON\n        response = client.post(&amp;#x27;/api/calculate&amp;#x27;, data=&amp;#x27;invalid json&amp;#x27;)\n&amp;gt;       assert response.status_code == 400\nE       assert 401 == 400\nE        +  where 401 = &amp;lt;WrapperTestResponse streamed [401 UNAUTHORIZED]&amp;gt;.status_code\n\ntests/test_api.py:188: AssertionError\n&#34;}], &#34;tests/test_api.py::test_pagination&#34;: [{&#34;extras&#34;: [], &#34;result&#34;: &#34;Failed&#34;, &#34;testId&#34;: &#34;tests/test_api.py::test_pagination&#34;, &#34;duration&#34;: &#34;6 ms&#34;, &#34;resultsTableRow&#34;: [&#34;&lt;td class=\&#34;col-result\&#34;&gt;Failed&lt;/td&gt;&#34;, &#34;&lt;td class=\&#34;col-testId\&#34;&gt;tests/test_api.py::test_pagination&lt;/td&gt;&#34;, &#34;&lt;td class=\&#34;col-duration\&#34;&gt;6 ms&lt;/td&gt;&#34;, &#34;&lt;td class=\&#34;col-links\&#34;&gt;&lt;/td&gt;&#34;], &#34;log&#34;: &#34;client = &amp;lt;FlaskClient &amp;lt;Flask &amp;#x27;app&amp;#x27;&amp;gt;&amp;gt;\n\n    def test_pagination(client):\n        &amp;quot;&amp;quot;&amp;quot;Test pagination in API endpoints&amp;quot;&amp;quot;&amp;quot;\n        response = client.get(&amp;#x27;/api/population?page=1&amp;amp;per_page=10&amp;#x27;)\n&amp;gt;       assert response.status_code == 200\nE       assert 401 == 200\nE        +  where 401 = &amp;lt;WrapperTestResponse streamed [401 UNAUTHORIZED]&amp;gt;.status_code\n\ntests/test_api.py:201: AssertionError\n&#34;}], &#34;tests/test_api.py::test_sorting_and_filtering&#34;: [{&#34;extras&#34;: [], &#34;result&#34;: &#34;Failed&#34;, &#34;testId&#34;: &#34;tests/test_api.py::test_sorting_and_filtering&#34;, &#34;duration&#34;: &#34;6 ms&#34;, &#34;resultsTableRow&#34;: [&#34;&lt;td class=\&#34;col-result\&#34;&gt;Failed&lt;/td&gt;&#34;, &#34;&lt;td class=\&#34;col-testId\&#34;&gt;tests/test_api.py::test_sorting_and_filtering&lt;/td&gt;&#34;, &#34;&lt;td class=\&#34;col-duration\&#34;&gt;6 ms&lt;/td&gt;&#34;, &#34;&lt;td class=\&#34;col-links\&#34;&gt;&lt;/td&gt;&#34;], &#34;log&#34;: &#34;client = &amp;lt;FlaskClient &amp;lt;Flask &amp;#x27;app&amp;#x27;&amp;gt;&amp;gt;\n\n    def test_sorting_and_filtering(client):\n        &amp;quot;&amp;quot;&amp;quot;Test sorting and filtering in API endpoints&amp;quot;&amp;quot;&amp;quot;\n        response = client.get(&amp;#x27;/api/population?sort=population&amp;amp;order=desc&amp;amp;filter=New York&amp;#x27;)\n&amp;gt;       assert response.status_code == 200\nE       assert 401 == 200\nE        +  where 401 = &amp;lt;WrapperTestResponse streamed [401 UNAUTHORIZED]&amp;gt;.status_code\n\ntests/test_api.py:210: AssertionError\n&#34;}], &#34;tests/test_app.py::test_home_route&#34;: [{&#34;extras&#34;: [], &#34;result&#34;: &#34;Passed&#34;, &#34;testId&#34;: &#34;tests/test_app.py::test_home_route&#34;, &#34;duration&#34;: &#34;1 ms&#34;, &#34;resultsTableRow&#34;: [&#34;&lt;td class=\&#34;col-result\&#34;&gt;Passed&lt;/td&gt;&#34;, &#34;&lt;td class=\&#34;col-testId\&#34;&gt;tests/test_app.py::test_home_route&lt;/td&gt;&#34;, &#34;&lt;td class=\&#34;col-duration\&#34;&gt;1 ms&lt;/td&gt;&#34;, &#34;&lt;td class=\&#34;col-links\&#34;&gt;&lt;/td&gt;&#34;], &#34;log&#34;: &#34;No log output captured.&#34;}], &#34;tests/test_app.py::test_map_route&#34;: [{&#34;extras&#34;: [], &#34;result&#34;: &#34;Failed&#34;, &#34;testId&#34;: &#34;tests/test_app.py::test_map_route&#34;, &#34;duration&#34;: &#34;1 ms&#34;, &#34;resultsTableRow&#34;: [&#34;&lt;td class=\&#34;col-result\&#34;&gt;Failed&lt;/td&gt;&#34;, &#34;&lt;td class=\&#34;col-testId\&#34;&gt;tests/test_app.py::test_map_route&lt;/td&gt;&#34;, &#34;&lt;td class=\&#34;col-duration\&#34;&gt;1 ms&lt;/td&gt;&#34;, &#34;&lt;td class=\&#34;col-links\&#34;&gt;&lt;/td&gt;&#34;], &#34;log&#34;: &#34;client = &amp;lt;FlaskClient &amp;lt;Flask &amp;#x27;app&amp;#x27;&amp;gt;&amp;gt;\n\n    def test_map_route(client):\n        &amp;quot;&amp;quot;&amp;quot;Test the map route&amp;quot;&amp;quot;&amp;quot;\n&amp;gt;       response = client.get(&amp;#x27;/map&amp;#x27;)\n\ntests/test_app.py:20: \n_ _ _ _ _ _ _ _ _ _ _ _ _ _ _ _ _ _ _ _ _ _ _ _ _ _ _ _ _ _ _ _ _ _ _ _ _ _ _ _ _ _ _ _ _ _ _ _ _ _ _ _ _ _ \nvenv/lib/python3.9/site-packages/werkzeug/test.py:1162: in get\n    return self.open(*args, **kw)\nvenv/lib/python3.9/site-packages/flask/testing.py:234: in open\n    response = super().open(\nvenv/lib/python3.9/site-packages/werkzeug/test.py:1116: in open\n    response_parts = self.run_wsgi_app(request.environ, buffered=buffered)\nvenv/lib/python3.9/site-packages/werkzeug/test.py:988: in run_wsgi_app\n    rv = run_wsgi_app(self.application, environ, buffered=buffered)\nvenv/lib/python3.9/site-packages/werkzeug/test.py:1264: in run_wsgi_app\n    app_rv = app(environ, start_response)\nvenv/lib/python3.9/site-packages/flask/app.py:1536: in __call__\n    return self.wsgi_app(environ, start_response)\nvenv/lib/python3.9/site-packages/flask/app.py:1514: in wsgi_app\n    response = self.handle_exception(e)\nvenv/lib/python3.9/site-packages/flask/app.py:1511: in wsgi_app\n    response = self.full_dispatch_request()\nvenv/lib/python3.9/site-packages/flask/app.py:919: in full_dispatch_request\n    rv = self.handle_user_exception(e)\nvenv/lib/python3.9/site-packages/flask/app.py:917: in full_dispatch_request\n    rv = self.dispatch_request()\nvenv/lib/python3.9/site-packages/flask/app.py:902: in dispatch_request\n    return self.ensure_sync(self.view_functions[rule.endpoint])(**view_args)  # type: ignore[no-any-return]\napp/main/routes.py:13: in map\n    return render_template(&amp;#x27;map.html&amp;#x27;)\nvenv/lib/python3.9/site-packages/flask/templating.py:150: in render_template\n    return _render(app, template, context)\nvenv/lib/python3.9/site-packages/flask/templating.py:131: in _render\n    rv = template.render(context)\nvenv/lib/python3.9/site-packages/jinja2/environment.py:1295: in render\n    self.environment.handle_exception()\nvenv/lib/python3.9/site-packages/jinja2/environment.py:942: in handle_exception\n    raise rewrite_traceback_stack(source=source)\napp/templates/map.html:1: in top-level template code\n    {% extends &amp;quot;base.html&amp;quot; %}\napp/templates/base.html:17: in top-level template code\n    {% if current_user.is_authenticated %}\n_ _ _ _ _ _ _ _ _ _ _ _ _ _ _ _ _ _ _ _ _ _ _ _ _ _ _ _ _ _ _ _ _ _ _ _ _ _ _ _ _ _ _ _ _ _ _ _ _ _ _ _ _ _ \n\nself = &amp;lt;flask.templating.Environment object at 0x1170296a0&amp;gt;, obj = Undefined, attribute = &amp;#x27;is_authenticated&amp;#x27;\n\n    def getattr(self, obj: t.Any, attribute: str) -&amp;gt; t.Any:\n        &amp;quot;&amp;quot;&amp;quot;Get an item or attribute of an object but prefer the attribute.\n        Unlike :meth:`getitem` the attribute *must* be a string.\n        &amp;quot;&amp;quot;&amp;quot;\n        try:\n&amp;gt;           return getattr(obj, attribute)\nE           jinja2.exceptions.UndefinedError: &amp;#x27;current_user&amp;#x27; is undefined\n\nvenv/lib/python3.9/site-packages/jinja2/environment.py:490: UndefinedError\n&#34;}], &#34;tests/test_app.py::test_upload_route_get&#34;: [{&#34;extras&#34;: [], &#34;result&#34;: &#34;Failed&#34;, &#34;testId&#34;: &#34;tests/test_app.py::test_upload_route_get&#34;, &#34;duration&#34;: &#34;1 ms&#34;, &#34;resultsTableRow&#34;: [&#34;&lt;td class=\&#34;col-result\&#34;&gt;Failed&lt;/td&gt;&#34;, &#34;&lt;td class=\&#34;col-testId\&#34;&gt;tests/test_app.py::test_upload_route_get&lt;/td&gt;&#34;, &#34;&lt;td class=\&#34;col-duration\&#34;&gt;1 ms&lt;/td&gt;&#34;, &#34;&lt;td class=\&#34;col-links\&#34;&gt;&lt;/td&gt;&#34;], &#34;log&#34;: &#34;client = &amp;lt;FlaskClient &amp;lt;Flask &amp;#x27;app&amp;#x27;&amp;gt;&amp;gt;\n\n    def test_upload_route_get(client):\n        &amp;quot;&amp;quot;&amp;quot;Test the upload route GET method&amp;quot;&amp;quot;&amp;quot;\n&amp;gt;       response = client.get(&amp;#x27;/upload&amp;#x27;)\n\ntests/test_app.py:26: \n_ _ _ _ _ _ _ _ _ _ _ _ _ _ _ _ _ _ _ _ _ _ _ _ _ _ _ _ _ _ _ _ _ _ _ _ _ _ _ _ _ _ _ _ _ _ _ _ _ _ _ _ _ _ \nvenv/lib/python3.9/site-packages/werkzeug/test.py:1162: in get\n    return self.open(*args, **kw)\nvenv/lib/python3.9/site-packages/flask/testing.py:234: in open\n    response = super().open(\nvenv/lib/python3.9/site-packages/werkzeug/test.py:1116: in open\n    response_parts = self.run_wsgi_app(request.environ, buffered=buffered)\nvenv/lib/python3.9/site-packages/werkzeug/test.py:988: in run_wsgi_app\n    rv = run_wsgi_app(self.application, environ, buffered=buffered)\nvenv/lib/python3.9/site-packages/werkzeug/test.py:1264: in run_wsgi_app\n    app_rv = app(environ, start_response)\nvenv/lib/python3.9/site-packages/flask/app.py:1536: in __call__\n    return self.wsgi_app(environ, start_response)\nvenv/lib/python3.9/site-packages/flask/app.py:1514: in wsgi_app\n    response = self.handle_exception(e)\nvenv/lib/python3.9/site-packages/flask/app.py:1511: in wsgi_app\n    response = self.full_dispatch_request()\nvenv/lib/python3.9/site-packages/flask/app.py:919: in full_dispatch_request\n    rv = self.handle_user_exception(e)\nvenv/lib/python3.9/site-packages/flask/app.py:917: in full_dispatch_request\n    rv = self.dispatch_request()\nvenv/lib/python3.9/site-packages/flask/app.py:902: in dispatch_request\n    return self.ensure_sync(self.view_functions[rule.endpoint])(**view_args)  # type: ignore[no-any-return]\napp/main/routes.py:29: in upload\n    return render_template(&amp;#x27;upload.html&amp;#x27;)\nvenv/lib/python3.9/site-packages/flask/templating.py:150: in render_template\n    return _render(app, template, context)\nvenv/lib/python3.9/site-packages/flask/templating.py:131: in _render\n    rv = template.render(context)\nvenv/lib/python3.9/site-packages/jinja2/environment.py:1295: in render\n    self.environment.handle_exception()\nvenv/lib/python3.9/site-packages/jinja2/environment.py:942: in handle_exception\n    raise rewrite_traceback_stack(source=source)\napp/templates/upload.html:1: in top-level template code\n    {% extends &amp;quot;base.html&amp;quot; %}\napp/templates/base.html:17: in top-level template code\n    {% if current_user.is_authenticated %}\n_ _ _ _ _ _ _ _ _ _ _ _ _ _ _ _ _ _ _ _ _ _ _ _ _ _ _ _ _ _ _ _ _ _ _ _ _ _ _ _ _ _ _ _ _ _ _ _ _ _ _ _ _ _ \n\nself = &amp;lt;flask.templating.Environment object at 0x1170296a0&amp;gt;, obj = Undefined, attribute = &amp;#x27;is_authenticated&amp;#x27;\n\n    def getattr(self, obj: t.Any, attribute: str) -&amp;gt; t.Any:\n        &amp;quot;&amp;quot;&amp;quot;Get an item or attribute of an object but prefer the attribute.\n        Unlike :meth:`getitem` the attribute *must* be a string.\n        &amp;quot;&amp;quot;&amp;quot;\n        try:\n&amp;gt;           return getattr(obj, attribute)\nE           jinja2.exceptions.UndefinedError: &amp;#x27;current_user&amp;#x27; is undefined\n\nvenv/lib/python3.9/site-packages/jinja2/environment.py:490: UndefinedError\n&#34;}], &#34;tests/test_app.py::test_population_data_api&#34;: [{&#34;extras&#34;: [], &#34;result&#34;: &#34;Failed&#34;, &#34;testId&#34;: &#34;tests/test_app.py::test_population_data_api&#34;, &#34;duration&#34;: &#34;1 ms&#34;, &#34;resultsTableRow&#34;: [&#34;&lt;td class=\&#34;col-result\&#34;&gt;Failed&lt;/td&gt;&#34;, &#34;&lt;td class=\&#34;col-testId\&#34;&gt;tests/test_app.py::test_population_data_api&lt;/td&gt;&#34;, &#34;&lt;td class=\&#34;col-duration\&#34;&gt;1 ms&lt;/td&gt;&#34;, &#34;&lt;td class=\&#34;col-links\&#34;&gt;&lt;/td&gt;&#34;], &#34;log&#34;: &#34;client = &amp;lt;FlaskClient &amp;lt;Flask &amp;#x27;app&amp;#x27;&amp;gt;&amp;gt;\n\n    def test_population_data_api(client):\n        &amp;quot;&amp;quot;&amp;quot;Test the population data API endpoint&amp;quot;&amp;quot;&amp;quot;\n        response = client.get(&amp;#x27;/api/population-data&amp;#x27;)\n&amp;gt;       assert response.status_code == 200\nE       assert 404 == 200\nE        +  where 404 = &amp;lt;WrapperTestResponse streamed [404 NOT FOUND]&amp;gt;.status_code\n\ntests/test_app.py:33: AssertionError\n&#34;}], &#34;tests/test_app.py::test_search_locations_api&#34;: [{&#34;extras&#34;: [], &#34;result&#34;: &#34;Failed&#34;, &#34;testId&#34;: &#34;tests/test_app.py::test_search_locations_api&#34;, &#34;duration&#34;: &#34;1 ms&#34;, &#34;resultsTableRow&#34;: [&#34;&lt;td class=\&#34;col-result\&#34;&gt;Failed&lt;/td&gt;&#34;, &#34;&lt;td class=\&#34;col-testId\&#34;&gt;tests/test_app.py::test_search_locations_api&lt;/td&gt;&#34;, &#34;&lt;td class=\&#34;col-duration\&#34;&gt;1 ms&lt;/td&gt;&#34;, &#34;&lt;td class=\&#34;col-links\&#34;&gt;&lt;/td&gt;&#34;], &#34;log&#34;: &#34;client = &amp;lt;FlaskClient &amp;lt;Flask &amp;#x27;app&amp;#x27;&amp;gt;&amp;gt;\n\n    def test_search_locations_api(client):\n        &amp;quot;&amp;quot;&amp;quot;Test the search locations API endpoint&amp;quot;&amp;quot;&amp;quot;\n        response = client.get(&amp;#x27;/api/search-locations?q=new york&amp;#x27;)\n&amp;gt;       assert response.status_code == 200\nE       assert 404 == 200\nE        +  where 404 = &amp;lt;WrapperTestResponse streamed [404 NOT FOUND]&amp;gt;.status_code\n\ntests/test_app.py:40: AssertionError\n&#34;}], &#34;tests/test_app.py::test_calculate_population_api&#34;: [{&#34;extras&#34;: [], &#34;result&#34;: &#34;Failed&#34;, &#34;testId&#34;: &#34;tests/test_app.py::test_calculate_population_api&#34;, &#34;duration&#34;: &#34;1 ms&#34;, &#34;resultsTableRow&#34;: [&#34;&lt;td class=\&#34;col-result\&#34;&gt;Failed&lt;/td&gt;&#34;, &#34;&lt;td class=\&#34;col-testId\&#34;&gt;tests/test_app.py::test_calculate_population_api&lt;/td&gt;&#34;, &#34;&lt;td class=\&#34;col-duration\&#34;&gt;1 ms&lt;/td&gt;&#34;, &#34;&lt;td class=\&#34;col-links\&#34;&gt;&lt;/td&gt;&#34;], &#34;log&#34;: &#34;client = &amp;lt;FlaskClient &amp;lt;Flask &amp;#x27;app&amp;#x27;&amp;gt;&amp;gt;\n\n    def test_calculate_population_api(client):\n        &amp;quot;&amp;quot;&amp;quot;Test the population calculation API endpoint&amp;quot;&amp;quot;&amp;quot;\n        test_data = {\n            &amp;#x27;area_relationships&amp;#x27;: [\n                {&amp;#x27;area&amp;#x27;: &amp;#x27;New York&amp;#x27;, &amp;#x27;percentage&amp;#x27;: 50},\n                {&amp;#x27;area&amp;#x27;: &amp;#x27;Los Angeles&amp;#x27;, &amp;#x27;percentage&amp;#x27;: 50}\n            ]\n        }\n        response = client.post(&amp;#x27;/api/calculate-population&amp;#x27;,\n                              data=json.dumps(test_data),\n                              content_type=&amp;#x27;application/json&amp;#x27;)\n&amp;gt;       assert response.status_code == 200\nE       assert 404 == 200\nE        +  where 404 = &amp;lt;WrapperTestResponse streamed [404 NOT FOUND]&amp;gt;.status_code\n\ntests/test_app.py:55: AssertionError\n&#34;}], &#34;tests/test_app.py::test_area_details_api&#34;: [{&#34;extras&#34;: [], &#34;result&#34;: &#34;Failed&#34;, &#34;testId&#34;: &#34;tests/test_app.py::test_area_details_api&#34;, &#34;duration&#34;: &#34;1 ms&#34;, &#34;resultsTableRow&#34;: [&#34;&lt;td class=\&#34;col-result\&#34;&gt;Failed&lt;/td&gt;&#34;, &#34;&lt;td class=\&#34;col-testId\&#34;&gt;tests/test_app.py::test_area_details_api&lt;/td&gt;&#34;, &#34;&lt;td class=\&#34;col-duration\&#34;&gt;1 ms&lt;/td&gt;&#34;, &#34;&lt;td class=\&#34;col-links\&#34;&gt;&lt;/td&gt;&#34;], &#34;log&#34;: &#34;client = &amp;lt;FlaskClient &amp;lt;Flask &amp;#x27;app&amp;#x27;&amp;gt;&amp;gt;\n\n    def test_area_details_api(client):\n        &amp;quot;&amp;quot;&amp;quot;Test the area details API endpoint&amp;quot;&amp;quot;&amp;quot;\n        response = client.get(&amp;#x27;/api/area-details/New York&amp;#x27;)\n&amp;gt;       assert response.status_code == 200\nE       assert 404 == 200\nE        +  where 404 = &amp;lt;WrapperTestResponse streamed [404 NOT FOUND]&amp;gt;.status_code\n\ntests/test_app.py:63: AssertionError\n&#34;}], &#34;tests/test_app.py::test_census_calculate_api&#34;: [{&#34;extras&#34;: [], &#34;result&#34;: &#34;Failed&#34;, &#34;testId&#34;: &#34;tests/test_app.py::test_census_calculate_api&#34;, &#34;duration&#34;: &#34;1 ms&#34;, &#34;resultsTableRow&#34;: [&#34;&lt;td class=\&#34;col-result\&#34;&gt;Failed&lt;/td&gt;&#34;, &#34;&lt;td class=\&#34;col-testId\&#34;&gt;tests/test_app.py::test_census_calculate_api&lt;/td&gt;&#34;, &#34;&lt;td class=\&#34;col-duration\&#34;&gt;1 ms&lt;/td&gt;&#34;, &#34;&lt;td class=\&#34;col-links\&#34;&gt;&lt;/td&gt;&#34;], &#34;log&#34;: &#34;client = &amp;lt;FlaskClient &amp;lt;Flask &amp;#x27;app&amp;#x27;&amp;gt;&amp;gt;\n\n    def test_census_calculate_api(client):\n        &amp;quot;&amp;quot;&amp;quot;Test the census-based calculation API endpoint&amp;quot;&amp;quot;&amp;quot;\n        test_data = {\n            &amp;#x27;area_relationships&amp;#x27;: [\n                {&amp;#x27;area&amp;#x27;: &amp;#x27;New York&amp;#x27;, &amp;#x27;percentage&amp;#x27;: 50},\n                {&amp;#x27;area&amp;#x27;: &amp;#x27;Los Angeles&amp;#x27;, &amp;#x27;percentage&amp;#x27;: 50}\n            ]\n        }\n        response = client.post(&amp;#x27;/api/census-calculate&amp;#x27;,\n                              data=json.dumps(test_data),\n                              content_type=&amp;#x27;application/json&amp;#x27;)\n&amp;gt;       assert response.status_code == 200\nE       assert 404 == 200\nE        +  where 404 = &amp;lt;WrapperTestResponse streamed [404 NOT FOUND]&amp;gt;.status_code\n\ntests/test_app.py:78: AssertionError\n&#34;}], &#34;tests/test_app.py::test_invalid_route&#34;: [{&#34;extras&#34;: [], &#34;result&#34;: &#34;Passed&#34;, &#34;testId&#34;: &#34;tests/test_app.py::test_invalid_route&#34;, &#34;duration&#34;: &#34;1 ms&#34;, &#34;resultsTableRow&#34;: [&#34;&lt;td class=\&#34;col-result\&#34;&gt;Passed&lt;/td&gt;&#34;, &#34;&lt;td class=\&#34;col-testId\&#34;&gt;tests/test_app.py::test_invalid_route&lt;/td&gt;&#34;, &#34;&lt;td class=\&#34;col-duration\&#34;&gt;1 ms&lt;/td&gt;&#34;, &#34;&lt;td class=\&#34;col-links\&#34;&gt;&lt;/td&gt;&#34;], &#34;log&#34;: &#34;No log output captured.&#34;}], &#34;tests/test_app.py::test_invalid_api_request&#34;: [{&#34;extras&#34;: [], &#34;result&#34;: &#34;Failed&#34;, &#34;testId&#34;: &#34;tests/test_app.py::test_invalid_api_request&#34;, &#34;duration&#34;: &#34;1 ms&#34;, &#34;resultsTableRow&#34;: [&#34;&lt;td class=\&#34;col-result\&#34;&gt;Failed&lt;/td&gt;&#34;, &#34;&lt;td class=\&#34;col-testId\&#34;&gt;tests/test_app.py::test_invalid_api_request&lt;/td&gt;&#34;, &#34;&lt;td class=\&#34;col-duration\&#34;&gt;1 ms&lt;/td&gt;&#34;, &#34;&lt;td class=\&#34;col-links\&#34;&gt;&lt;/td&gt;&#34;], &#34;log&#34;: &#34;client = &amp;lt;FlaskClient &amp;lt;Flask &amp;#x27;app&amp;#x27;&amp;gt;&amp;gt;\n\n    def test_invalid_api_request(client):\n        &amp;quot;&amp;quot;&amp;quot;Test handling of invalid API requests&amp;quot;&amp;quot;&amp;quot;\n        response = client.post(&amp;#x27;/api/calculate-population&amp;#x27;,\n                              data=&amp;#x27;invalid json&amp;#x27;,\n                              content_type=&amp;#x27;application/json&amp;#x27;)\n&amp;gt;       assert response.status_code == 400\nE       assert 404 == 400\nE        +  where 404 = &amp;lt;WrapperTestResponse streamed [404 NOT FOUND]&amp;gt;.status_code\n\ntests/test_app.py:95: AssertionError\n&#34;}], &#34;tests/test_app.py::test_search_location_api&#34;: [{&#34;extras&#34;: [], &#34;result&#34;: &#34;Failed&#34;, &#34;testId&#34;: &#34;tests/test_app.py::test_search_location_api&#34;, &#34;duration&#34;: &#34;1 ms&#34;, &#34;resultsTableRow&#34;: [&#34;&lt;td class=\&#34;col-result\&#34;&gt;Failed&lt;/td&gt;&#34;, &#34;&lt;td class=\&#34;col-testId\&#34;&gt;tests/test_app.py::test_search_location_api&lt;/td&gt;&#34;, &#34;&lt;td class=\&#34;col-duration\&#34;&gt;1 ms&lt;/td&gt;&#34;, &#34;&lt;td class=\&#34;col-links\&#34;&gt;&lt;/td&gt;&#34;], &#34;log&#34;: &#34;client = &amp;lt;FlaskClient &amp;lt;Flask &amp;#x27;app&amp;#x27;&amp;gt;&amp;gt;\n\n    def test_search_location_api(client):\n        &amp;quot;&amp;quot;&amp;quot;Test the search location API endpoint&amp;quot;&amp;quot;&amp;quot;\n        response = client.get(&amp;#x27;/api/search-location?q=new york&amp;#x27;)\n&amp;gt;       assert response.status_code == 200\nE       assert 404 == 200\nE        +  where 404 = &amp;lt;WrapperTestResponse streamed [404 NOT FOUND]&amp;gt;.status_code\n\ntests/test_app.py:100: AssertionError\n&#34;}], &#34;tests/test_app.py::test_states_api&#34;: [{&#34;extras&#34;: [], &#34;result&#34;: &#34;Failed&#34;, &#34;testId&#34;: &#34;tests/test_app.py::test_states_api&#34;, &#34;duration&#34;: &#34;1 ms&#34;, &#34;resultsTableRow&#34;: [&#34;&lt;td class=\&#34;col-result\&#34;&gt;Failed&lt;/td&gt;&#34;, &#34;&lt;td class=\&#34;col-testId\&#34;&gt;tests/test_app.py::test_states_api&lt;/td&gt;&#34;, &#34;&lt;td class=\&#34;col-duration\&#34;&gt;1 ms&lt;/td&gt;&#34;, &#34;&lt;td class=\&#34;col-links\&#34;&gt;&lt;/td&gt;&#34;], &#34;log&#34;: &#34;client = &amp;lt;FlaskClient &amp;lt;Flask &amp;#x27;app&amp;#x27;&amp;gt;&amp;gt;\n\n    def test_states_api(client):\n        &amp;quot;&amp;quot;&amp;quot;Test the states API endpoint&amp;quot;&amp;quot;&amp;quot;\n        response = client.get(&amp;#x27;/api/states&amp;#x27;)\n&amp;gt;       assert response.status_code == 200\nE       assert 404 == 200\nE        +  where 404 = &amp;lt;WrapperTestResponse streamed [404 NOT FOUND]&amp;gt;.status_code\n\ntests/test_app.py:110: AssertionError\n&#34;}], &#34;tests/test_app.py::test_counties_api&#34;: [{&#34;extras&#34;: [], &#34;result&#34;: &#34;Failed&#34;, &#34;testId&#34;: &#34;tests/test_app.py::test_counties_api&#34;, &#34;duration&#34;: &#34;1 ms&#34;, &#34;resultsTableRow&#34;: [&#34;&lt;td class=\&#34;col-result\&#34;&gt;Failed&lt;/td&gt;&#34;, &#34;&lt;td class=\&#34;col-testId\&#34;&gt;tests/test_app.py::test_counties_api&lt;/td&gt;&#34;, &#34;&lt;td class=\&#34;col-duration\&#34;&gt;1 ms&lt;/td&gt;&#34;, &#34;&lt;td class=\&#34;col-links\&#34;&gt;&lt;/td&gt;&#34;], &#34;log&#34;: &#34;client = &amp;lt;FlaskClient &amp;lt;Flask &amp;#x27;app&amp;#x27;&amp;gt;&amp;gt;\n\n    def test_counties_api(client):\n        &amp;quot;&amp;quot;&amp;quot;Test the counties API endpoint&amp;quot;&amp;quot;&amp;quot;\n        response = client.get(&amp;#x27;/api/counties/New York&amp;#x27;)\n&amp;gt;       assert response.status_code == 200\nE       assert 404 == 200\nE        +  where 404 = &amp;lt;WrapperTestResponse streamed [404 NOT FOUND]&amp;gt;.status_code\n\ntests/test_app.py:117: AssertionError\n&#34;}], &#34;tests/test_app.py::test_cities_api&#34;: [{&#34;extras&#34;: [], &#34;result&#34;: &#34;Failed&#34;, &#34;testId&#34;: &#34;tests/test_app.py::test_cities_api&#34;, &#34;duration&#34;: &#34;1 ms&#34;, &#34;resultsTableRow&#34;: [&#34;&lt;td class=\&#34;col-result\&#34;&gt;Failed&lt;/td&gt;&#34;, &#34;&lt;td class=\&#34;col-testId\&#34;&gt;tests/test_app.py::test_cities_api&lt;/td&gt;&#34;, &#34;&lt;td class=\&#34;col-duration\&#34;&gt;1 ms&lt;/td&gt;&#34;, &#34;&lt;td class=\&#34;col-links\&#34;&gt;&lt;/td&gt;&#34;], &#34;log&#34;: &#34;client = &amp;lt;FlaskClient &amp;lt;Flask &amp;#x27;app&amp;#x27;&amp;gt;&amp;gt;\n\n    def test_cities_api(client):\n        &amp;quot;&amp;quot;&amp;quot;Test the cities API endpoint&amp;quot;&amp;quot;&amp;quot;\n        response = client.get(&amp;#x27;/api/cities/New York/New York&amp;#x27;)\n&amp;gt;       assert response.status_code == 200\nE       assert 404 == 200\nE        +  where 404 = &amp;lt;WrapperTestResponse streamed [404 NOT FOUND]&amp;gt;.status_code\n\ntests/test_app.py:124: AssertionError\n&#34;}], &#34;tests/test_app.py::test_location_data_api&#34;: [{&#34;extras&#34;: [], &#34;result&#34;: &#34;Failed&#34;, &#34;testId&#34;: &#34;tests/test_app.py::test_location_data_api&#34;, &#34;duration&#34;: &#34;1 ms&#34;, &#34;resultsTableRow&#34;: [&#34;&lt;td class=\&#34;col-result\&#34;&gt;Failed&lt;/td&gt;&#34;, &#34;&lt;td class=\&#34;col-testId\&#34;&gt;tests/test_app.py::test_location_data_api&lt;/td&gt;&#34;, &#34;&lt;td class=\&#34;col-duration\&#34;&gt;1 ms&lt;/td&gt;&#34;, &#34;&lt;td class=\&#34;col-links\&#34;&gt;&lt;/td&gt;&#34;], &#34;log&#34;: &#34;client = &amp;lt;FlaskClient &amp;lt;Flask &amp;#x27;app&amp;#x27;&amp;gt;&amp;gt;\n\n    def test_location_data_api(client):\n        &amp;quot;&amp;quot;&amp;quot;Test the location data API endpoint&amp;quot;&amp;quot;&amp;quot;\n        response = client.get(&amp;#x27;/api/location-data/New York&amp;#x27;)\n&amp;gt;       assert response.status_code == 200\nE       assert 404 == 200\nE        +  where 404 = &amp;lt;WrapperTestResponse streamed [404 NOT FOUND]&amp;gt;.status_code\n\ntests/test_app.py:131: AssertionError\n&#34;}], &#34;tests/test_app.py::test_census_tract_api&#34;: [{&#34;extras&#34;: [], &#34;result&#34;: &#34;Failed&#34;, &#34;testId&#34;: &#34;tests/test_app.py::test_census_tract_api&#34;, &#34;duration&#34;: &#34;1 ms&#34;, &#34;resultsTableRow&#34;: [&#34;&lt;td class=\&#34;col-result\&#34;&gt;Failed&lt;/td&gt;&#34;, &#34;&lt;td class=\&#34;col-testId\&#34;&gt;tests/test_app.py::test_census_tract_api&lt;/td&gt;&#34;, &#34;&lt;td class=\&#34;col-duration\&#34;&gt;1 ms&lt;/td&gt;&#34;, &#34;&lt;td class=\&#34;col-links\&#34;&gt;&lt;/td&gt;&#34;], &#34;log&#34;: &#34;client = &amp;lt;FlaskClient &amp;lt;Flask &amp;#x27;app&amp;#x27;&amp;gt;&amp;gt;\n\n    def test_census_tract_api(client):\n        &amp;quot;&amp;quot;&amp;quot;Test the census tract API endpoint&amp;quot;&amp;quot;&amp;quot;\n        response = client.get(&amp;#x27;/api/census-tract/123456&amp;#x27;)\n&amp;gt;       assert response.status_code == 200\nE       assert 404 == 200\nE        +  where 404 = &amp;lt;WrapperTestResponse streamed [404 NOT FOUND]&amp;gt;.status_code\n\ntests/test_app.py:138: AssertionError\n&#34;}], &#34;tests/test_auth.py::test_user_registration&#34;: [{&#34;extras&#34;: [], &#34;result&#34;: &#34;Failed&#34;, &#34;testId&#34;: &#34;tests/test_auth.py::test_user_registration&#34;, &#34;duration&#34;: &#34;64 ms&#34;, &#34;resultsTableRow&#34;: [&#34;&lt;td class=\&#34;col-result\&#34;&gt;Failed&lt;/td&gt;&#34;, &#34;&lt;td class=\&#34;col-testId\&#34;&gt;tests/test_auth.py::test_user_registration&lt;/td&gt;&#34;, &#34;&lt;td class=\&#34;col-duration\&#34;&gt;64 ms&lt;/td&gt;&#34;, &#34;&lt;td class=\&#34;col-links\&#34;&gt;&lt;/td&gt;&#34;], &#34;log&#34;: &#34;client = &amp;lt;FlaskClient &amp;lt;Flask &amp;#x27;app&amp;#x27;&amp;gt;&amp;gt;\n\n    def test_user_registration(client):\n        &amp;quot;&amp;quot;&amp;quot;Test user registration functionality&amp;quot;&amp;quot;&amp;quot;\n        response = client.post(&amp;#x27;/auth/register&amp;#x27;, json={\n            &amp;#x27;username&amp;#x27;: &amp;#x27;testuser&amp;#x27;,\n            &amp;#x27;email&amp;#x27;: &amp;#x27;test@example.com&amp;#x27;,\n            &amp;#x27;password&amp;#x27;: &amp;#x27;testpass123&amp;#x27;\n        })\n    \n        assert response.status_code == 201\n        data = response.get_json()\n        assert data[&amp;#x27;message&amp;#x27;] == &amp;#x27;User registered successfully&amp;#x27;\n    \n        # Verify user was created in database\n&amp;gt;       with app.app_context():\nE       AttributeError: &amp;#x27;function&amp;#x27; object has no attribute &amp;#x27;app_context&amp;#x27;\n\ntests/test_auth.py:32: AttributeError\n&#34;}], &#34;tests/test_auth.py::test_user_login&#34;: [{&#34;extras&#34;: [], &#34;result&#34;: &#34;Failed&#34;, &#34;testId&#34;: &#34;tests/test_auth.py::test_user_login&#34;, &#34;duration&#34;: &#34;120 ms&#34;, &#34;resultsTableRow&#34;: [&#34;&lt;td class=\&#34;col-result\&#34;&gt;Failed&lt;/td&gt;&#34;, &#34;&lt;td class=\&#34;col-testId\&#34;&gt;tests/test_auth.py::test_user_login&lt;/td&gt;&#34;, &#34;&lt;td class=\&#34;col-duration\&#34;&gt;120 ms&lt;/td&gt;&#34;, &#34;&lt;td class=\&#34;col-links\&#34;&gt;&lt;/td&gt;&#34;], &#34;log&#34;: &#34;client = &amp;lt;FlaskClient &amp;lt;Flask &amp;#x27;app&amp;#x27;&amp;gt;&amp;gt;\n\n    def test_user_login(client):\n        &amp;quot;&amp;quot;&amp;quot;Test user login functionality&amp;quot;&amp;quot;&amp;quot;\n        # First register a user\n        client.post(&amp;#x27;/auth/register&amp;#x27;, json={\n            &amp;#x27;username&amp;#x27;: &amp;#x27;testuser&amp;#x27;,\n            &amp;#x27;email&amp;#x27;: &amp;#x27;test@example.com&amp;#x27;,\n            &amp;#x27;password&amp;#x27;: &amp;#x27;testpass123&amp;#x27;\n        })\n    \n        # Then try to login\n        response = client.post(&amp;#x27;/auth/login&amp;#x27;, json={\n            &amp;#x27;username&amp;#x27;: &amp;#x27;testuser&amp;#x27;,\n            &amp;#x27;password&amp;#x27;: &amp;#x27;testpass123&amp;#x27;\n        })\n    \n        assert response.status_code == 200\n        data = response.get_json()\n        assert &amp;#x27;access_token&amp;#x27; in data\n&amp;gt;       assert data[&amp;#x27;message&amp;#x27;] == &amp;#x27;Login successful&amp;#x27;\nE       KeyError: &amp;#x27;message&amp;#x27;\n\ntests/test_auth.py:56: KeyError\n&#34;}], &#34;tests/test_auth.py::test_invalid_login&#34;: [{&#34;extras&#34;: [], &#34;result&#34;: &#34;Passed&#34;, &#34;testId&#34;: &#34;tests/test_auth.py::test_invalid_login&#34;, &#34;duration&#34;: &#34;7 ms&#34;, &#34;resultsTableRow&#34;: [&#34;&lt;td class=\&#34;col-result\&#34;&gt;Passed&lt;/td&gt;&#34;, &#34;&lt;td class=\&#34;col-testId\&#34;&gt;tests/test_auth.py::test_invalid_login&lt;/td&gt;&#34;, &#34;&lt;td class=\&#34;col-duration\&#34;&gt;7 ms&lt;/td&gt;&#34;, &#34;&lt;td class=\&#34;col-links\&#34;&gt;&lt;/td&gt;&#34;], &#34;log&#34;: &#34;No log output captured.&#34;}], &#34;tests/test_auth.py::test_duplicate_registration&#34;: [{&#34;extras&#34;: [], &#34;result&#34;: &#34;Passed&#34;, &#34;testId&#34;: &#34;tests/test_auth.py::test_duplicate_registration&#34;, &#34;duration&#34;: &#34;65 ms&#34;, &#34;resultsTableRow&#34;: [&#34;&lt;td class=\&#34;col-result\&#34;&gt;Passed&lt;/td&gt;&#34;, &#34;&lt;td class=\&#34;col-testId\&#34;&gt;tests/test_auth.py::test_duplicate_registration&lt;/td&gt;&#34;, &#34;&lt;td class=\&#34;col-duration\&#34;&gt;65 ms&lt;/td&gt;&#34;, &#34;&lt;td class=\&#34;col-links\&#34;&gt;&lt;/td&gt;&#34;], &#34;log&#34;: &#34;No log output captured.&#34;}], &#34;tests/test_auth.py::test_password_validation&#34;: [{&#34;extras&#34;: [], &#34;result&#34;: &#34;Failed&#34;, &#34;testId&#34;: &#34;tests/test_auth.py::test_password_validation&#34;, &#34;duration&#34;: &#34;10 ms&#34;, &#34;resultsTableRow&#34;: [&#34;&lt;td class=\&#34;col-result\&#34;&gt;Failed&lt;/td&gt;&#34;, &#34;&lt;td class=\&#34;col-testId\&#34;&gt;tests/test_auth.py::test_password_validation&lt;/td&gt;&#34;, &#34;&lt;td class=\&#34;col-duration\&#34;&gt;10 ms&lt;/td&gt;&#34;, &#34;&lt;td class=\&#34;col-links\&#34;&gt;&lt;/td&gt;&#34;], &#34;log&#34;: &#34;client = &amp;lt;FlaskClient &amp;lt;Flask &amp;#x27;app&amp;#x27;&amp;gt;&amp;gt;\n\n    def test_password_validation(client):\n        &amp;quot;&amp;quot;&amp;quot;Test password validation rules&amp;quot;&amp;quot;&amp;quot;\n        response = client.post(&amp;#x27;/auth/register&amp;#x27;, json={\n            &amp;#x27;username&amp;#x27;: &amp;#x27;testuser&amp;#x27;,\n            &amp;#x27;email&amp;#x27;: &amp;#x27;test@example.com&amp;#x27;,\n            &amp;#x27;password&amp;#x27;: &amp;#x27;short&amp;#x27;  # Too short password\n        })\n    \n        assert response.status_code == 400\n        data = response.get_json()\n        assert &amp;#x27;error&amp;#x27; in data\n&amp;gt;       assert data[&amp;#x27;error&amp;#x27;] == &amp;#x27;Password must be at least 8 characters&amp;#x27;\nE       AssertionError: assert &amp;#x27;Password must be at least 6 characters&amp;#x27; == &amp;#x27;Password must be at least 8 characters&amp;#x27;\nE         - Password must be at least 8 characters\nE         ?                           ^\nE         + Password must be at least 6 characters\nE         ?                           ^\n\ntests/test_auth.py:102: AssertionError\n&#34;}], &#34;tests/test_calculation.py::test_population_calculation&#34;: [{&#34;extras&#34;: [], &#34;result&#34;: &#34;Failed&#34;, &#34;testId&#34;: &#34;tests/test_calculation.py::test_population_calculation&#34;, &#34;duration&#34;: &#34;119 ms&#34;, &#34;resultsTableRow&#34;: [&#34;&lt;td class=\&#34;col-result\&#34;&gt;Failed&lt;/td&gt;&#34;, &#34;&lt;td class=\&#34;col-testId\&#34;&gt;tests/test_calculation.py::test_population_calculation&lt;/td&gt;&#34;, &#34;&lt;td class=\&#34;col-duration\&#34;&gt;119 ms&lt;/td&gt;&#34;, &#34;&lt;td class=\&#34;col-links\&#34;&gt;&lt;/td&gt;&#34;], &#34;log&#34;: &#34;client = &amp;lt;FlaskClient &amp;lt;Flask &amp;#x27;app&amp;#x27;&amp;gt;&amp;gt;\ntest_data = {&amp;#x27;area_square_miles&amp;#x27;: 10, &amp;#x27;geographic_area&amp;#x27;: &amp;#x27;Test Area&amp;#x27;, &amp;#x27;median_household_income&amp;#x27;: 50000, &amp;#x27;total_population&amp;#x27;: 100000}\nauth_token = &amp;#x27;eyJhbGciOiJIUzI1NiIsInR5cCI6IkpXVCJ9.eyJmcmVzaCI6ZmFsc2UsImlhdCI6MTc0MzgyMTQwMCwianRpIjoiYjg3MGNjZjktMzc4YS00MDE4LTg1...zQzODIxNDAwLCJjc3JmIjoiYzUwN2U2OTctN2Q4NS00YmQyLThjOTAtYTc2YzljY2E2NDZhIn0.y6YRjQ55bdNvmWWs9anUSdR0qJ0urkE-khnXoPMdnAg&amp;#x27;\n\n    def test_population_calculation(client, test_data, auth_token):\n        &amp;quot;&amp;quot;&amp;quot;Test population calculation endpoint&amp;quot;&amp;quot;&amp;quot;\n        response = client.post(&amp;#x27;/api/calculate&amp;#x27;,\n            json=test_data,\n            headers={&amp;#x27;Authorization&amp;#x27;: f&amp;#x27;Bearer {auth_token}&amp;#x27;}\n        )\n    \n        assert response.status_code == 200\n        data = response.get_json()\n    \n&amp;gt;       assert &amp;#x27;message&amp;#x27; in data\nE       AssertionError: assert &amp;#x27;message&amp;#x27; in {&amp;#x27;population_density&amp;#x27;: 10000.0}\n\ntests/test_calculation.py:53: AssertionError\n&#34;}], &#34;tests/test_calculation.py::test_population_density_calculation&#34;: [{&#34;extras&#34;: [], &#34;result&#34;: &#34;Passed&#34;, &#34;testId&#34;: &#34;tests/test_calculation.py::test_population_density_calculation&#34;, &#34;duration&#34;: &#34;0 ms&#34;, &#34;resultsTableRow&#34;: [&#34;&lt;td class=\&#34;col-result\&#34;&gt;Passed&lt;/td&gt;&#34;, &#34;&lt;td class=\&#34;col-testId\&#34;&gt;tests/test_calculation.py::test_population_density_calculation&lt;/td&gt;&#34;, &#34;&lt;td class=\&#34;col-duration\&#34;&gt;0 ms&lt;/td&gt;&#34;, &#34;&lt;td class=\&#34;col-links\&#34;&gt;&lt;/td&gt;&#34;], &#34;log&#34;: &#34;No log output captured.&#34;}], &#34;tests/test_calculation.py::test_invalid_calculation_input&#34;: [{&#34;extras&#34;: [], &#34;result&#34;: &#34;Passed&#34;, &#34;testId&#34;: &#34;tests/test_calculation.py::test_invalid_calculation_input&#34;, &#34;duration&#34;: &#34;120 ms&#34;, &#34;resultsTableRow&#34;: [&#34;&lt;td class=\&#34;col-result\&#34;&gt;Passed&lt;/td&gt;&#34;, &#34;&lt;td class=\&#34;col-testId\&#34;&gt;tests/test_calculation.py::test_invalid_calculation_input&lt;/td&gt;&#34;, &#34;&lt;td class=\&#34;col-duration\&#34;&gt;120 ms&lt;/td&gt;&#34;, &#34;&lt;td class=\&#34;col-links\&#34;&gt;&lt;/td&gt;&#34;], &#34;log&#34;: &#34;No log output captured.&#34;}], &#34;tests/test_calculation.py::test_missing_calculation_fields&#34;: [{&#34;extras&#34;: [], &#34;result&#34;: &#34;Passed&#34;, &#34;testId&#34;: &#34;tests/test_calculation.py::test_missing_calculation_fields&#34;, &#34;duration&#34;: &#34;120 ms&#34;, &#34;resultsTableRow&#34;: [&#34;&lt;td class=\&#34;col-result\&#34;&gt;Passed&lt;/td&gt;&#34;, &#34;&lt;td class=\&#34;col-testId\&#34;&gt;tests/test_calculation.py::test_missing_calculation_fields&lt;/td&gt;&#34;, &#34;&lt;td class=\&#34;col-duration\&#34;&gt;120 ms&lt;/td&gt;&#34;, &#34;&lt;td class=\&#34;col-links\&#34;&gt;&lt;/td&gt;&#34;], &#34;log&#34;: &#34;No log output captured.&#34;}], &#34;tests/test_calculation.py::test_save_calculation_results&#34;: [{&#34;extras&#34;: [], &#34;result&#34;: &#34;Failed&#34;, &#34;testId&#34;: &#34;tests/test_calculation.py::test_save_calculation_results&#34;, &#34;duration&#34;: &#34;121 ms&#34;, &#34;resultsTableRow&#34;: [&#34;&lt;td class=\&#34;col-result\&#34;&gt;Failed&lt;/td&gt;&#34;, &#34;&lt;td class=\&#34;col-testId\&#34;&gt;tests/test_calculation.py::test_save_calculation_results&lt;/td&gt;&#34;, &#34;&lt;td class=\&#34;col-duration\&#34;&gt;121 ms&lt;/td&gt;&#34;, &#34;&lt;td class=\&#34;col-links\&#34;&gt;&lt;/td&gt;&#34;], &#34;log&#34;: &#34;client = &amp;lt;FlaskClient &amp;lt;Flask &amp;#x27;app&amp;#x27;&amp;gt;&amp;gt;\ntest_data = {&amp;#x27;area_square_miles&amp;#x27;: 10, &amp;#x27;geographic_area&amp;#x27;: &amp;#x27;Test Area&amp;#x27;, &amp;#x27;median_household_income&amp;#x27;: 50000, &amp;#x27;total_population&amp;#x27;: 100000}\nauth_token = &amp;#x27;eyJhbGciOiJIUzI1NiIsInR5cCI6IkpXVCJ9.eyJmcmVzaCI6ZmFsc2UsImlhdCI6MTc0MzgyMTQwMCwianRpIjoiNTA1MTczOGUtYTQxNC00ODU0LWI4...zQzODIxNDAwLCJjc3JmIjoiNTg1NGY0NTctYjY4OC00YmZhLThlOTktMTZiNjg4ZmJlNGExIn0.ii1p68mZs1ik-LNpjgu5gR6MSEhQTfe_st-FrV7b6dA&amp;#x27;\n\n    def test_save_calculation_results(client, test_data, auth_token):\n        &amp;quot;&amp;quot;&amp;quot;Test saving calculation results to database&amp;quot;&amp;quot;&amp;quot;\n        response = client.post(&amp;#x27;/api/calculate&amp;#x27;,\n            json=test_data,\n            headers={&amp;#x27;Authorization&amp;#x27;: f&amp;#x27;Bearer {auth_token}&amp;#x27;}\n        )\n    \n        assert response.status_code == 200\n    \n        # Verify data was saved\n&amp;gt;       with app.app_context():\nE       AttributeError: &amp;#x27;function&amp;#x27; object has no attribute &amp;#x27;app_context&amp;#x27;\n\ntests/test_calculation.py:110: AttributeError\n&#34;}], &#34;tests/test_calculation.py::test_data_validation&#34;: [{&#34;extras&#34;: [], &#34;result&#34;: &#34;Passed&#34;, &#34;testId&#34;: &#34;tests/test_calculation.py::test_data_validation&#34;, &#34;duration&#34;: &#34;0 ms&#34;, &#34;resultsTableRow&#34;: [&#34;&lt;td class=\&#34;col-result\&#34;&gt;Passed&lt;/td&gt;&#34;, &#34;&lt;td class=\&#34;col-testId\&#34;&gt;tests/test_calculation.py::test_data_validation&lt;/td&gt;&#34;, &#34;&lt;td class=\&#34;col-duration\&#34;&gt;0 ms&lt;/td&gt;&#34;, &#34;&lt;td class=\&#34;col-links\&#34;&gt;&lt;/td&gt;&#34;], &#34;log&#34;: &#34;No log output captured.&#34;}], &#34;tests/test_census_data.py::test_generate_sample_data&#34;: [{&#34;extras&#34;: [], &#34;result&#34;: &#34;Failed&#34;, &#34;testId&#34;: &#34;tests/test_census_data.py::test_generate_sample_data&#34;, &#34;duration&#34;: &#34;0 ms&#34;, &#34;resultsTableRow&#34;: [&#34;&lt;td class=\&#34;col-result\&#34;&gt;Failed&lt;/td&gt;&#34;, &#34;&lt;td class=\&#34;col-testId\&#34;&gt;tests/test_census_data.py::test_generate_sample_data&lt;/td&gt;&#34;, &#34;&lt;td class=\&#34;col-duration\&#34;&gt;0 ms&lt;/td&gt;&#34;, &#34;&lt;td class=\&#34;col-links\&#34;&gt;&lt;/td&gt;&#34;], &#34;log&#34;: &#34;def test_generate_sample_data():\n        &amp;quot;&amp;quot;&amp;quot;Test the sample data generation function&amp;quot;&amp;quot;&amp;quot;\n        sample_data = census_generate_sample_data()\n    \n        # Check required fields\n        required_fields = [\n            &amp;#x27;total_population&amp;#x27;,\n            &amp;#x27;median_household_income&amp;#x27;,\n            &amp;#x27;housing_units&amp;#x27;,\n            &amp;#x27;white_population&amp;#x27;,\n            &amp;#x27;black_population&amp;#x27;,\n            &amp;#x27;asian_population&amp;#x27;,\n            &amp;#x27;hispanic_population&amp;#x27;,\n            &amp;#x27;bachelor_degree_or_higher&amp;#x27;,\n            &amp;#x27;median_age&amp;#x27;,\n            &amp;#x27;unemployment_rate&amp;#x27;\n        ]\n    \n        for field in required_fields:\n&amp;gt;           assert field in sample_data\nE           AssertionError: assert &amp;#x27;total_population&amp;#x27; in {&amp;#x27;Asian_Pct&amp;#x27;: 9.44, &amp;#x27;Asian_Population&amp;#x27;: 8054, &amp;#x27;Black_Pct&amp;#x27;: 9.75, &amp;#x27;Black_Population&amp;#x27;: 15083, ...}\n\ntests/test_census_data.py:217: AssertionError\n&#34;}], &#34;tests/test_census_data.py::test_get_acs_data&#34;: [{&#34;extras&#34;: [], &#34;result&#34;: &#34;Passed&#34;, &#34;testId&#34;: &#34;tests/test_census_data.py::test_get_acs_data&#34;, &#34;duration&#34;: &#34;00:00:02&#34;, &#34;resultsTableRow&#34;: [&#34;&lt;td class=\&#34;col-result\&#34;&gt;Passed&lt;/td&gt;&#34;, &#34;&lt;td class=\&#34;col-testId\&#34;&gt;tests/test_census_data.py::test_get_acs_data&lt;/td&gt;&#34;, &#34;&lt;td class=\&#34;col-duration\&#34;&gt;00:00:02&lt;/td&gt;&#34;, &#34;&lt;td class=\&#34;col-links\&#34;&gt;&lt;/td&gt;&#34;], &#34;log&#34;: &#34;----------------------------- Captured stdout call -----------------------------\nFetching data for New York, New York...\n&#34;}], &#34;tests/test_census_data.py::test_census_data_integration&#34;: [{&#34;extras&#34;: [], &#34;result&#34;: &#34;Failed&#34;, &#34;testId&#34;: &#34;tests/test_census_data.py::test_census_data_integration&#34;, &#34;duration&#34;: &#34;7 ms&#34;, &#34;resultsTableRow&#34;: [&#34;&lt;td class=\&#34;col-result\&#34;&gt;Failed&lt;/td&gt;&#34;, &#34;&lt;td class=\&#34;col-testId\&#34;&gt;tests/test_census_data.py::test_census_data_integration&lt;/td&gt;&#34;, &#34;&lt;td class=\&#34;col-duration\&#34;&gt;7 ms&lt;/td&gt;&#34;, &#34;&lt;td class=\&#34;col-links\&#34;&gt;&lt;/td&gt;&#34;], &#34;log&#34;: &#34;client = &amp;lt;FlaskClient &amp;lt;Flask &amp;#x27;app&amp;#x27;&amp;gt;&amp;gt;\n\n    def test_census_data_integration(client):\n        &amp;quot;&amp;quot;&amp;quot;Test integration of census data with the application&amp;quot;&amp;quot;&amp;quot;\n        # Test getting census data through the API\n        response = client.get(&amp;#x27;/api/census/New York, NY&amp;#x27;)\n&amp;gt;       assert response.status_code == 200\nE       assert 404 == 200\nE        +  where 404 = &amp;lt;WrapperTestResponse streamed [404 NOT FOUND]&amp;gt;.status_code\n\ntests/test_census_data.py:95: AssertionError\n&#34;}], &#34;tests/test_census_data.py::test_percentage_calculations&#34;: [{&#34;extras&#34;: [], &#34;result&#34;: &#34;Passed&#34;, &#34;testId&#34;: &#34;tests/test_census_data.py::test_percentage_calculations&#34;, &#34;duration&#34;: &#34;0 ms&#34;, &#34;resultsTableRow&#34;: [&#34;&lt;td class=\&#34;col-result\&#34;&gt;Passed&lt;/td&gt;&#34;, &#34;&lt;td class=\&#34;col-testId\&#34;&gt;tests/test_census_data.py::test_percentage_calculations&lt;/td&gt;&#34;, &#34;&lt;td class=\&#34;col-duration\&#34;&gt;0 ms&lt;/td&gt;&#34;, &#34;&lt;td class=\&#34;col-links\&#34;&gt;&lt;/td&gt;&#34;], &#34;log&#34;: &#34;No log output captured.&#34;}], &#34;tests/test_census_data.py::test_error_handling&#34;: [{&#34;extras&#34;: [], &#34;result&#34;: &#34;Failed&#34;, &#34;testId&#34;: &#34;tests/test_census_data.py::test_error_handling&#34;, &#34;duration&#34;: &#34;0 ms&#34;, &#34;resultsTableRow&#34;: [&#34;&lt;td class=\&#34;col-result\&#34;&gt;Failed&lt;/td&gt;&#34;, &#34;&lt;td class=\&#34;col-testId\&#34;&gt;tests/test_census_data.py::test_error_handling&lt;/td&gt;&#34;, &#34;&lt;td class=\&#34;col-duration\&#34;&gt;0 ms&lt;/td&gt;&#34;, &#34;&lt;td class=\&#34;col-links\&#34;&gt;&lt;/td&gt;&#34;], &#34;log&#34;: &#34;def test_error_handling():\n        &amp;quot;&amp;quot;&amp;quot;Test error handling in census data functions&amp;quot;&amp;quot;&amp;quot;\n        # Test with empty input\n        empty_data = pd.DataFrame()\n&amp;gt;       enriched_data = enrich_population_data(empty_data)\nE       TypeError: enrich_population_data() takes 0 positional arguments but 1 was given\n\ntests/test_census_data.py:314: TypeError\n&#34;}], &#34;tests/test_census_data.py::test_data_validation&#34;: [{&#34;extras&#34;: [], &#34;result&#34;: &#34;Passed&#34;, &#34;testId&#34;: &#34;tests/test_census_data.py::test_data_validation&#34;, &#34;duration&#34;: &#34;0 ms&#34;, &#34;resultsTableRow&#34;: [&#34;&lt;td class=\&#34;col-result\&#34;&gt;Passed&lt;/td&gt;&#34;, &#34;&lt;td class=\&#34;col-testId\&#34;&gt;tests/test_census_data.py::test_data_validation&lt;/td&gt;&#34;, &#34;&lt;td class=\&#34;col-duration\&#34;&gt;0 ms&lt;/td&gt;&#34;, &#34;&lt;td class=\&#34;col-links\&#34;&gt;&lt;/td&gt;&#34;], &#34;log&#34;: &#34;No log output captured.&#34;}], &#34;tests/test_census_data.py::test_data_persistence&#34;: [{&#34;extras&#34;: [], &#34;result&#34;: &#34;Failed&#34;, &#34;testId&#34;: &#34;tests/test_census_data.py::test_data_persistence&#34;, &#34;duration&#34;: &#34;7 ms&#34;, &#34;resultsTableRow&#34;: [&#34;&lt;td class=\&#34;col-result\&#34;&gt;Failed&lt;/td&gt;&#34;, &#34;&lt;td class=\&#34;col-testId\&#34;&gt;tests/test_census_data.py::test_data_persistence&lt;/td&gt;&#34;, &#34;&lt;td class=\&#34;col-duration\&#34;&gt;7 ms&lt;/td&gt;&#34;, &#34;&lt;td class=\&#34;col-links\&#34;&gt;&lt;/td&gt;&#34;], &#34;log&#34;: &#34;client = &amp;lt;FlaskClient &amp;lt;Flask &amp;#x27;app&amp;#x27;&amp;gt;&amp;gt;\n\n    def test_data_persistence(client):\n        &amp;quot;&amp;quot;&amp;quot;Test persistence of census data&amp;quot;&amp;quot;&amp;quot;\n        # Create test data\n        test_data = {\n            &amp;#x27;geographic_area&amp;#x27;: &amp;#x27;New York, NY&amp;#x27;,\n            &amp;#x27;population&amp;#x27;: 8000000,\n            &amp;#x27;demographics&amp;#x27;: {&amp;#x27;white&amp;#x27;: 40, &amp;#x27;black&amp;#x27;: 20, &amp;#x27;asian&amp;#x27;: 30, &amp;#x27;other&amp;#x27;: 10},\n            &amp;#x27;median_household_income&amp;#x27;: 75000\n        }\n    \n        # Save to database\n        response = client.post(&amp;#x27;/api/census&amp;#x27;, json=test_data)\n&amp;gt;       assert response.status_code == 201\nE       assert 404 == 201\nE        +  where 404 = &amp;lt;WrapperTestResponse streamed [404 NOT FOUND]&amp;gt;.status_code\n\ntests/test_census_data.py:147: AssertionError\n&#34;}], &#34;tests/test_census_data.py::test_data_updates&#34;: [{&#34;extras&#34;: [], &#34;result&#34;: &#34;Failed&#34;, &#34;testId&#34;: &#34;tests/test_census_data.py::test_data_updates&#34;, &#34;duration&#34;: &#34;5 ms&#34;, &#34;resultsTableRow&#34;: [&#34;&lt;td class=\&#34;col-result\&#34;&gt;Failed&lt;/td&gt;&#34;, &#34;&lt;td class=\&#34;col-testId\&#34;&gt;tests/test_census_data.py::test_data_updates&lt;/td&gt;&#34;, &#34;&lt;td class=\&#34;col-duration\&#34;&gt;5 ms&lt;/td&gt;&#34;, &#34;&lt;td class=\&#34;col-links\&#34;&gt;&lt;/td&gt;&#34;], &#34;log&#34;: &#34;client = &amp;lt;FlaskClient &amp;lt;Flask &amp;#x27;app&amp;#x27;&amp;gt;&amp;gt;\n\n    def test_data_updates(client):\n        &amp;quot;&amp;quot;&amp;quot;Test updating census data&amp;quot;&amp;quot;&amp;quot;\n        # Create initial data\n        initial_data = {\n            &amp;#x27;geographic_area&amp;#x27;: &amp;#x27;New York, NY&amp;#x27;,\n            &amp;#x27;population&amp;#x27;: 8000000\n        }\n        response = client.post(&amp;#x27;/api/census&amp;#x27;, json=initial_data)\n&amp;gt;       assert response.status_code == 201\nE       assert 404 == 201\nE        +  where 404 = &amp;lt;WrapperTestResponse streamed [404 NOT FOUND]&amp;gt;.status_code\n\ntests/test_census_data.py:165: AssertionError\n&#34;}], &#34;tests/test_census_data.py::test_data_deletion&#34;: [{&#34;extras&#34;: [], &#34;result&#34;: &#34;Failed&#34;, &#34;testId&#34;: &#34;tests/test_census_data.py::test_data_deletion&#34;, &#34;duration&#34;: &#34;7 ms&#34;, &#34;resultsTableRow&#34;: [&#34;&lt;td class=\&#34;col-result\&#34;&gt;Failed&lt;/td&gt;&#34;, &#34;&lt;td class=\&#34;col-testId\&#34;&gt;tests/test_census_data.py::test_data_deletion&lt;/td&gt;&#34;, &#34;&lt;td class=\&#34;col-duration\&#34;&gt;7 ms&lt;/td&gt;&#34;, &#34;&lt;td class=\&#34;col-links\&#34;&gt;&lt;/td&gt;&#34;], &#34;log&#34;: &#34;client = &amp;lt;FlaskClient &amp;lt;Flask &amp;#x27;app&amp;#x27;&amp;gt;&amp;gt;\n\n    def test_data_deletion(client):\n        &amp;quot;&amp;quot;&amp;quot;Test deleting census data&amp;quot;&amp;quot;&amp;quot;\n        # Create test data\n        test_data = {\n            &amp;#x27;geographic_area&amp;#x27;: &amp;#x27;New York, NY&amp;#x27;,\n            &amp;#x27;population&amp;#x27;: 8000000\n        }\n        response = client.post(&amp;#x27;/api/census&amp;#x27;, json=test_data)\n&amp;gt;       assert response.status_code == 201\nE       assert 404 == 201\nE        +  where 404 = &amp;lt;WrapperTestResponse streamed [404 NOT FOUND]&amp;gt;.status_code\n\ntests/test_census_data.py:188: AssertionError\n&#34;}], &#34;tests/test_census_data.py::test_get_census_tract&#34;: [{&#34;extras&#34;: [], &#34;result&#34;: &#34;Passed&#34;, &#34;testId&#34;: &#34;tests/test_census_data.py::test_get_census_tract&#34;, &#34;duration&#34;: &#34;402 ms&#34;, &#34;resultsTableRow&#34;: [&#34;&lt;td class=\&#34;col-result\&#34;&gt;Passed&lt;/td&gt;&#34;, &#34;&lt;td class=\&#34;col-testId\&#34;&gt;tests/test_census_data.py::test_get_census_tract&lt;/td&gt;&#34;, &#34;&lt;td class=\&#34;col-duration\&#34;&gt;402 ms&lt;/td&gt;&#34;, &#34;&lt;td class=\&#34;col-links\&#34;&gt;&lt;/td&gt;&#34;], &#34;log&#34;: &#34;No log output captured.&#34;}], &#34;tests/test_census_data.py::test_get_detailed_census_data&#34;: [{&#34;extras&#34;: [], &#34;result&#34;: &#34;Passed&#34;, &#34;testId&#34;: &#34;tests/test_census_data.py::test_get_detailed_census_data&#34;, &#34;duration&#34;: &#34;567 ms&#34;, &#34;resultsTableRow&#34;: [&#34;&lt;td class=\&#34;col-result\&#34;&gt;Passed&lt;/td&gt;&#34;, &#34;&lt;td class=\&#34;col-testId\&#34;&gt;tests/test_census_data.py::test_get_detailed_census_data&lt;/td&gt;&#34;, &#34;&lt;td class=\&#34;col-duration\&#34;&gt;567 ms&lt;/td&gt;&#34;, &#34;&lt;td class=\&#34;col-links\&#34;&gt;&lt;/td&gt;&#34;], &#34;log&#34;: &#34;----------------------------- Captured stdout call -----------------------------\nError getting census data for Invalid City, XX: &amp;#x27;NoneType&amp;#x27; object has no attribute &amp;#x27;fips&amp;#x27;\n&#34;}], &#34;tests/test_census_data.py::test_enrich_population_data&#34;: [{&#34;extras&#34;: [], &#34;result&#34;: &#34;Failed&#34;, &#34;testId&#34;: &#34;tests/test_census_data.py::test_enrich_population_data&#34;, &#34;duration&#34;: &#34;1 ms&#34;, &#34;resultsTableRow&#34;: [&#34;&lt;td class=\&#34;col-result\&#34;&gt;Failed&lt;/td&gt;&#34;, &#34;&lt;td class=\&#34;col-testId\&#34;&gt;tests/test_census_data.py::test_enrich_population_data&lt;/td&gt;&#34;, &#34;&lt;td class=\&#34;col-duration\&#34;&gt;1 ms&lt;/td&gt;&#34;, &#34;&lt;td class=\&#34;col-links\&#34;&gt;&lt;/td&gt;&#34;], &#34;log&#34;: &#34;def test_enrich_population_data():\n        &amp;quot;&amp;quot;&amp;quot;Test the population data enrichment function&amp;quot;&amp;quot;&amp;quot;\n        # Create sample input data\n        input_data = pd.DataFrame({\n            &amp;#x27;Geographic_Area&amp;#x27;: [&amp;#x27;New York, NY&amp;#x27;, &amp;#x27;Los Angeles, CA&amp;#x27;],\n            &amp;#x27;Population&amp;#x27;: [8000000, 4000000]\n        })\n    \n        # Test enrichment\n&amp;gt;       enriched_data = enrich_population_data(input_data)\nE       TypeError: enrich_population_data() takes 0 positional arguments but 1 was given\n\ntests/test_census_data.py:265: TypeError\n&#34;}], &#34;tests/test_census_data.py::test_format_population_number&#34;: [{&#34;extras&#34;: [], &#34;result&#34;: &#34;Passed&#34;, &#34;testId&#34;: &#34;tests/test_census_data.py::test_format_population_number&#34;, &#34;duration&#34;: &#34;0 ms&#34;, &#34;resultsTableRow&#34;: [&#34;&lt;td class=\&#34;col-result\&#34;&gt;Passed&lt;/td&gt;&#34;, &#34;&lt;td class=\&#34;col-testId\&#34;&gt;tests/test_census_data.py::test_format_population_number&lt;/td&gt;&#34;, &#34;&lt;td class=\&#34;col-duration\&#34;&gt;0 ms&lt;/td&gt;&#34;, &#34;&lt;td class=\&#34;col-links\&#34;&gt;&lt;/td&gt;&#34;], &#34;log&#34;: &#34;No log output captured.&#34;}], &#34;tests/test_core.py::test_user_registration&#34;: [{&#34;extras&#34;: [], &#34;result&#34;: &#34;Passed&#34;, &#34;testId&#34;: &#34;tests/test_core.py::test_user_registration&#34;, &#34;duration&#34;: &#34;68 ms&#34;, &#34;resultsTableRow&#34;: [&#34;&lt;td class=\&#34;col-result\&#34;&gt;Passed&lt;/td&gt;&#34;, &#34;&lt;td class=\&#34;col-testId\&#34;&gt;tests/test_core.py::test_user_registration&lt;/td&gt;&#34;, &#34;&lt;td class=\&#34;col-duration\&#34;&gt;68 ms&lt;/td&gt;&#34;, &#34;&lt;td class=\&#34;col-links\&#34;&gt;&lt;/td&gt;&#34;], &#34;log&#34;: &#34;No log output captured.&#34;}], &#34;tests/test_core.py::test_user_login&#34;: [{&#34;extras&#34;: [], &#34;result&#34;: &#34;Passed&#34;, &#34;testId&#34;: &#34;tests/test_core.py::test_user_login&#34;, &#34;duration&#34;: &#34;117 ms&#34;, &#34;resultsTableRow&#34;: [&#34;&lt;td class=\&#34;col-result\&#34;&gt;Passed&lt;/td&gt;&#34;, &#34;&lt;td class=\&#34;col-testId\&#34;&gt;tests/test_core.py::test_user_login&lt;/td&gt;&#34;, &#34;&lt;td class=\&#34;col-duration\&#34;&gt;117 ms&lt;/td&gt;&#34;, &#34;&lt;td class=\&#34;col-links\&#34;&gt;&lt;/td&gt;&#34;], &#34;log&#34;: &#34;No log output captured.&#34;}], &#34;tests/test_core.py::test_invalid_login&#34;: [{&#34;extras&#34;: [], &#34;result&#34;: &#34;Passed&#34;, &#34;testId&#34;: &#34;tests/test_core.py::test_invalid_login&#34;, &#34;duration&#34;: &#34;6 ms&#34;, &#34;resultsTableRow&#34;: [&#34;&lt;td class=\&#34;col-result\&#34;&gt;Passed&lt;/td&gt;&#34;, &#34;&lt;td class=\&#34;col-testId\&#34;&gt;tests/test_core.py::test_invalid_login&lt;/td&gt;&#34;, &#34;&lt;td class=\&#34;col-duration\&#34;&gt;6 ms&lt;/td&gt;&#34;, &#34;&lt;td class=\&#34;col-links\&#34;&gt;&lt;/td&gt;&#34;], &#34;log&#34;: &#34;No log output captured.&#34;}], &#34;tests/test_core.py::test_create_population_data&#34;: [{&#34;extras&#34;: [], &#34;result&#34;: &#34;Failed&#34;, &#34;testId&#34;: &#34;tests/test_core.py::test_create_population_data&#34;, &#34;duration&#34;: &#34;120 ms&#34;, &#34;resultsTableRow&#34;: [&#34;&lt;td class=\&#34;col-result\&#34;&gt;Failed&lt;/td&gt;&#34;, &#34;&lt;td class=\&#34;col-testId\&#34;&gt;tests/test_core.py::test_create_population_data&lt;/td&gt;&#34;, &#34;&lt;td class=\&#34;col-duration\&#34;&gt;120 ms&lt;/td&gt;&#34;, &#34;&lt;td class=\&#34;col-links\&#34;&gt;&lt;/td&gt;&#34;], &#34;log&#34;: &#34;client = &amp;lt;FlaskClient &amp;lt;Flask &amp;#x27;app&amp;#x27;&amp;gt;&amp;gt;, test_user = &amp;lt;User testuser&amp;gt;\n\n    def test_create_population_data(client, test_user):\n        &amp;quot;&amp;quot;&amp;quot;Test creating population data&amp;quot;&amp;quot;&amp;quot;\n        # Login first\n        login_response = client.post(&amp;#x27;/auth/login&amp;#x27;, json={\n            &amp;#x27;username&amp;#x27;: &amp;#x27;testuser&amp;#x27;,\n            &amp;#x27;password&amp;#x27;: &amp;#x27;password123&amp;#x27;\n        })\n        token = json.loads(login_response.data)[&amp;#x27;access_token&amp;#x27;]\n    \n        response = client.post(&amp;#x27;/api/population&amp;#x27;,\n            headers={&amp;#x27;Authorization&amp;#x27;: f&amp;#x27;Bearer {token}&amp;#x27;},\n            json={\n                &amp;#x27;geographic_area&amp;#x27;: &amp;#x27;Test City&amp;#x27;,\n                &amp;#x27;total_population&amp;#x27;: 100000,\n                &amp;#x27;median_household_income&amp;#x27;: 50000,\n                &amp;#x27;housing_units&amp;#x27;: 40000\n            })\n        print(&amp;quot;Response data:&amp;quot;, response.data)  # Print response data\n&amp;gt;       assert response.status_code == 201\nE       assert 422 == 201\nE        +  where 422 = &amp;lt;WrapperTestResponse 31 bytes [422 UNPROCESSABLE ENTITY]&amp;gt;.status_code\n\ntests/test_core.py:78: AssertionError\n\n----------------------------- Captured stdout call -----------------------------\nResponse data: b&amp;#x27;{&amp;quot;message&amp;quot;:&amp;quot;Validation error&amp;quot;}\\n&amp;#x27;\n&#34;}], &#34;tests/test_core.py::test_get_population_data&#34;: [{&#34;extras&#34;: [], &#34;result&#34;: &#34;Passed&#34;, &#34;testId&#34;: &#34;tests/test_core.py::test_get_population_data&#34;, &#34;duration&#34;: &#34;123 ms&#34;, &#34;resultsTableRow&#34;: [&#34;&lt;td class=\&#34;col-result\&#34;&gt;Passed&lt;/td&gt;&#34;, &#34;&lt;td class=\&#34;col-testId\&#34;&gt;tests/test_core.py::test_get_population_data&lt;/td&gt;&#34;, &#34;&lt;td class=\&#34;col-duration\&#34;&gt;123 ms&lt;/td&gt;&#34;, &#34;&lt;td class=\&#34;col-links\&#34;&gt;&lt;/td&gt;&#34;], &#34;log&#34;: &#34;----------------------------- Captured stdout call -----------------------------\nResponse data: b&amp;#x27;{&amp;quot;current_page&amp;quot;:1,&amp;quot;items&amp;quot;:[{&amp;quot;geographic_area&amp;quot;:&amp;quot;Test City&amp;quot;,&amp;quot;housing_units&amp;quot;:40000,&amp;quot;id&amp;quot;:1,&amp;quot;median_household_income&amp;quot;:50000.0,&amp;quot;total_population&amp;quot;:100000}],&amp;quot;pages&amp;quot;:1,&amp;quot;total&amp;quot;:1}\\n&amp;#x27;\n&#34;}], &#34;tests/test_core.py::test_calculate_population_density&#34;: [{&#34;extras&#34;: [], &#34;result&#34;: &#34;Passed&#34;, &#34;testId&#34;: &#34;tests/test_core.py::test_calculate_population_density&#34;, &#34;duration&#34;: &#34;118 ms&#34;, &#34;resultsTableRow&#34;: [&#34;&lt;td class=\&#34;col-result\&#34;&gt;Passed&lt;/td&gt;&#34;, &#34;&lt;td class=\&#34;col-testId\&#34;&gt;tests/test_core.py::test_calculate_population_density&lt;/td&gt;&#34;, &#34;&lt;td class=\&#34;col-duration\&#34;&gt;118 ms&lt;/td&gt;&#34;, &#34;&lt;td class=\&#34;col-links\&#34;&gt;&lt;/td&gt;&#34;], &#34;log&#34;: &#34;----------------------------- Captured stdout call -----------------------------\nResponse data: b&amp;#x27;{&amp;quot;population_density&amp;quot;:2000.0}\\n&amp;#x27;\n&#34;}], &#34;tests/test_core.py::test_search_locations&#34;: [{&#34;extras&#34;: [], &#34;result&#34;: &#34;Passed&#34;, &#34;testId&#34;: &#34;tests/test_core.py::test_search_locations&#34;, &#34;duration&#34;: &#34;6 ms&#34;, &#34;resultsTableRow&#34;: [&#34;&lt;td class=\&#34;col-result\&#34;&gt;Passed&lt;/td&gt;&#34;, &#34;&lt;td class=\&#34;col-testId\&#34;&gt;tests/test_core.py::test_search_locations&lt;/td&gt;&#34;, &#34;&lt;td class=\&#34;col-duration\&#34;&gt;6 ms&lt;/td&gt;&#34;, &#34;&lt;td class=\&#34;col-links\&#34;&gt;&lt;/td&gt;&#34;], &#34;log&#34;: &#34;No log output captured.&#34;}], &#34;tests/test_core.py::test_user_model&#34;: [{&#34;extras&#34;: [], &#34;result&#34;: &#34;Passed&#34;, &#34;testId&#34;: &#34;tests/test_core.py::test_user_model&#34;, &#34;duration&#34;: &#34;169 ms&#34;, &#34;resultsTableRow&#34;: [&#34;&lt;td class=\&#34;col-result\&#34;&gt;Passed&lt;/td&gt;&#34;, &#34;&lt;td class=\&#34;col-testId\&#34;&gt;tests/test_core.py::test_user_model&lt;/td&gt;&#34;, &#34;&lt;td class=\&#34;col-duration\&#34;&gt;169 ms&lt;/td&gt;&#34;, &#34;&lt;td class=\&#34;col-links\&#34;&gt;&lt;/td&gt;&#34;], &#34;log&#34;: &#34;No log output captured.&#34;}], &#34;tests/test_core.py::test_population_data_model&#34;: [{&#34;extras&#34;: [], &#34;result&#34;: &#34;Passed&#34;, &#34;testId&#34;: &#34;tests/test_core.py::test_population_data_model&#34;, &#34;duration&#34;: &#34;61 ms&#34;, &#34;resultsTableRow&#34;: [&#34;&lt;td class=\&#34;col-result\&#34;&gt;Passed&lt;/td&gt;&#34;, &#34;&lt;td class=\&#34;col-testId\&#34;&gt;tests/test_core.py::test_population_data_model&lt;/td&gt;&#34;, &#34;&lt;td class=\&#34;col-duration\&#34;&gt;61 ms&lt;/td&gt;&#34;, &#34;&lt;td class=\&#34;col-links\&#34;&gt;&lt;/td&gt;&#34;], &#34;log&#34;: &#34;No log output captured.&#34;}], &#34;tests/test_core.py::test_protected_route_without_token&#34;: [{&#34;extras&#34;: [], &#34;result&#34;: &#34;Passed&#34;, &#34;testId&#34;: &#34;tests/test_core.py::test_protected_route_without_token&#34;, &#34;duration&#34;: &#34;6 ms&#34;, &#34;resultsTableRow&#34;: [&#34;&lt;td class=\&#34;col-result\&#34;&gt;Passed&lt;/td&gt;&#34;, &#34;&lt;td class=\&#34;col-testId\&#34;&gt;tests/test_core.py::test_protected_route_without_token&lt;/td&gt;&#34;, &#34;&lt;td class=\&#34;col-duration\&#34;&gt;6 ms&lt;/td&gt;&#34;, &#34;&lt;td class=\&#34;col-links\&#34;&gt;&lt;/td&gt;&#34;], &#34;log&#34;: &#34;No log output captured.&#34;}], &#34;tests/test_core.py::test_protected_route_with_token&#34;: [{&#34;extras&#34;: [], &#34;result&#34;: &#34;Passed&#34;, &#34;testId&#34;: &#34;tests/test_core.py::test_protected_route_with_token&#34;, &#34;duration&#34;: &#34;119 ms&#34;, &#34;resultsTableRow&#34;: [&#34;&lt;td class=\&#34;col-result\&#34;&gt;Passed&lt;/td&gt;&#34;, &#34;&lt;td class=\&#34;col-testId\&#34;&gt;tests/test_core.py::test_protected_route_with_token&lt;/td&gt;&#34;, &#34;&lt;td class=\&#34;col-duration\&#34;&gt;119 ms&lt;/td&gt;&#34;, &#34;&lt;td class=\&#34;col-links\&#34;&gt;&lt;/td&gt;&#34;], &#34;log&#34;: &#34;----------------------------- Captured stdout call -----------------------------\nResponse data: b&amp;#x27;{&amp;quot;current_page&amp;quot;:1,&amp;quot;items&amp;quot;:[],&amp;quot;pages&amp;quot;:0,&amp;quot;total&amp;quot;:0}\\n&amp;#x27;\n&#34;}], &#34;tests/test_dataset_generation.py::test_get_state_fips&#34;: [{&#34;extras&#34;: [], &#34;result&#34;: &#34;Failed&#34;, &#34;testId&#34;: &#34;tests/test_dataset_generation.py::test_get_state_fips&#34;, &#34;duration&#34;: &#34;0 ms&#34;, &#34;resultsTableRow&#34;: [&#34;&lt;td class=\&#34;col-result\&#34;&gt;Failed&lt;/td&gt;&#34;, &#34;&lt;td class=\&#34;col-testId\&#34;&gt;tests/test_dataset_generation.py::test_get_state_fips&lt;/td&gt;&#34;, &#34;&lt;td class=\&#34;col-duration\&#34;&gt;0 ms&lt;/td&gt;&#34;, &#34;&lt;td class=\&#34;col-links\&#34;&gt;&lt;/td&gt;&#34;], &#34;log&#34;: &#34;def test_get_state_fips():\n        &amp;quot;&amp;quot;&amp;quot;Test the state FIPS code retrieval function&amp;quot;&amp;quot;&amp;quot;\n        # Test with valid state\n&amp;gt;       fips = get_state_fips(&amp;quot;NY&amp;quot;)\nE       TypeError: get_state_fips() takes 0 positional arguments but 1 was given\n\ntests/test_dataset_generation.py:14: TypeError\n&#34;}], &#34;tests/test_dataset_generation.py::test_get_state_places&#34;: [{&#34;extras&#34;: [], &#34;result&#34;: &#34;Passed&#34;, &#34;testId&#34;: &#34;tests/test_dataset_generation.py::test_get_state_places&#34;, &#34;duration&#34;: &#34;00:00:01&#34;, &#34;resultsTableRow&#34;: [&#34;&lt;td class=\&#34;col-result\&#34;&gt;Passed&lt;/td&gt;&#34;, &#34;&lt;td class=\&#34;col-testId\&#34;&gt;tests/test_dataset_generation.py::test_get_state_places&lt;/td&gt;&#34;, &#34;&lt;td class=\&#34;col-duration\&#34;&gt;00:00:01&lt;/td&gt;&#34;, &#34;&lt;td class=\&#34;col-links\&#34;&gt;&lt;/td&gt;&#34;], &#34;log&#34;: &#34;----------------------------- Captured stdout call -----------------------------\nError fetching places for state 99: Expecting value: line 1 column 1 (char 0)\n&#34;}], &#34;tests/test_dataset_generation.py::test_get_detailed_place_data&#34;: [{&#34;extras&#34;: [], &#34;result&#34;: &#34;Failed&#34;, &#34;testId&#34;: &#34;tests/test_dataset_generation.py::test_get_detailed_place_data&#34;, &#34;duration&#34;: &#34;137 ms&#34;, &#34;resultsTableRow&#34;: [&#34;&lt;td class=\&#34;col-result\&#34;&gt;Failed&lt;/td&gt;&#34;, &#34;&lt;td class=\&#34;col-testId\&#34;&gt;tests/test_dataset_generation.py::test_get_detailed_place_data&lt;/td&gt;&#34;, &#34;&lt;td class=\&#34;col-duration\&#34;&gt;137 ms&lt;/td&gt;&#34;, &#34;&lt;td class=\&#34;col-links\&#34;&gt;&lt;/td&gt;&#34;], &#34;log&#34;: &#34;def test_get_detailed_place_data():\n        &amp;quot;&amp;quot;&amp;quot;Test the detailed place data retrieval function&amp;quot;&amp;quot;&amp;quot;\n        # Test with valid place\n        data = get_detailed_place_data(&amp;quot;New York&amp;quot;, &amp;quot;NY&amp;quot;)\n        assert isinstance(data, dict)\n&amp;gt;       assert len(data) &amp;gt; 0\nE       assert 0 &amp;gt; 0\nE        +  where 0 = len({})\n\ntests/test_dataset_generation.py:39: AssertionError\n\n----------------------------- Captured stdout call -----------------------------\nFetching detailed data for place NY in state New York...\nWarning: Failed to get detailed data: error: invalid &amp;#x27;in&amp;#x27; argument\n&#34;}], &#34;tests/test_dataset_generation.py::test_generate_dataset&#34;: [{&#34;extras&#34;: [], &#34;result&#34;: &#34;Failed&#34;, &#34;testId&#34;: &#34;tests/test_dataset_generation.py::test_generate_dataset&#34;, &#34;duration&#34;: &#34;0 ms&#34;, &#34;resultsTableRow&#34;: [&#34;&lt;td class=\&#34;col-result\&#34;&gt;Failed&lt;/td&gt;&#34;, &#34;&lt;td class=\&#34;col-testId\&#34;&gt;tests/test_dataset_generation.py::test_generate_dataset&lt;/td&gt;&#34;, &#34;&lt;td class=\&#34;col-duration\&#34;&gt;0 ms&lt;/td&gt;&#34;, &#34;&lt;td class=\&#34;col-links\&#34;&gt;&lt;/td&gt;&#34;], &#34;log&#34;: &#34;def test_generate_dataset():\n        &amp;quot;&amp;quot;&amp;quot;Test the dataset generation function&amp;quot;&amp;quot;&amp;quot;\n        # Generate a small test dataset\n&amp;gt;       dataset = generate_dataset(limit_states=2)  # Limit to 2 states for testing\nE       TypeError: generate_dataset() got an unexpected keyword argument &amp;#x27;limit_states&amp;#x27;\n\ntests/test_dataset_generation.py:49: TypeError\n&#34;}], &#34;tests/test_dataset_generation.py::test_error_handling&#34;: [{&#34;extras&#34;: [], &#34;result&#34;: &#34;Passed&#34;, &#34;testId&#34;: &#34;tests/test_dataset_generation.py::test_error_handling&#34;, &#34;duration&#34;: &#34;1 ms&#34;, &#34;resultsTableRow&#34;: [&#34;&lt;td class=\&#34;col-result\&#34;&gt;Passed&lt;/td&gt;&#34;, &#34;&lt;td class=\&#34;col-testId\&#34;&gt;tests/test_dataset_generation.py::test_error_handling&lt;/td&gt;&#34;, &#34;&lt;td class=\&#34;col-duration\&#34;&gt;1 ms&lt;/td&gt;&#34;, &#34;&lt;td class=\&#34;col-links\&#34;&gt;&lt;/td&gt;&#34;], &#34;log&#34;: &#34;No log output captured.&#34;}], &#34;tests/test_dataset_generation.py::test_data_consistency&#34;: [{&#34;extras&#34;: [], &#34;result&#34;: &#34;Failed&#34;, &#34;testId&#34;: &#34;tests/test_dataset_generation.py::test_data_consistency&#34;, &#34;duration&#34;: &#34;0 ms&#34;, &#34;resultsTableRow&#34;: [&#34;&lt;td class=\&#34;col-result\&#34;&gt;Failed&lt;/td&gt;&#34;, &#34;&lt;td class=\&#34;col-testId\&#34;&gt;tests/test_dataset_generation.py::test_data_consistency&lt;/td&gt;&#34;, &#34;&lt;td class=\&#34;col-duration\&#34;&gt;0 ms&lt;/td&gt;&#34;, &#34;&lt;td class=\&#34;col-links\&#34;&gt;&lt;/td&gt;&#34;], &#34;log&#34;: &#34;def test_data_consistency():\n        &amp;quot;&amp;quot;&amp;quot;Test data consistency in the generated dataset&amp;quot;&amp;quot;&amp;quot;\n&amp;gt;       dataset = generate_dataset(limit_states=2)\nE       TypeError: generate_dataset() got an unexpected keyword argument &amp;#x27;limit_states&amp;#x27;\n\ntests/test_dataset_generation.py:117: TypeError\n&#34;}], &#34;tests/test_dataset_generation.py::test_file_output&#34;: [{&#34;extras&#34;: [], &#34;result&#34;: &#34;Failed&#34;, &#34;testId&#34;: &#34;tests/test_dataset_generation.py::test_file_output&#34;, &#34;duration&#34;: &#34;0 ms&#34;, &#34;resultsTableRow&#34;: [&#34;&lt;td class=\&#34;col-result\&#34;&gt;Failed&lt;/td&gt;&#34;, &#34;&lt;td class=\&#34;col-testId\&#34;&gt;tests/test_dataset_generation.py::test_file_output&lt;/td&gt;&#34;, &#34;&lt;td class=\&#34;col-duration\&#34;&gt;0 ms&lt;/td&gt;&#34;, &#34;&lt;td class=\&#34;col-links\&#34;&gt;&lt;/td&gt;&#34;], &#34;log&#34;: &#34;def test_file_output():\n        &amp;quot;&amp;quot;&amp;quot;Test that the generated files are created and contain valid data&amp;quot;&amp;quot;&amp;quot;\n        import os\n    \n        # Generate dataset and save files\n&amp;gt;       dataset = generate_dataset(limit_states=2)\nE       TypeError: generate_dataset() got an unexpected keyword argument &amp;#x27;limit_states&amp;#x27;\n\ntests/test_dataset_generation.py:146: TypeError\n&#34;}], &#34;tests/test_frontend.py::test_home_page&#34;: [{&#34;extras&#34;: [], &#34;result&#34;: &#34;Passed&#34;, &#34;testId&#34;: &#34;tests/test_frontend.py::test_home_page&#34;, &#34;duration&#34;: &#34;7 ms&#34;, &#34;resultsTableRow&#34;: [&#34;&lt;td class=\&#34;col-result\&#34;&gt;Passed&lt;/td&gt;&#34;, &#34;&lt;td class=\&#34;col-testId\&#34;&gt;tests/test_frontend.py::test_home_page&lt;/td&gt;&#34;, &#34;&lt;td class=\&#34;col-duration\&#34;&gt;7 ms&lt;/td&gt;&#34;, &#34;&lt;td class=\&#34;col-links\&#34;&gt;&lt;/td&gt;&#34;], &#34;log&#34;: &#34;No log output captured.&#34;}], &#34;tests/test_frontend.py::test_map_page&#34;: [{&#34;extras&#34;: [], &#34;result&#34;: &#34;Failed&#34;, &#34;testId&#34;: &#34;tests/test_frontend.py::test_map_page&#34;, &#34;duration&#34;: &#34;10 ms&#34;, &#34;resultsTableRow&#34;: [&#34;&lt;td class=\&#34;col-result\&#34;&gt;Failed&lt;/td&gt;&#34;, &#34;&lt;td class=\&#34;col-testId\&#34;&gt;tests/test_frontend.py::test_map_page&lt;/td&gt;&#34;, &#34;&lt;td class=\&#34;col-duration\&#34;&gt;10 ms&lt;/td&gt;&#34;, &#34;&lt;td class=\&#34;col-links\&#34;&gt;&lt;/td&gt;&#34;], &#34;log&#34;: &#34;client = &amp;lt;FlaskClient &amp;lt;Flask &amp;#x27;app&amp;#x27;&amp;gt;&amp;gt;\n\n    def test_map_page(client):\n        &amp;quot;&amp;quot;&amp;quot;Test the map page&amp;quot;&amp;quot;&amp;quot;\n&amp;gt;       response = client.get(&amp;#x27;/map&amp;#x27;)\n\ntests/test_frontend.py:34: \n_ _ _ _ _ _ _ _ _ _ _ _ _ _ _ _ _ _ _ _ _ _ _ _ _ _ _ _ _ _ _ _ _ _ _ _ _ _ \nvenv/lib/python3.9/site-packages/werkzeug/test.py:1162: in get\n    return self.open(*args, **kw)\nvenv/lib/python3.9/site-packages/flask/testing.py:234: in open\n    response = super().open(\nvenv/lib/python3.9/site-packages/werkzeug/test.py:1116: in open\n    response_parts = self.run_wsgi_app(request.environ, buffered=buffered)\nvenv/lib/python3.9/site-packages/werkzeug/test.py:988: in run_wsgi_app\n    rv = run_wsgi_app(self.application, environ, buffered=buffered)\nvenv/lib/python3.9/site-packages/werkzeug/test.py:1264: in run_wsgi_app\n    app_rv = app(environ, start_response)\nvenv/lib/python3.9/site-packages/flask/app.py:1536: in __call__\n    return self.wsgi_app(environ, start_response)\nvenv/lib/python3.9/site-packages/flask/app.py:1514: in wsgi_app\n    response = self.handle_exception(e)\nvenv/lib/python3.9/site-packages/flask/app.py:1511: in wsgi_app\n    response = self.full_dispatch_request()\nvenv/lib/python3.9/site-packages/flask/app.py:919: in full_dispatch_request\n    rv = self.handle_user_exception(e)\nvenv/lib/python3.9/site-packages/flask/app.py:917: in full_dispatch_request\n    rv = self.dispatch_request()\nvenv/lib/python3.9/site-packages/flask/app.py:902: in dispatch_request\n    return self.ensure_sync(self.view_functions[rule.endpoint])(**view_args)  # type: ignore[no-any-return]\napp/main/routes.py:13: in map\n    return render_template(&amp;#x27;map.html&amp;#x27;)\nvenv/lib/python3.9/site-packages/flask/templating.py:150: in render_template\n    return _render(app, template, context)\nvenv/lib/python3.9/site-packages/flask/templating.py:131: in _render\n    rv = template.render(context)\nvenv/lib/python3.9/site-packages/jinja2/environment.py:1295: in render\n    self.environment.handle_exception()\nvenv/lib/python3.9/site-packages/jinja2/environment.py:942: in handle_exception\n    raise rewrite_traceback_stack(source=source)\napp/templates/map.html:1: in top-level template code\n    {% extends &amp;quot;base.html&amp;quot; %}\napp/templates/base.html:17: in top-level template code\n    {% if current_user.is_authenticated %}\n_ _ _ _ _ _ _ _ _ _ _ _ _ _ _ _ _ _ _ _ _ _ _ _ _ _ _ _ _ _ _ _ _ _ _ _ _ _ \n\nself = &amp;lt;flask.templating.Environment object at 0x1178fd2b0&amp;gt;, obj = Undefined\nattribute = &amp;#x27;is_authenticated&amp;#x27;\n\n    def getattr(self, obj: t.Any, attribute: str) -&amp;gt; t.Any:\n        &amp;quot;&amp;quot;&amp;quot;Get an item or attribute of an object but prefer the attribute.\n        Unlike :meth:`getitem` the attribute *must* be a string.\n        &amp;quot;&amp;quot;&amp;quot;\n        try:\n&amp;gt;           return getattr(obj, attribute)\nE           jinja2.exceptions.UndefinedError: &amp;#x27;current_user&amp;#x27; is undefined\n\nvenv/lib/python3.9/site-packages/jinja2/environment.py:490: UndefinedError\n&#34;}], &#34;tests/test_frontend.py::test_upload_page&#34;: [{&#34;extras&#34;: [], &#34;result&#34;: &#34;Failed&#34;, &#34;testId&#34;: &#34;tests/test_frontend.py::test_upload_page&#34;, &#34;duration&#34;: &#34;10 ms&#34;, &#34;resultsTableRow&#34;: [&#34;&lt;td class=\&#34;col-result\&#34;&gt;Failed&lt;/td&gt;&#34;, &#34;&lt;td class=\&#34;col-testId\&#34;&gt;tests/test_frontend.py::test_upload_page&lt;/td&gt;&#34;, &#34;&lt;td class=\&#34;col-duration\&#34;&gt;10 ms&lt;/td&gt;&#34;, &#34;&lt;td class=\&#34;col-links\&#34;&gt;&lt;/td&gt;&#34;], &#34;log&#34;: &#34;client = &amp;lt;FlaskClient &amp;lt;Flask &amp;#x27;app&amp;#x27;&amp;gt;&amp;gt;\n\n    def test_upload_page(client):\n        &amp;quot;&amp;quot;&amp;quot;Test the upload page&amp;quot;&amp;quot;&amp;quot;\n&amp;gt;       response = client.get(&amp;#x27;/upload&amp;#x27;)\n\ntests/test_frontend.py:40: \n_ _ _ _ _ _ _ _ _ _ _ _ _ _ _ _ _ _ _ _ _ _ _ _ _ _ _ _ _ _ _ _ _ _ _ _ _ _ \nvenv/lib/python3.9/site-packages/werkzeug/test.py:1162: in get\n    return self.open(*args, **kw)\nvenv/lib/python3.9/site-packages/flask/testing.py:234: in open\n    response = super().open(\nvenv/lib/python3.9/site-packages/werkzeug/test.py:1116: in open\n    response_parts = self.run_wsgi_app(request.environ, buffered=buffered)\nvenv/lib/python3.9/site-packages/werkzeug/test.py:988: in run_wsgi_app\n    rv = run_wsgi_app(self.application, environ, buffered=buffered)\nvenv/lib/python3.9/site-packages/werkzeug/test.py:1264: in run_wsgi_app\n    app_rv = app(environ, start_response)\nvenv/lib/python3.9/site-packages/flask/app.py:1536: in __call__\n    return self.wsgi_app(environ, start_response)\nvenv/lib/python3.9/site-packages/flask/app.py:1514: in wsgi_app\n    response = self.handle_exception(e)\nvenv/lib/python3.9/site-packages/flask/app.py:1511: in wsgi_app\n    response = self.full_dispatch_request()\nvenv/lib/python3.9/site-packages/flask/app.py:919: in full_dispatch_request\n    rv = self.handle_user_exception(e)\nvenv/lib/python3.9/site-packages/flask/app.py:917: in full_dispatch_request\n    rv = self.dispatch_request()\nvenv/lib/python3.9/site-packages/flask/app.py:902: in dispatch_request\n    return self.ensure_sync(self.view_functions[rule.endpoint])(**view_args)  # type: ignore[no-any-return]\napp/main/routes.py:29: in upload\n    return render_template(&amp;#x27;upload.html&amp;#x27;)\nvenv/lib/python3.9/site-packages/flask/templating.py:150: in render_template\n    return _render(app, template, context)\nvenv/lib/python3.9/site-packages/flask/templating.py:131: in _render\n    rv = template.render(context)\nvenv/lib/python3.9/site-packages/jinja2/environment.py:1295: in render\n    self.environment.handle_exception()\nvenv/lib/python3.9/site-packages/jinja2/environment.py:942: in handle_exception\n    raise rewrite_traceback_stack(source=source)\napp/templates/upload.html:1: in top-level template code\n    {% extends &amp;quot;base.html&amp;quot; %}\napp/templates/base.html:17: in top-level template code\n    {% if current_user.is_authenticated %}\n_ _ _ _ _ _ _ _ _ _ _ _ _ _ _ _ _ _ _ _ _ _ _ _ _ _ _ _ _ _ _ _ _ _ _ _ _ _ \n\nself = &amp;lt;flask.templating.Environment object at 0x117863eb0&amp;gt;, obj = Undefined\nattribute = &amp;#x27;is_authenticated&amp;#x27;\n\n    def getattr(self, obj: t.Any, attribute: str) -&amp;gt; t.Any:\n        &amp;quot;&amp;quot;&amp;quot;Get an item or attribute of an object but prefer the attribute.\n        Unlike :meth:`getitem` the attribute *must* be a string.\n        &amp;quot;&amp;quot;&amp;quot;\n        try:\n&amp;gt;           return getattr(obj, attribute)\nE           jinja2.exceptions.UndefinedError: &amp;#x27;current_user&amp;#x27; is undefined\n\nvenv/lib/python3.9/site-packages/jinja2/environment.py:490: UndefinedError\n&#34;}], &#34;tests/test_frontend.py::test_calculation_form&#34;: [{&#34;extras&#34;: [], &#34;result&#34;: &#34;Failed&#34;, &#34;testId&#34;: &#34;tests/test_frontend.py::test_calculation_form&#34;, &#34;duration&#34;: &#34;9 ms&#34;, &#34;resultsTableRow&#34;: [&#34;&lt;td class=\&#34;col-result\&#34;&gt;Failed&lt;/td&gt;&#34;, &#34;&lt;td class=\&#34;col-testId\&#34;&gt;tests/test_frontend.py::test_calculation_form&lt;/td&gt;&#34;, &#34;&lt;td class=\&#34;col-duration\&#34;&gt;9 ms&lt;/td&gt;&#34;, &#34;&lt;td class=\&#34;col-links\&#34;&gt;&lt;/td&gt;&#34;], &#34;log&#34;: &#34;client = &amp;lt;FlaskClient &amp;lt;Flask &amp;#x27;app&amp;#x27;&amp;gt;&amp;gt;\n\n    def test_calculation_form(client):\n        &amp;quot;&amp;quot;&amp;quot;Test the calculation form&amp;quot;&amp;quot;&amp;quot;\n&amp;gt;       response = client.get(&amp;#x27;/calculate&amp;#x27;)\n\ntests/test_frontend.py:46: \n_ _ _ _ _ _ _ _ _ _ _ _ _ _ _ _ _ _ _ _ _ _ _ _ _ _ _ _ _ _ _ _ _ _ _ _ _ _ \nvenv/lib/python3.9/site-packages/werkzeug/test.py:1162: in get\n    return self.open(*args, **kw)\nvenv/lib/python3.9/site-packages/flask/testing.py:234: in open\n    response = super().open(\nvenv/lib/python3.9/site-packages/werkzeug/test.py:1116: in open\n    response_parts = self.run_wsgi_app(request.environ, buffered=buffered)\nvenv/lib/python3.9/site-packages/werkzeug/test.py:988: in run_wsgi_app\n    rv = run_wsgi_app(self.application, environ, buffered=buffered)\nvenv/lib/python3.9/site-packages/werkzeug/test.py:1264: in run_wsgi_app\n    app_rv = app(environ, start_response)\nvenv/lib/python3.9/site-packages/flask/app.py:1536: in __call__\n    return self.wsgi_app(environ, start_response)\nvenv/lib/python3.9/site-packages/flask/app.py:1514: in wsgi_app\n    response = self.handle_exception(e)\nvenv/lib/python3.9/site-packages/flask/app.py:1511: in wsgi_app\n    response = self.full_dispatch_request()\nvenv/lib/python3.9/site-packages/flask/app.py:919: in full_dispatch_request\n    rv = self.handle_user_exception(e)\nvenv/lib/python3.9/site-packages/flask/app.py:917: in full_dispatch_request\n    rv = self.dispatch_request()\nvenv/lib/python3.9/site-packages/flask/app.py:902: in dispatch_request\n    return self.ensure_sync(self.view_functions[rule.endpoint])(**view_args)  # type: ignore[no-any-return]\napp/main/routes.py:36: in calculate\n    return render_template(&amp;#x27;calculate.html&amp;#x27;)\nvenv/lib/python3.9/site-packages/flask/templating.py:150: in render_template\n    return _render(app, template, context)\nvenv/lib/python3.9/site-packages/flask/templating.py:131: in _render\n    rv = template.render(context)\nvenv/lib/python3.9/site-packages/jinja2/environment.py:1295: in render\n    self.environment.handle_exception()\nvenv/lib/python3.9/site-packages/jinja2/environment.py:942: in handle_exception\n    raise rewrite_traceback_stack(source=source)\napp/templates/calculate.html:1: in top-level template code\n    {% extends &amp;quot;base.html&amp;quot; %}\napp/templates/base.html:17: in top-level template code\n    {% if current_user.is_authenticated %}\n_ _ _ _ _ _ _ _ _ _ _ _ _ _ _ _ _ _ _ _ _ _ _ _ _ _ _ _ _ _ _ _ _ _ _ _ _ _ \n\nself = &amp;lt;flask.templating.Environment object at 0x11713c8e0&amp;gt;, obj = Undefined\nattribute = &amp;#x27;is_authenticated&amp;#x27;\n\n    def getattr(self, obj: t.Any, attribute: str) -&amp;gt; t.Any:\n        &amp;quot;&amp;quot;&amp;quot;Get an item or attribute of an object but prefer the attribute.\n        Unlike :meth:`getitem` the attribute *must* be a string.\n        &amp;quot;&amp;quot;&amp;quot;\n        try:\n&amp;gt;           return getattr(obj, attribute)\nE           jinja2.exceptions.UndefinedError: &amp;#x27;current_user&amp;#x27; is undefined\n\nvenv/lib/python3.9/site-packages/jinja2/environment.py:490: UndefinedError\n&#34;}], &#34;tests/test_frontend.py::test_search_functionality&#34;: [{&#34;extras&#34;: [], &#34;result&#34;: &#34;Failed&#34;, &#34;testId&#34;: &#34;tests/test_frontend.py::test_search_functionality&#34;, &#34;duration&#34;: &#34;6 ms&#34;, &#34;resultsTableRow&#34;: [&#34;&lt;td class=\&#34;col-result\&#34;&gt;Failed&lt;/td&gt;&#34;, &#34;&lt;td class=\&#34;col-testId\&#34;&gt;tests/test_frontend.py::test_search_functionality&lt;/td&gt;&#34;, &#34;&lt;td class=\&#34;col-duration\&#34;&gt;6 ms&lt;/td&gt;&#34;, &#34;&lt;td class=\&#34;col-links\&#34;&gt;&lt;/td&gt;&#34;], &#34;log&#34;: &#34;client = &amp;lt;FlaskClient &amp;lt;Flask &amp;#x27;app&amp;#x27;&amp;gt;&amp;gt;\n\n    def test_search_functionality(client):\n        &amp;quot;&amp;quot;&amp;quot;Test the search functionality&amp;quot;&amp;quot;&amp;quot;\n        response = client.get(&amp;#x27;/api/search?q=New York&amp;#x27;)\n        assert response.status_code == 200\n        data = response.get_json()\n&amp;gt;       assert isinstance(data, list)\nE       AssertionError: assert False\nE        +  where False = isinstance({&amp;#x27;query&amp;#x27;: &amp;#x27;New York&amp;#x27;, &amp;#x27;results&amp;#x27;: [{&amp;#x27;name&amp;#x27;: &amp;#x27;New York, NY&amp;#x27;, &amp;#x27;population&amp;#x27;: 8400000}, {&amp;#x27;name&amp;#x27;: &amp;#x27;New York Mills, NY&amp;#x27;, &amp;#x27;population&amp;#x27;: 3300}, {&amp;#x27;name&amp;#x27;: &amp;#x27;New York Mills, MN&amp;#x27;, &amp;#x27;population&amp;#x27;: 1200}]}, list)\n\ntests/test_frontend.py:55: AssertionError\n&#34;}], &#34;tests/test_frontend.py::test_results_display&#34;: [{&#34;extras&#34;: [], &#34;result&#34;: &#34;Failed&#34;, &#34;testId&#34;: &#34;tests/test_frontend.py::test_results_display&#34;, &#34;duration&#34;: &#34;6 ms&#34;, &#34;resultsTableRow&#34;: [&#34;&lt;td class=\&#34;col-result\&#34;&gt;Failed&lt;/td&gt;&#34;, &#34;&lt;td class=\&#34;col-testId\&#34;&gt;tests/test_frontend.py::test_results_display&lt;/td&gt;&#34;, &#34;&lt;td class=\&#34;col-duration\&#34;&gt;6 ms&lt;/td&gt;&#34;, &#34;&lt;td class=\&#34;col-links\&#34;&gt;&lt;/td&gt;&#34;], &#34;log&#34;: &#34;client = &amp;lt;FlaskClient &amp;lt;Flask &amp;#x27;app&amp;#x27;&amp;gt;&amp;gt;\n\n    def test_results_display(client):\n        &amp;quot;&amp;quot;&amp;quot;Test the results display&amp;quot;&amp;quot;&amp;quot;\n        # Create test data\n        test_data = {\n            &amp;#x27;geographic_area&amp;#x27;: &amp;#x27;New York, NY&amp;#x27;,\n            &amp;#x27;population&amp;#x27;: 8000000\n        }\n        response = client.post(&amp;#x27;/api/calculate&amp;#x27;, json=test_data)\n&amp;gt;       assert response.status_code == 200\nE       assert 401 == 200\nE        +  where 401 = &amp;lt;WrapperTestResponse streamed [401 UNAUTHORIZED]&amp;gt;.status_code\n\ntests/test_frontend.py:65: AssertionError\n&#34;}], &#34;tests/test_frontend.py::test_error_messages&#34;: [{&#34;extras&#34;: [], &#34;result&#34;: &#34;Failed&#34;, &#34;testId&#34;: &#34;tests/test_frontend.py::test_error_messages&#34;, &#34;duration&#34;: &#34;5 ms&#34;, &#34;resultsTableRow&#34;: [&#34;&lt;td class=\&#34;col-result\&#34;&gt;Failed&lt;/td&gt;&#34;, &#34;&lt;td class=\&#34;col-testId\&#34;&gt;tests/test_frontend.py::test_error_messages&lt;/td&gt;&#34;, &#34;&lt;td class=\&#34;col-duration\&#34;&gt;5 ms&lt;/td&gt;&#34;, &#34;&lt;td class=\&#34;col-links\&#34;&gt;&lt;/td&gt;&#34;], &#34;log&#34;: &#34;client = &amp;lt;FlaskClient &amp;lt;Flask &amp;#x27;app&amp;#x27;&amp;gt;&amp;gt;\n\n    def test_error_messages(client):\n        &amp;quot;&amp;quot;&amp;quot;Test error message display&amp;quot;&amp;quot;&amp;quot;\n        # Test with invalid data\n        response = client.post(&amp;#x27;/api/calculate&amp;#x27;, json={})\n&amp;gt;       assert response.status_code == 400\nE       assert 401 == 400\nE        +  where 401 = &amp;lt;WrapperTestResponse streamed [401 UNAUTHORIZED]&amp;gt;.status_code\n\ntests/test_frontend.py:73: AssertionError\n&#34;}], &#34;tests/test_frontend.py::test_responsive_design&#34;: [{&#34;extras&#34;: [], &#34;result&#34;: &#34;Passed&#34;, &#34;testId&#34;: &#34;tests/test_frontend.py::test_responsive_design&#34;, &#34;duration&#34;: &#34;7 ms&#34;, &#34;resultsTableRow&#34;: [&#34;&lt;td class=\&#34;col-result\&#34;&gt;Passed&lt;/td&gt;&#34;, &#34;&lt;td class=\&#34;col-testId\&#34;&gt;tests/test_frontend.py::test_responsive_design&lt;/td&gt;&#34;, &#34;&lt;td class=\&#34;col-duration\&#34;&gt;7 ms&lt;/td&gt;&#34;, &#34;&lt;td class=\&#34;col-links\&#34;&gt;&lt;/td&gt;&#34;], &#34;log&#34;: &#34;No log output captured.&#34;}], &#34;tests/test_frontend.py::test_loading_states&#34;: [{&#34;extras&#34;: [], &#34;result&#34;: &#34;Failed&#34;, &#34;testId&#34;: &#34;tests/test_frontend.py::test_loading_states&#34;, &#34;duration&#34;: &#34;6 ms&#34;, &#34;resultsTableRow&#34;: [&#34;&lt;td class=\&#34;col-result\&#34;&gt;Failed&lt;/td&gt;&#34;, &#34;&lt;td class=\&#34;col-testId\&#34;&gt;tests/test_frontend.py::test_loading_states&lt;/td&gt;&#34;, &#34;&lt;td class=\&#34;col-duration\&#34;&gt;6 ms&lt;/td&gt;&#34;, &#34;&lt;td class=\&#34;col-links\&#34;&gt;&lt;/td&gt;&#34;], &#34;log&#34;: &#34;client = &amp;lt;FlaskClient &amp;lt;Flask &amp;#x27;app&amp;#x27;&amp;gt;&amp;gt;\n\n    def test_loading_states(client):\n        &amp;quot;&amp;quot;&amp;quot;Test loading states&amp;quot;&amp;quot;&amp;quot;\n        response = client.get(&amp;#x27;/api/search?q=New York&amp;#x27;)\n        assert response.status_code == 200\n        # Check for loading indicator in response\n&amp;gt;       assert b&amp;#x27;loading&amp;#x27; in response.data\nE       assert b&amp;#x27;loading&amp;#x27; in b&amp;#x27;{&amp;quot;query&amp;quot;:&amp;quot;New York&amp;quot;,&amp;quot;results&amp;quot;:[{&amp;quot;name&amp;quot;:&amp;quot;New York, NY&amp;quot;,&amp;quot;population&amp;quot;:8400000},{&amp;quot;name&amp;quot;:&amp;quot;New York Mills, NY&amp;quot;,&amp;quot;population&amp;quot;:3300},{&amp;quot;name&amp;quot;:&amp;quot;New York Mills, MN&amp;quot;,&amp;quot;population&amp;quot;:1200}]}\\n&amp;#x27;\nE        +  where b&amp;#x27;{&amp;quot;query&amp;quot;:&amp;quot;New York&amp;quot;,&amp;quot;results&amp;quot;:[{&amp;quot;name&amp;quot;:&amp;quot;New York, NY&amp;quot;,&amp;quot;population&amp;quot;:8400000},{&amp;quot;name&amp;quot;:&amp;quot;New York Mills, NY&amp;quot;,&amp;quot;population&amp;quot;:3300},{&amp;quot;name&amp;quot;:&amp;quot;New York Mills, MN&amp;quot;,&amp;quot;population&amp;quot;:1200}]}\\n&amp;#x27; = &amp;lt;WrapperTestResponse 174 bytes [200 OK]&amp;gt;.data\n\ntests/test_frontend.py:88: AssertionError\n&#34;}], &#34;tests/test_frontend.py::test_accessibility&#34;: [{&#34;extras&#34;: [], &#34;result&#34;: &#34;Passed&#34;, &#34;testId&#34;: &#34;tests/test_frontend.py::test_accessibility&#34;, &#34;duration&#34;: &#34;7 ms&#34;, &#34;resultsTableRow&#34;: [&#34;&lt;td class=\&#34;col-result\&#34;&gt;Passed&lt;/td&gt;&#34;, &#34;&lt;td class=\&#34;col-testId\&#34;&gt;tests/test_frontend.py::test_accessibility&lt;/td&gt;&#34;, &#34;&lt;td class=\&#34;col-duration\&#34;&gt;7 ms&lt;/td&gt;&#34;, &#34;&lt;td class=\&#34;col-links\&#34;&gt;&lt;/td&gt;&#34;], &#34;log&#34;: &#34;No log output captured.&#34;}], &#34;tests/test_main.py::test_main&#34;: [{&#34;extras&#34;: [], &#34;result&#34;: &#34;Passed&#34;, &#34;testId&#34;: &#34;tests/test_main.py::test_main&#34;, &#34;duration&#34;: &#34;0 ms&#34;, &#34;resultsTableRow&#34;: [&#34;&lt;td class=\&#34;col-result\&#34;&gt;Passed&lt;/td&gt;&#34;, &#34;&lt;td class=\&#34;col-testId\&#34;&gt;tests/test_main.py::test_main&lt;/td&gt;&#34;, &#34;&lt;td class=\&#34;col-duration\&#34;&gt;0 ms&lt;/td&gt;&#34;, &#34;&lt;td class=\&#34;col-links\&#34;&gt;&lt;/td&gt;&#34;], &#34;log&#34;: &#34;No log output captured.&#34;}], &#34;tests/test_map.py::test_map_initialization&#34;: [{&#34;extras&#34;: [], &#34;result&#34;: &#34;Failed&#34;, &#34;testId&#34;: &#34;tests/test_map.py::test_map_initialization&#34;, &#34;duration&#34;: &#34;7 ms&#34;, &#34;resultsTableRow&#34;: [&#34;&lt;td class=\&#34;col-result\&#34;&gt;Failed&lt;/td&gt;&#34;, &#34;&lt;td class=\&#34;col-testId\&#34;&gt;tests/test_map.py::test_map_initialization&lt;/td&gt;&#34;, &#34;&lt;td class=\&#34;col-duration\&#34;&gt;7 ms&lt;/td&gt;&#34;, &#34;&lt;td class=\&#34;col-links\&#34;&gt;&lt;/td&gt;&#34;], &#34;log&#34;: &#34;client = &amp;lt;FlaskClient &amp;lt;Flask &amp;#x27;app&amp;#x27;&amp;gt;&amp;gt;\n\n    def test_map_initialization(client):\n        &amp;quot;&amp;quot;&amp;quot;Test map initialization endpoint&amp;quot;&amp;quot;&amp;quot;\n        response = client.get(&amp;#x27;/api/map/init&amp;#x27;)\n    \n&amp;gt;       assert response.status_code == 200\nE       assert 404 == 200\nE        +  where 404 = &amp;lt;WrapperTestResponse streamed [404 NOT FOUND]&amp;gt;.status_code\n\ntests/test_map.py:31: AssertionError\n&#34;}], &#34;tests/test_map.py::test_location_search&#34;: [{&#34;extras&#34;: [], &#34;result&#34;: &#34;Failed&#34;, &#34;testId&#34;: &#34;tests/test_map.py::test_location_search&#34;, &#34;duration&#34;: &#34;6 ms&#34;, &#34;resultsTableRow&#34;: [&#34;&lt;td class=\&#34;col-result\&#34;&gt;Failed&lt;/td&gt;&#34;, &#34;&lt;td class=\&#34;col-testId\&#34;&gt;tests/test_map.py::test_location_search&lt;/td&gt;&#34;, &#34;&lt;td class=\&#34;col-duration\&#34;&gt;6 ms&lt;/td&gt;&#34;, &#34;&lt;td class=\&#34;col-links\&#34;&gt;&lt;/td&gt;&#34;], &#34;log&#34;: &#34;client = &amp;lt;FlaskClient &amp;lt;Flask &amp;#x27;app&amp;#x27;&amp;gt;&amp;gt;\ntest_location = {&amp;#x27;geographic_area&amp;#x27;: &amp;#x27;Test City&amp;#x27;, &amp;#x27;latitude&amp;#x27;: 40.7128, &amp;#x27;longitude&amp;#x27;: -74.006, &amp;#x27;total_population&amp;#x27;: 1000000}\n\n    def test_location_search(client, test_location):\n        &amp;quot;&amp;quot;&amp;quot;Test location search functionality&amp;quot;&amp;quot;&amp;quot;\n        # First add test location to database\n&amp;gt;       with app.app_context():\nE       AttributeError: &amp;#x27;function&amp;#x27; object has no attribute &amp;#x27;app_context&amp;#x27;\n\ntests/test_map.py:41: AttributeError\n&#34;}], &#34;tests/test_map.py::test_invalid_location_search&#34;: [{&#34;extras&#34;: [], &#34;result&#34;: &#34;Failed&#34;, &#34;testId&#34;: &#34;tests/test_map.py::test_invalid_location_search&#34;, &#34;duration&#34;: &#34;6 ms&#34;, &#34;resultsTableRow&#34;: [&#34;&lt;td class=\&#34;col-result\&#34;&gt;Failed&lt;/td&gt;&#34;, &#34;&lt;td class=\&#34;col-testId\&#34;&gt;tests/test_map.py::test_invalid_location_search&lt;/td&gt;&#34;, &#34;&lt;td class=\&#34;col-duration\&#34;&gt;6 ms&lt;/td&gt;&#34;, &#34;&lt;td class=\&#34;col-links\&#34;&gt;&lt;/td&gt;&#34;], &#34;log&#34;: &#34;client = &amp;lt;FlaskClient &amp;lt;Flask &amp;#x27;app&amp;#x27;&amp;gt;&amp;gt;\n\n    def test_invalid_location_search(client):\n        &amp;quot;&amp;quot;&amp;quot;Test search with invalid location&amp;quot;&amp;quot;&amp;quot;\n        response = client.get(&amp;#x27;/api/search?q=NonexistentCity&amp;#x27;)\n    \n        assert response.status_code == 200\n        data = response.get_json()\n&amp;gt;       assert len(data) == 0\nE       AssertionError: assert 2 == 0\nE        +  where 2 = len({&amp;#x27;query&amp;#x27;: &amp;#x27;NonexistentCity&amp;#x27;, &amp;#x27;results&amp;#x27;: [{&amp;#x27;name&amp;#x27;: &amp;#x27;New York, NY&amp;#x27;, &amp;#x27;population&amp;#x27;: 8400000}, {&amp;#x27;name&amp;#x27;: &amp;#x27;New York Mills, NY&amp;#x27;, &amp;#x27;population&amp;#x27;: 3300}, {&amp;#x27;name&amp;#x27;: &amp;#x27;New York Mills, MN&amp;#x27;, &amp;#x27;population&amp;#x27;: 1200}]})\n\ntests/test_map.py:63: AssertionError\n&#34;}], &#34;tests/test_map.py::test_marker_placement&#34;: [{&#34;extras&#34;: [], &#34;result&#34;: &#34;Failed&#34;, &#34;testId&#34;: &#34;tests/test_map.py::test_marker_placement&#34;, &#34;duration&#34;: &#34;5 ms&#34;, &#34;resultsTableRow&#34;: [&#34;&lt;td class=\&#34;col-result\&#34;&gt;Failed&lt;/td&gt;&#34;, &#34;&lt;td class=\&#34;col-testId\&#34;&gt;tests/test_map.py::test_marker_placement&lt;/td&gt;&#34;, &#34;&lt;td class=\&#34;col-duration\&#34;&gt;5 ms&lt;/td&gt;&#34;, &#34;&lt;td class=\&#34;col-links\&#34;&gt;&lt;/td&gt;&#34;], &#34;log&#34;: &#34;client = &amp;lt;FlaskClient &amp;lt;Flask &amp;#x27;app&amp;#x27;&amp;gt;&amp;gt;\ntest_location = {&amp;#x27;geographic_area&amp;#x27;: &amp;#x27;Test City&amp;#x27;, &amp;#x27;latitude&amp;#x27;: 40.7128, &amp;#x27;longitude&amp;#x27;: -74.006, &amp;#x27;total_population&amp;#x27;: 1000000}\n\n    def test_marker_placement(client, test_location):\n        &amp;quot;&amp;quot;&amp;quot;Test marker placement on map&amp;quot;&amp;quot;&amp;quot;\n        response = client.post(&amp;#x27;/api/map/marker&amp;#x27;, json=test_location)\n    \n&amp;gt;       assert response.status_code == 200\nE       assert 404 == 200\nE        +  where 404 = &amp;lt;WrapperTestResponse streamed [404 NOT FOUND]&amp;gt;.status_code\n\ntests/test_map.py:69: AssertionError\n&#34;}], &#34;tests/test_map.py::test_popup_content&#34;: [{&#34;extras&#34;: [], &#34;result&#34;: &#34;Failed&#34;, &#34;testId&#34;: &#34;tests/test_map.py::test_popup_content&#34;, &#34;duration&#34;: &#34;7 ms&#34;, &#34;resultsTableRow&#34;: [&#34;&lt;td class=\&#34;col-result\&#34;&gt;Failed&lt;/td&gt;&#34;, &#34;&lt;td class=\&#34;col-testId\&#34;&gt;tests/test_map.py::test_popup_content&lt;/td&gt;&#34;, &#34;&lt;td class=\&#34;col-duration\&#34;&gt;7 ms&lt;/td&gt;&#34;, &#34;&lt;td class=\&#34;col-links\&#34;&gt;&lt;/td&gt;&#34;], &#34;log&#34;: &#34;client = &amp;lt;FlaskClient &amp;lt;Flask &amp;#x27;app&amp;#x27;&amp;gt;&amp;gt;\ntest_location = {&amp;#x27;geographic_area&amp;#x27;: &amp;#x27;Test City&amp;#x27;, &amp;#x27;latitude&amp;#x27;: 40.7128, &amp;#x27;longitude&amp;#x27;: -74.006, &amp;#x27;total_population&amp;#x27;: 1000000}\n\n    def test_popup_content(client, test_location):\n        &amp;quot;&amp;quot;&amp;quot;Test popup content for markers&amp;quot;&amp;quot;&amp;quot;\n        response = client.post(&amp;#x27;/api/map/popup&amp;#x27;, json=test_location)\n    \n&amp;gt;       assert response.status_code == 200\nE       assert 404 == 200\nE        +  where 404 = &amp;lt;WrapperTestResponse streamed [404 NOT FOUND]&amp;gt;.status_code\n\ntests/test_map.py:80: AssertionError\n&#34;}], &#34;tests/test_map.py::test_map_bounds&#34;: [{&#34;extras&#34;: [], &#34;result&#34;: &#34;Failed&#34;, &#34;testId&#34;: &#34;tests/test_map.py::test_map_bounds&#34;, &#34;duration&#34;: &#34;6 ms&#34;, &#34;resultsTableRow&#34;: [&#34;&lt;td class=\&#34;col-result\&#34;&gt;Failed&lt;/td&gt;&#34;, &#34;&lt;td class=\&#34;col-testId\&#34;&gt;tests/test_map.py::test_map_bounds&lt;/td&gt;&#34;, &#34;&lt;td class=\&#34;col-duration\&#34;&gt;6 ms&lt;/td&gt;&#34;, &#34;&lt;td class=\&#34;col-links\&#34;&gt;&lt;/td&gt;&#34;], &#34;log&#34;: &#34;client = &amp;lt;FlaskClient &amp;lt;Flask &amp;#x27;app&amp;#x27;&amp;gt;&amp;gt;\n\n    def test_map_bounds(client):\n        &amp;quot;&amp;quot;&amp;quot;Test map bounds calculation&amp;quot;&amp;quot;&amp;quot;\n        locations = [\n            {&amp;#x27;latitude&amp;#x27;: 40.7128, &amp;#x27;longitude&amp;#x27;: -74.0060},\n            {&amp;#x27;latitude&amp;#x27;: 34.0522, &amp;#x27;longitude&amp;#x27;: -118.2437}\n        ]\n    \n        response = client.post(&amp;#x27;/api/map/bounds&amp;#x27;, json={&amp;#x27;locations&amp;#x27;: locations})\n    \n&amp;gt;       assert response.status_code == 200\nE       assert 404 == 200\nE        +  where 404 = &amp;lt;WrapperTestResponse streamed [404 NOT FOUND]&amp;gt;.status_code\n\ntests/test_map.py:97: AssertionError\n&#34;}], &#34;tests/test_map.py::test_map_zoom_level&#34;: [{&#34;extras&#34;: [], &#34;result&#34;: &#34;Failed&#34;, &#34;testId&#34;: &#34;tests/test_map.py::test_map_zoom_level&#34;, &#34;duration&#34;: &#34;6 ms&#34;, &#34;resultsTableRow&#34;: [&#34;&lt;td class=\&#34;col-result\&#34;&gt;Failed&lt;/td&gt;&#34;, &#34;&lt;td class=\&#34;col-testId\&#34;&gt;tests/test_map.py::test_map_zoom_level&lt;/td&gt;&#34;, &#34;&lt;td class=\&#34;col-duration\&#34;&gt;6 ms&lt;/td&gt;&#34;, &#34;&lt;td class=\&#34;col-links\&#34;&gt;&lt;/td&gt;&#34;], &#34;log&#34;: &#34;client = &amp;lt;FlaskClient &amp;lt;Flask &amp;#x27;app&amp;#x27;&amp;gt;&amp;gt;\n\n    def test_map_zoom_level(client):\n        &amp;quot;&amp;quot;&amp;quot;Test map zoom level calculation&amp;quot;&amp;quot;&amp;quot;\n        bounds = {\n            &amp;#x27;north&amp;#x27;: 40.7128,\n            &amp;#x27;south&amp;#x27;: 34.0522,\n            &amp;#x27;east&amp;#x27;: -74.0060,\n            &amp;#x27;west&amp;#x27;: -118.2437\n        }\n    \n        response = client.post(&amp;#x27;/api/map/zoom&amp;#x27;, json=bounds)\n    \n&amp;gt;       assert response.status_code == 200\nE       assert 404 == 200\nE        +  where 404 = &amp;lt;WrapperTestResponse streamed [404 NOT FOUND]&amp;gt;.status_code\n\ntests/test_map.py:116: AssertionError\n&#34;}], &#34;tests/test_migrations.py::test_migration_upgrade&#34;: [{&#34;extras&#34;: [], &#34;result&#34;: &#34;Failed&#34;, &#34;testId&#34;: &#34;tests/test_migrations.py::test_migration_upgrade&#34;, &#34;duration&#34;: &#34;5 ms&#34;, &#34;resultsTableRow&#34;: [&#34;&lt;td class=\&#34;col-result\&#34;&gt;Failed&lt;/td&gt;&#34;, &#34;&lt;td class=\&#34;col-testId\&#34;&gt;tests/test_migrations.py::test_migration_upgrade&lt;/td&gt;&#34;, &#34;&lt;td class=\&#34;col-duration\&#34;&gt;5 ms&lt;/td&gt;&#34;, &#34;&lt;td class=\&#34;col-links\&#34;&gt;&lt;/td&gt;&#34;], &#34;log&#34;: &#34;self = &amp;lt;sqlalchemy.engine.base.Connection object at 0x117a4b3d0&amp;gt;\nstatement = &amp;#x27;SELECT version_num FROM alembic_version&amp;#x27;, parameters = None\n\n    def execute(\n        self,\n        statement: Executable,\n        parameters: Optional[_CoreAnyExecuteParams] = None,\n        *,\n        execution_options: Optional[CoreExecuteOptionsParameter] = None,\n    ) -&amp;gt; CursorResult[Any]:\n        r&amp;quot;&amp;quot;&amp;quot;Executes a SQL statement construct and returns a\n        :class:`_engine.CursorResult`.\n    \n        :param statement: The statement to be executed.  This is always\n         an object that is in both the :class:`_expression.ClauseElement` and\n         :class:`_expression.Executable` hierarchies, including:\n    \n         * :class:`_expression.Select`\n         * :class:`_expression.Insert`, :class:`_expression.Update`,\n           :class:`_expression.Delete`\n         * :class:`_expression.TextClause` and\n           :class:`_expression.TextualSelect`\n         * :class:`_schema.DDL` and objects which inherit from\n           :class:`_schema.ExecutableDDLElement`\n    \n        :param parameters: parameters which will be bound into the statement.\n         This may be either a dictionary of parameter names to values,\n         or a mutable sequence (e.g. a list) of dictionaries.  When a\n         list of dictionaries is passed, the underlying statement execution\n         will make use of the DBAPI ``cursor.executemany()`` method.\n         When a single dictionary is passed, the DBAPI ``cursor.execute()``\n         method will be used.\n    \n        :param execution_options: optional dictionary of execution options,\n         which will be associated with the statement execution.  This\n         dictionary can provide a subset of the options that are accepted\n         by :meth:`_engine.Connection.execution_options`.\n    \n        :return: a :class:`_engine.Result` object.\n    \n        &amp;quot;&amp;quot;&amp;quot;\n        distilled_parameters = _distill_params_20(parameters)\n        try:\n&amp;gt;           meth = statement._execute_on_connection\nE           AttributeError: &amp;#x27;str&amp;#x27; object has no attribute &amp;#x27;_execute_on_connection&amp;#x27;\n\nvenv/lib/python3.9/site-packages/sqlalchemy/engine/base.py:1412: AttributeError\n\nThe above exception was the direct cause of the following exception:\n\napp = &amp;lt;Flask &amp;#x27;app&amp;#x27;&amp;gt;, migrate = &amp;lt;flask_migrate.Migrate object at 0x117029340&amp;gt;\n\n    def test_migration_upgrade(app, migrate):\n        &amp;quot;&amp;quot;&amp;quot;Test database migration upgrades&amp;quot;&amp;quot;&amp;quot;\n        with app.app_context():\n            # Get current migration version\n            with db.engine.connect() as conn:\n&amp;gt;               result = conn.execute(&amp;quot;SELECT version_num FROM alembic_version&amp;quot;)\n\ntests/test_migrations.py:25: \n_ _ _ _ _ _ _ _ _ _ _ _ _ _ _ _ _ _ _ _ _ _ _ _ _ _ _ _ _ _ _ _ _ _ _ _ _ _ \n\nself = &amp;lt;sqlalchemy.engine.base.Connection object at 0x117a4b3d0&amp;gt;\nstatement = &amp;#x27;SELECT version_num FROM alembic_version&amp;#x27;, parameters = None\n\n    def execute(\n        self,\n        statement: Executable,\n        parameters: Optional[_CoreAnyExecuteParams] = None,\n        *,\n        execution_options: Optional[CoreExecuteOptionsParameter] = None,\n    ) -&amp;gt; CursorResult[Any]:\n        r&amp;quot;&amp;quot;&amp;quot;Executes a SQL statement construct and returns a\n        :class:`_engine.CursorResult`.\n    \n        :param statement: The statement to be executed.  This is always\n         an object that is in both the :class:`_expression.ClauseElement` and\n         :class:`_expression.Executable` hierarchies, including:\n    \n         * :class:`_expression.Select`\n         * :class:`_expression.Insert`, :class:`_expression.Update`,\n           :class:`_expression.Delete`\n         * :class:`_expression.TextClause` and\n           :class:`_expression.TextualSelect`\n         * :class:`_schema.DDL` and objects which inherit from\n           :class:`_schema.ExecutableDDLElement`\n    \n        :param parameters: parameters which will be bound into the statement.\n         This may be either a dictionary of parameter names to values,\n         or a mutable sequence (e.g. a list) of dictionaries.  When a\n         list of dictionaries is passed, the underlying statement execution\n         will make use of the DBAPI ``cursor.executemany()`` method.\n         When a single dictionary is passed, the DBAPI ``cursor.execute()``\n         method will be used.\n    \n        :param execution_options: optional dictionary of execution options,\n         which will be associated with the statement execution.  This\n         dictionary can provide a subset of the options that are accepted\n         by :meth:`_engine.Connection.execution_options`.\n    \n        :return: a :class:`_engine.Result` object.\n    \n        &amp;quot;&amp;quot;&amp;quot;\n        distilled_parameters = _distill_params_20(parameters)\n        try:\n            meth = statement._execute_on_connection\n        except AttributeError as err:\n&amp;gt;           raise exc.ObjectNotExecutableError(statement) from err\nE           sqlalchemy.exc.ObjectNotExecutableError: Not an executable object: &amp;#x27;SELECT version_num FROM alembic_version&amp;#x27;\n\nvenv/lib/python3.9/site-packages/sqlalchemy/engine/base.py:1414: ObjectNotExecutableError\n&#34;}], &#34;tests/test_migrations.py::test_migration_downgrade&#34;: [{&#34;extras&#34;: [], &#34;result&#34;: &#34;Failed&#34;, &#34;testId&#34;: &#34;tests/test_migrations.py::test_migration_downgrade&#34;, &#34;duration&#34;: &#34;6 ms&#34;, &#34;resultsTableRow&#34;: [&#34;&lt;td class=\&#34;col-result\&#34;&gt;Failed&lt;/td&gt;&#34;, &#34;&lt;td class=\&#34;col-testId\&#34;&gt;tests/test_migrations.py::test_migration_downgrade&lt;/td&gt;&#34;, &#34;&lt;td class=\&#34;col-duration\&#34;&gt;6 ms&lt;/td&gt;&#34;, &#34;&lt;td class=\&#34;col-links\&#34;&gt;&lt;/td&gt;&#34;], &#34;log&#34;: &#34;self = &amp;lt;sqlalchemy.engine.base.Connection object at 0x1178953a0&amp;gt;\nstatement = &amp;#x27;SELECT version_num FROM alembic_version&amp;#x27;, parameters = None\n\n    def execute(\n        self,\n        statement: Executable,\n        parameters: Optional[_CoreAnyExecuteParams] = None,\n        *,\n        execution_options: Optional[CoreExecuteOptionsParameter] = None,\n    ) -&amp;gt; CursorResult[Any]:\n        r&amp;quot;&amp;quot;&amp;quot;Executes a SQL statement construct and returns a\n        :class:`_engine.CursorResult`.\n    \n        :param statement: The statement to be executed.  This is always\n         an object that is in both the :class:`_expression.ClauseElement` and\n         :class:`_expression.Executable` hierarchies, including:\n    \n         * :class:`_expression.Select`\n         * :class:`_expression.Insert`, :class:`_expression.Update`,\n           :class:`_expression.Delete`\n         * :class:`_expression.TextClause` and\n           :class:`_expression.TextualSelect`\n         * :class:`_schema.DDL` and objects which inherit from\n           :class:`_schema.ExecutableDDLElement`\n    \n        :param parameters: parameters which will be bound into the statement.\n         This may be either a dictionary of parameter names to values,\n         or a mutable sequence (e.g. a list) of dictionaries.  When a\n         list of dictionaries is passed, the underlying statement execution\n         will make use of the DBAPI ``cursor.executemany()`` method.\n         When a single dictionary is passed, the DBAPI ``cursor.execute()``\n         method will be used.\n    \n        :param execution_options: optional dictionary of execution options,\n         which will be associated with the statement execution.  This\n         dictionary can provide a subset of the options that are accepted\n         by :meth:`_engine.Connection.execution_options`.\n    \n        :return: a :class:`_engine.Result` object.\n    \n        &amp;quot;&amp;quot;&amp;quot;\n        distilled_parameters = _distill_params_20(parameters)\n        try:\n&amp;gt;           meth = statement._execute_on_connection\nE           AttributeError: &amp;#x27;str&amp;#x27; object has no attribute &amp;#x27;_execute_on_connection&amp;#x27;\n\nvenv/lib/python3.9/site-packages/sqlalchemy/engine/base.py:1412: AttributeError\n\nThe above exception was the direct cause of the following exception:\n\napp = &amp;lt;Flask &amp;#x27;app&amp;#x27;&amp;gt;, migrate = &amp;lt;flask_migrate.Migrate object at 0x11720cac0&amp;gt;\n\n    def test_migration_downgrade(app, migrate):\n        &amp;quot;&amp;quot;&amp;quot;Test database migration downgrades&amp;quot;&amp;quot;&amp;quot;\n        with app.app_context():\n            # Upgrade to latest version first\n            upgrade()\n    \n            # Get current version\n            with db.engine.connect() as conn:\n&amp;gt;               result = conn.execute(&amp;quot;SELECT version_num FROM alembic_version&amp;quot;)\n\ntests/test_migrations.py:37: \n_ _ _ _ _ _ _ _ _ _ _ _ _ _ _ _ _ _ _ _ _ _ _ _ _ _ _ _ _ _ _ _ _ _ _ _ _ _ \n\nself = &amp;lt;sqlalchemy.engine.base.Connection object at 0x1178953a0&amp;gt;\nstatement = &amp;#x27;SELECT version_num FROM alembic_version&amp;#x27;, parameters = None\n\n    def execute(\n        self,\n        statement: Executable,\n        parameters: Optional[_CoreAnyExecuteParams] = None,\n        *,\n        execution_options: Optional[CoreExecuteOptionsParameter] = None,\n    ) -&amp;gt; CursorResult[Any]:\n        r&amp;quot;&amp;quot;&amp;quot;Executes a SQL statement construct and returns a\n        :class:`_engine.CursorResult`.\n    \n        :param statement: The statement to be executed.  This is always\n         an object that is in both the :class:`_expression.ClauseElement` and\n         :class:`_expression.Executable` hierarchies, including:\n    \n         * :class:`_expression.Select`\n         * :class:`_expression.Insert`, :class:`_expression.Update`,\n           :class:`_expression.Delete`\n         * :class:`_expression.TextClause` and\n           :class:`_expression.TextualSelect`\n         * :class:`_schema.DDL` and objects which inherit from\n           :class:`_schema.ExecutableDDLElement`\n    \n        :param parameters: parameters which will be bound into the statement.\n         This may be either a dictionary of parameter names to values,\n         or a mutable sequence (e.g. a list) of dictionaries.  When a\n         list of dictionaries is passed, the underlying statement execution\n         will make use of the DBAPI ``cursor.executemany()`` method.\n         When a single dictionary is passed, the DBAPI ``cursor.execute()``\n         method will be used.\n    \n        :param execution_options: optional dictionary of execution options,\n         which will be associated with the statement execution.  This\n         dictionary can provide a subset of the options that are accepted\n         by :meth:`_engine.Connection.execution_options`.\n    \n        :return: a :class:`_engine.Result` object.\n    \n        &amp;quot;&amp;quot;&amp;quot;\n        distilled_parameters = _distill_params_20(parameters)\n        try:\n            meth = statement._execute_on_connection\n        except AttributeError as err:\n&amp;gt;           raise exc.ObjectNotExecutableError(statement) from err\nE           sqlalchemy.exc.ObjectNotExecutableError: Not an executable object: &amp;#x27;SELECT version_num FROM alembic_version&amp;#x27;\n\nvenv/lib/python3.9/site-packages/sqlalchemy/engine/base.py:1414: ObjectNotExecutableError\n\n----------------------------- Captured stderr call -----------------------------\nINFO  [alembic.runtime.migration] Context impl SQLiteImpl.\nINFO  [alembic.runtime.migration] Will assume non-transactional DDL.\n&#34;}], &#34;tests/test_migrations.py::test_migration_rollback&#34;: [{&#34;extras&#34;: [], &#34;result&#34;: &#34;Failed&#34;, &#34;testId&#34;: &#34;tests/test_migrations.py::test_migration_rollback&#34;, &#34;duration&#34;: &#34;7 ms&#34;, &#34;resultsTableRow&#34;: [&#34;&lt;td class=\&#34;col-result\&#34;&gt;Failed&lt;/td&gt;&#34;, &#34;&lt;td class=\&#34;col-testId\&#34;&gt;tests/test_migrations.py::test_migration_rollback&lt;/td&gt;&#34;, &#34;&lt;td class=\&#34;col-duration\&#34;&gt;7 ms&lt;/td&gt;&#34;, &#34;&lt;td class=\&#34;col-links\&#34;&gt;&lt;/td&gt;&#34;], &#34;log&#34;: &#34;self = &amp;lt;sqlalchemy.engine.base.Connection object at 0x117a57610&amp;gt;\nstatement = &amp;#x27;SELECT version_num FROM alembic_version&amp;#x27;, parameters = None\n\n    def execute(\n        self,\n        statement: Executable,\n        parameters: Optional[_CoreAnyExecuteParams] = None,\n        *,\n        execution_options: Optional[CoreExecuteOptionsParameter] = None,\n    ) -&amp;gt; CursorResult[Any]:\n        r&amp;quot;&amp;quot;&amp;quot;Executes a SQL statement construct and returns a\n        :class:`_engine.CursorResult`.\n    \n        :param statement: The statement to be executed.  This is always\n         an object that is in both the :class:`_expression.ClauseElement` and\n         :class:`_expression.Executable` hierarchies, including:\n    \n         * :class:`_expression.Select`\n         * :class:`_expression.Insert`, :class:`_expression.Update`,\n           :class:`_expression.Delete`\n         * :class:`_expression.TextClause` and\n           :class:`_expression.TextualSelect`\n         * :class:`_schema.DDL` and objects which inherit from\n           :class:`_schema.ExecutableDDLElement`\n    \n        :param parameters: parameters which will be bound into the statement.\n         This may be either a dictionary of parameter names to values,\n         or a mutable sequence (e.g. a list) of dictionaries.  When a\n         list of dictionaries is passed, the underlying statement execution\n         will make use of the DBAPI ``cursor.executemany()`` method.\n         When a single dictionary is passed, the DBAPI ``cursor.execute()``\n         method will be used.\n    \n        :param execution_options: optional dictionary of execution options,\n         which will be associated with the statement execution.  This\n         dictionary can provide a subset of the options that are accepted\n         by :meth:`_engine.Connection.execution_options`.\n    \n        :return: a :class:`_engine.Result` object.\n    \n        &amp;quot;&amp;quot;&amp;quot;\n        distilled_parameters = _distill_params_20(parameters)\n        try:\n&amp;gt;           meth = statement._execute_on_connection\nE           AttributeError: &amp;#x27;str&amp;#x27; object has no attribute &amp;#x27;_execute_on_connection&amp;#x27;\n\nvenv/lib/python3.9/site-packages/sqlalchemy/engine/base.py:1412: AttributeError\n\nThe above exception was the direct cause of the following exception:\n\napp = &amp;lt;Flask &amp;#x27;app&amp;#x27;&amp;gt;, migrate = &amp;lt;flask_migrate.Migrate object at 0x1171885b0&amp;gt;\n\n    def test_migration_rollback(app, migrate):\n        &amp;quot;&amp;quot;&amp;quot;Test migration rollback&amp;quot;&amp;quot;&amp;quot;\n        with app.app_context():\n            # Upgrade to latest version\n            upgrade()\n    \n            # Get current version\n            with db.engine.connect() as conn:\n&amp;gt;               result = conn.execute(&amp;quot;SELECT version_num FROM alembic_version&amp;quot;)\n\ntests/test_migrations.py:58: \n_ _ _ _ _ _ _ _ _ _ _ _ _ _ _ _ _ _ _ _ _ _ _ _ _ _ _ _ _ _ _ _ _ _ _ _ _ _ \n\nself = &amp;lt;sqlalchemy.engine.base.Connection object at 0x117a57610&amp;gt;\nstatement = &amp;#x27;SELECT version_num FROM alembic_version&amp;#x27;, parameters = None\n\n    def execute(\n        self,\n        statement: Executable,\n        parameters: Optional[_CoreAnyExecuteParams] = None,\n        *,\n        execution_options: Optional[CoreExecuteOptionsParameter] = None,\n    ) -&amp;gt; CursorResult[Any]:\n        r&amp;quot;&amp;quot;&amp;quot;Executes a SQL statement construct and returns a\n        :class:`_engine.CursorResult`.\n    \n        :param statement: The statement to be executed.  This is always\n         an object that is in both the :class:`_expression.ClauseElement` and\n         :class:`_expression.Executable` hierarchies, including:\n    \n         * :class:`_expression.Select`\n         * :class:`_expression.Insert`, :class:`_expression.Update`,\n           :class:`_expression.Delete`\n         * :class:`_expression.TextClause` and\n           :class:`_expression.TextualSelect`\n         * :class:`_schema.DDL` and objects which inherit from\n           :class:`_schema.ExecutableDDLElement`\n    \n        :param parameters: parameters which will be bound into the statement.\n         This may be either a dictionary of parameter names to values,\n         or a mutable sequence (e.g. a list) of dictionaries.  When a\n         list of dictionaries is passed, the underlying statement execution\n         will make use of the DBAPI ``cursor.executemany()`` method.\n         When a single dictionary is passed, the DBAPI ``cursor.execute()``\n         method will be used.\n    \n        :param execution_options: optional dictionary of execution options,\n         which will be associated with the statement execution.  This\n         dictionary can provide a subset of the options that are accepted\n         by :meth:`_engine.Connection.execution_options`.\n    \n        :return: a :class:`_engine.Result` object.\n    \n        &amp;quot;&amp;quot;&amp;quot;\n        distilled_parameters = _distill_params_20(parameters)\n        try:\n            meth = statement._execute_on_connection\n        except AttributeError as err:\n&amp;gt;           raise exc.ObjectNotExecutableError(statement) from err\nE           sqlalchemy.exc.ObjectNotExecutableError: Not an executable object: &amp;#x27;SELECT version_num FROM alembic_version&amp;#x27;\n\nvenv/lib/python3.9/site-packages/sqlalchemy/engine/base.py:1414: ObjectNotExecutableError\n\n----------------------------- Captured stderr call -----------------------------\nINFO  [alembic.runtime.migration] Context impl SQLiteImpl.\nINFO  [alembic.runtime.migration] Will assume non-transactional DDL.\n&#34;}], &#34;tests/test_migrations.py::test_migration_data_preservation&#34;: [{&#34;extras&#34;: [], &#34;result&#34;: &#34;Failed&#34;, &#34;testId&#34;: &#34;tests/test_migrations.py::test_migration_data_preservation&#34;, &#34;duration&#34;: &#34;6 ms&#34;, &#34;resultsTableRow&#34;: [&#34;&lt;td class=\&#34;col-result\&#34;&gt;Failed&lt;/td&gt;&#34;, &#34;&lt;td class=\&#34;col-testId\&#34;&gt;tests/test_migrations.py::test_migration_data_preservation&lt;/td&gt;&#34;, &#34;&lt;td class=\&#34;col-duration\&#34;&gt;6 ms&lt;/td&gt;&#34;, &#34;&lt;td class=\&#34;col-links\&#34;&gt;&lt;/td&gt;&#34;], &#34;log&#34;: &#34;app = &amp;lt;Flask &amp;#x27;app&amp;#x27;&amp;gt;, migrate = &amp;lt;flask_migrate.Migrate object at 0x1172fa430&amp;gt;\n\n    def test_migration_data_preservation(app, migrate):\n        &amp;quot;&amp;quot;&amp;quot;Test data preservation during migrations&amp;quot;&amp;quot;&amp;quot;\n        with app.app_context():\n            # Upgrade to latest version\n            upgrade()\n    \n            # Insert test data\n            with db.engine.connect() as conn:\n&amp;gt;               conn.execute(\n                    &amp;quot;INSERT INTO user (username, email, password_hash) VALUES (?, ?, ?)&amp;quot;,\n                    (&amp;#x27;testuser&amp;#x27;, &amp;#x27;test@example.com&amp;#x27;, &amp;#x27;hashed_password&amp;#x27;)\n                )\n\ntests/test_migrations.py:79: \n_ _ _ _ _ _ _ _ _ _ _ _ _ _ _ _ _ _ _ _ _ _ _ _ _ _ _ _ _ _ _ _ _ _ _ _ _ _ \nvenv/lib/python3.9/site-packages/sqlalchemy/engine/base.py:1410: in execute\n    distilled_parameters = _distill_params_20(parameters)\nlib/sqlalchemy/cyextension/util.pyx:32: in sqlalchemy.cyextension.util._distill_params_20\n    ???\n_ _ _ _ _ _ _ _ _ _ _ _ _ _ _ _ _ _ _ _ _ _ _ _ _ _ _ _ _ _ _ _ _ _ _ _ _ _ \n\n&amp;gt;   ???\nE   sqlalchemy.exc.ArgumentError: List argument must consist only of tuples or dictionaries\n\nlib/sqlalchemy/cyextension/util.pyx:23: ArgumentError\n\n----------------------------- Captured stderr call -----------------------------\nINFO  [alembic.runtime.migration] Context impl SQLiteImpl.\nINFO  [alembic.runtime.migration] Will assume non-transactional DDL.\n&#34;}], &#34;tests/test_migrations.py::test_migration_constraints&#34;: [{&#34;extras&#34;: [], &#34;result&#34;: &#34;Failed&#34;, &#34;testId&#34;: &#34;tests/test_migrations.py::test_migration_constraints&#34;, &#34;duration&#34;: &#34;6 ms&#34;, &#34;resultsTableRow&#34;: [&#34;&lt;td class=\&#34;col-result\&#34;&gt;Failed&lt;/td&gt;&#34;, &#34;&lt;td class=\&#34;col-testId\&#34;&gt;tests/test_migrations.py::test_migration_constraints&lt;/td&gt;&#34;, &#34;&lt;td class=\&#34;col-duration\&#34;&gt;6 ms&lt;/td&gt;&#34;, &#34;&lt;td class=\&#34;col-links\&#34;&gt;&lt;/td&gt;&#34;], &#34;log&#34;: &#34;app = &amp;lt;Flask &amp;#x27;app&amp;#x27;&amp;gt;, migrate = &amp;lt;flask_migrate.Migrate object at 0x1170f5ac0&amp;gt;\n\n    def test_migration_constraints(app, migrate):\n        &amp;quot;&amp;quot;&amp;quot;Test migration constraints&amp;quot;&amp;quot;&amp;quot;\n        with app.app_context():\n            # Upgrade to latest version\n            upgrade()\n    \n            # Test unique constraint on username\n            with db.engine.connect() as conn:\n&amp;gt;               conn.execute(\n                    &amp;quot;INSERT INTO user (username, email, password_hash) VALUES (?, ?, ?)&amp;quot;,\n                    (&amp;#x27;testuser&amp;#x27;, &amp;#x27;test1@example.com&amp;#x27;, &amp;#x27;hashed_password&amp;#x27;)\n                )\n\ntests/test_migrations.py:99: \n_ _ _ _ _ _ _ _ _ _ _ _ _ _ _ _ _ _ _ _ _ _ _ _ _ _ _ _ _ _ _ _ _ _ _ _ _ _ \nvenv/lib/python3.9/site-packages/sqlalchemy/engine/base.py:1410: in execute\n    distilled_parameters = _distill_params_20(parameters)\nlib/sqlalchemy/cyextension/util.pyx:32: in sqlalchemy.cyextension.util._distill_params_20\n    ???\n_ _ _ _ _ _ _ _ _ _ _ _ _ _ _ _ _ _ _ _ _ _ _ _ _ _ _ _ _ _ _ _ _ _ _ _ _ _ \n\n&amp;gt;   ???\nE   sqlalchemy.exc.ArgumentError: List argument must consist only of tuples or dictionaries\n\nlib/sqlalchemy/cyextension/util.pyx:23: ArgumentError\n\n----------------------------- Captured stderr call -----------------------------\nINFO  [alembic.runtime.migration] Context impl SQLiteImpl.\nINFO  [alembic.runtime.migration] Will assume non-transactional DDL.\n&#34;}], &#34;tests/test_migrations.py::test_migration_indexes&#34;: [{&#34;extras&#34;: [], &#34;result&#34;: &#34;Failed&#34;, &#34;testId&#34;: &#34;tests/test_migrations.py::test_migration_indexes&#34;, &#34;duration&#34;: &#34;7 ms&#34;, &#34;resultsTableRow&#34;: [&#34;&lt;td class=\&#34;col-result\&#34;&gt;Failed&lt;/td&gt;&#34;, &#34;&lt;td class=\&#34;col-testId\&#34;&gt;tests/test_migrations.py::test_migration_indexes&lt;/td&gt;&#34;, &#34;&lt;td class=\&#34;col-duration\&#34;&gt;7 ms&lt;/td&gt;&#34;, &#34;&lt;td class=\&#34;col-links\&#34;&gt;&lt;/td&gt;&#34;], &#34;log&#34;: &#34;self = &amp;lt;sqlalchemy.engine.base.Connection object at 0x116c7f850&amp;gt;\nstatement = &amp;quot;SELECT name FROM sqlite_master WHERE type=&amp;#x27;index&amp;#x27; AND tbl_name=&amp;#x27;user&amp;#x27;&amp;quot;\nparameters = None\n\n    def execute(\n        self,\n        statement: Executable,\n        parameters: Optional[_CoreAnyExecuteParams] = None,\n        *,\n        execution_options: Optional[CoreExecuteOptionsParameter] = None,\n    ) -&amp;gt; CursorResult[Any]:\n        r&amp;quot;&amp;quot;&amp;quot;Executes a SQL statement construct and returns a\n        :class:`_engine.CursorResult`.\n    \n        :param statement: The statement to be executed.  This is always\n         an object that is in both the :class:`_expression.ClauseElement` and\n         :class:`_expression.Executable` hierarchies, including:\n    \n         * :class:`_expression.Select`\n         * :class:`_expression.Insert`, :class:`_expression.Update`,\n           :class:`_expression.Delete`\n         * :class:`_expression.TextClause` and\n           :class:`_expression.TextualSelect`\n         * :class:`_schema.DDL` and objects which inherit from\n           :class:`_schema.ExecutableDDLElement`\n    \n        :param parameters: parameters which will be bound into the statement.\n         This may be either a dictionary of parameter names to values,\n         or a mutable sequence (e.g. a list) of dictionaries.  When a\n         list of dictionaries is passed, the underlying statement execution\n         will make use of the DBAPI ``cursor.executemany()`` method.\n         When a single dictionary is passed, the DBAPI ``cursor.execute()``\n         method will be used.\n    \n        :param execution_options: optional dictionary of execution options,\n         which will be associated with the statement execution.  This\n         dictionary can provide a subset of the options that are accepted\n         by :meth:`_engine.Connection.execution_options`.\n    \n        :return: a :class:`_engine.Result` object.\n    \n        &amp;quot;&amp;quot;&amp;quot;\n        distilled_parameters = _distill_params_20(parameters)\n        try:\n&amp;gt;           meth = statement._execute_on_connection\nE           AttributeError: &amp;#x27;str&amp;#x27; object has no attribute &amp;#x27;_execute_on_connection&amp;#x27;\n\nvenv/lib/python3.9/site-packages/sqlalchemy/engine/base.py:1412: AttributeError\n\nThe above exception was the direct cause of the following exception:\n\napp = &amp;lt;Flask &amp;#x27;app&amp;#x27;&amp;gt;, migrate = &amp;lt;flask_migrate.Migrate object at 0x11786c100&amp;gt;\n\n    def test_migration_indexes(app, migrate):\n        &amp;quot;&amp;quot;&amp;quot;Test migration indexes&amp;quot;&amp;quot;&amp;quot;\n        with app.app_context():\n            # Upgrade to latest version\n            upgrade()\n    \n            # Get indexes for user table\n            with db.engine.connect() as conn:\n&amp;gt;               result = conn.execute(\n                    &amp;quot;SELECT name FROM sqlite_master WHERE type=&amp;#x27;index&amp;#x27; AND tbl_name=&amp;#x27;user&amp;#x27;&amp;quot;\n                )\n\ntests/test_migrations.py:124: \n_ _ _ _ _ _ _ _ _ _ _ _ _ _ _ _ _ _ _ _ _ _ _ _ _ _ _ _ _ _ _ _ _ _ _ _ _ _ \n\nself = &amp;lt;sqlalchemy.engine.base.Connection object at 0x116c7f850&amp;gt;\nstatement = &amp;quot;SELECT name FROM sqlite_master WHERE type=&amp;#x27;index&amp;#x27; AND tbl_name=&amp;#x27;user&amp;#x27;&amp;quot;\nparameters = None\n\n    def execute(\n        self,\n        statement: Executable,\n        parameters: Optional[_CoreAnyExecuteParams] = None,\n        *,\n        execution_options: Optional[CoreExecuteOptionsParameter] = None,\n    ) -&amp;gt; CursorResult[Any]:\n        r&amp;quot;&amp;quot;&amp;quot;Executes a SQL statement construct and returns a\n        :class:`_engine.CursorResult`.\n    \n        :param statement: The statement to be executed.  This is always\n         an object that is in both the :class:`_expression.ClauseElement` and\n         :class:`_expression.Executable` hierarchies, including:\n    \n         * :class:`_expression.Select`\n         * :class:`_expression.Insert`, :class:`_expression.Update`,\n           :class:`_expression.Delete`\n         * :class:`_expression.TextClause` and\n           :class:`_expression.TextualSelect`\n         * :class:`_schema.DDL` and objects which inherit from\n           :class:`_schema.ExecutableDDLElement`\n    \n        :param parameters: parameters which will be bound into the statement.\n         This may be either a dictionary of parameter names to values,\n         or a mutable sequence (e.g. a list) of dictionaries.  When a\n         list of dictionaries is passed, the underlying statement execution\n         will make use of the DBAPI ``cursor.executemany()`` method.\n         When a single dictionary is passed, the DBAPI ``cursor.execute()``\n         method will be used.\n    \n        :param execution_options: optional dictionary of execution options,\n         which will be associated with the statement execution.  This\n         dictionary can provide a subset of the options that are accepted\n         by :meth:`_engine.Connection.execution_options`.\n    \n        :return: a :class:`_engine.Result` object.\n    \n        &amp;quot;&amp;quot;&amp;quot;\n        distilled_parameters = _distill_params_20(parameters)\n        try:\n            meth = statement._execute_on_connection\n        except AttributeError as err:\n&amp;gt;           raise exc.ObjectNotExecutableError(statement) from err\nE           sqlalchemy.exc.ObjectNotExecutableError: Not an executable object: &amp;quot;SELECT name FROM sqlite_master WHERE type=&amp;#x27;index&amp;#x27; AND tbl_name=&amp;#x27;user&amp;#x27;&amp;quot;\n\nvenv/lib/python3.9/site-packages/sqlalchemy/engine/base.py:1414: ObjectNotExecutableError\n\n----------------------------- Captured stderr call -----------------------------\nINFO  [alembic.runtime.migration] Context impl SQLiteImpl.\nINFO  [alembic.runtime.migration] Will assume non-transactional DDL.\n&#34;}], &#34;tests/test_migrations.py::test_migration_default_values&#34;: [{&#34;extras&#34;: [], &#34;result&#34;: &#34;Failed&#34;, &#34;testId&#34;: &#34;tests/test_migrations.py::test_migration_default_values&#34;, &#34;duration&#34;: &#34;6 ms&#34;, &#34;resultsTableRow&#34;: [&#34;&lt;td class=\&#34;col-result\&#34;&gt;Failed&lt;/td&gt;&#34;, &#34;&lt;td class=\&#34;col-testId\&#34;&gt;tests/test_migrations.py::test_migration_default_values&lt;/td&gt;&#34;, &#34;&lt;td class=\&#34;col-duration\&#34;&gt;6 ms&lt;/td&gt;&#34;, &#34;&lt;td class=\&#34;col-links\&#34;&gt;&lt;/td&gt;&#34;], &#34;log&#34;: &#34;app = &amp;lt;Flask &amp;#x27;app&amp;#x27;&amp;gt;, migrate = &amp;lt;flask_migrate.Migrate object at 0x117a51550&amp;gt;\n\n    def test_migration_default_values(app, migrate):\n        &amp;quot;&amp;quot;&amp;quot;Test migration default values&amp;quot;&amp;quot;&amp;quot;\n        with app.app_context():\n            # Upgrade to latest version\n            upgrade()\n    \n            # Insert user without optional fields\n            with db.engine.connect() as conn:\n&amp;gt;               conn.execute(\n                    &amp;quot;INSERT INTO user (username, email, password_hash) VALUES (?, ?, ?)&amp;quot;,\n                    (&amp;#x27;testuser&amp;#x27;, &amp;#x27;test@example.com&amp;#x27;, &amp;#x27;hashed_password&amp;#x27;)\n                )\n\ntests/test_migrations.py:139: \n_ _ _ _ _ _ _ _ _ _ _ _ _ _ _ _ _ _ _ _ _ _ _ _ _ _ _ _ _ _ _ _ _ _ _ _ _ _ \nvenv/lib/python3.9/site-packages/sqlalchemy/engine/base.py:1410: in execute\n    distilled_parameters = _distill_params_20(parameters)\nlib/sqlalchemy/cyextension/util.pyx:32: in sqlalchemy.cyextension.util._distill_params_20\n    ???\n_ _ _ _ _ _ _ _ _ _ _ _ _ _ _ _ _ _ _ _ _ _ _ _ _ _ _ _ _ _ _ _ _ _ _ _ _ _ \n\n&amp;gt;   ???\nE   sqlalchemy.exc.ArgumentError: List argument must consist only of tuples or dictionaries\n\nlib/sqlalchemy/cyextension/util.pyx:23: ArgumentError\n\n----------------------------- Captured stderr call -----------------------------\nINFO  [alembic.runtime.migration] Context impl SQLiteImpl.\nINFO  [alembic.runtime.migration] Will assume non-transactional DDL.\n&#34;}], &#34;tests/test_migrations.py::test_migration_relationships&#34;: [{&#34;extras&#34;: [], &#34;result&#34;: &#34;Failed&#34;, &#34;testId&#34;: &#34;tests/test_migrations.py::test_migration_relationships&#34;, &#34;duration&#34;: &#34;7 ms&#34;, &#34;resultsTableRow&#34;: [&#34;&lt;td class=\&#34;col-result\&#34;&gt;Failed&lt;/td&gt;&#34;, &#34;&lt;td class=\&#34;col-testId\&#34;&gt;tests/test_migrations.py::test_migration_relationships&lt;/td&gt;&#34;, &#34;&lt;td class=\&#34;col-duration\&#34;&gt;7 ms&lt;/td&gt;&#34;, &#34;&lt;td class=\&#34;col-links\&#34;&gt;&lt;/td&gt;&#34;], &#34;log&#34;: &#34;app = &amp;lt;Flask &amp;#x27;app&amp;#x27;&amp;gt;, migrate = &amp;lt;flask_migrate.Migrate object at 0x116c15cd0&amp;gt;\n\n    def test_migration_relationships(app, migrate):\n        &amp;quot;&amp;quot;&amp;quot;Test migration relationships&amp;quot;&amp;quot;&amp;quot;\n        with app.app_context():\n            # Upgrade to latest version\n            upgrade()\n    \n            # Insert test data\n            with db.engine.connect() as conn:\n&amp;gt;               conn.execute(\n                    &amp;quot;INSERT INTO user (username, email, password_hash) VALUES (?, ?, ?)&amp;quot;,\n                    (&amp;#x27;testuser&amp;#x27;, &amp;#x27;test@example.com&amp;#x27;, &amp;#x27;hashed_password&amp;#x27;)\n                )\n\ntests/test_migrations.py:160: \n_ _ _ _ _ _ _ _ _ _ _ _ _ _ _ _ _ _ _ _ _ _ _ _ _ _ _ _ _ _ _ _ _ _ _ _ _ _ \nvenv/lib/python3.9/site-packages/sqlalchemy/engine/base.py:1410: in execute\n    distilled_parameters = _distill_params_20(parameters)\nlib/sqlalchemy/cyextension/util.pyx:32: in sqlalchemy.cyextension.util._distill_params_20\n    ???\n_ _ _ _ _ _ _ _ _ _ _ _ _ _ _ _ _ _ _ _ _ _ _ _ _ _ _ _ _ _ _ _ _ _ _ _ _ _ \n\n&amp;gt;   ???\nE   sqlalchemy.exc.ArgumentError: List argument must consist only of tuples or dictionaries\n\nlib/sqlalchemy/cyextension/util.pyx:23: ArgumentError\n\n----------------------------- Captured stderr call -----------------------------\nINFO  [alembic.runtime.migration] Context impl SQLiteImpl.\nINFO  [alembic.runtime.migration] Will assume non-transactional DDL.\n&#34;}], &#34;tests/test_migrations.py::test_migration_rollback_cleanup&#34;: [{&#34;extras&#34;: [], &#34;result&#34;: &#34;Failed&#34;, &#34;testId&#34;: &#34;tests/test_migrations.py::test_migration_rollback_cleanup&#34;, &#34;duration&#34;: &#34;6 ms&#34;, &#34;resultsTableRow&#34;: [&#34;&lt;td class=\&#34;col-result\&#34;&gt;Failed&lt;/td&gt;&#34;, &#34;&lt;td class=\&#34;col-testId\&#34;&gt;tests/test_migrations.py::test_migration_rollback_cleanup&lt;/td&gt;&#34;, &#34;&lt;td class=\&#34;col-duration\&#34;&gt;6 ms&lt;/td&gt;&#34;, &#34;&lt;td class=\&#34;col-links\&#34;&gt;&lt;/td&gt;&#34;], &#34;log&#34;: &#34;app = &amp;lt;Flask &amp;#x27;app&amp;#x27;&amp;gt;, migrate = &amp;lt;flask_migrate.Migrate object at 0x11789ecd0&amp;gt;\n\n    def test_migration_rollback_cleanup(app, migrate):\n        &amp;quot;&amp;quot;&amp;quot;Test cleanup during migration rollback&amp;quot;&amp;quot;&amp;quot;\n        with app.app_context():\n            # Upgrade to latest version\n            upgrade()\n    \n            # Create test data\n            with db.engine.connect() as conn:\n&amp;gt;               conn.execute(\n                    &amp;quot;INSERT INTO user (username, email, password_hash) VALUES (?, ?, ?)&amp;quot;,\n                    (&amp;#x27;testuser&amp;#x27;, &amp;#x27;test@example.com&amp;#x27;, &amp;#x27;hashed_password&amp;#x27;)\n                )\n\ntests/test_migrations.py:195: \n_ _ _ _ _ _ _ _ _ _ _ _ _ _ _ _ _ _ _ _ _ _ _ _ _ _ _ _ _ _ _ _ _ _ _ _ _ _ \nvenv/lib/python3.9/site-packages/sqlalchemy/engine/base.py:1410: in execute\n    distilled_parameters = _distill_params_20(parameters)\nlib/sqlalchemy/cyextension/util.pyx:32: in sqlalchemy.cyextension.util._distill_params_20\n    ???\n_ _ _ _ _ _ _ _ _ _ _ _ _ _ _ _ _ _ _ _ _ _ _ _ _ _ _ _ _ _ _ _ _ _ _ _ _ _ \n\n&amp;gt;   ???\nE   sqlalchemy.exc.ArgumentError: List argument must consist only of tuples or dictionaries\n\nlib/sqlalchemy/cyextension/util.pyx:23: ArgumentError\n\n----------------------------- Captured stderr call -----------------------------\nINFO  [alembic.runtime.migration] Context impl SQLiteImpl.\nINFO  [alembic.runtime.migration] Will assume non-transactional DDL.\n&#34;}], &#34;tests/test_models.py::test_user_model&#34;: [{&#34;extras&#34;: [], &#34;result&#34;: &#34;Passed&#34;, &#34;testId&#34;: &#34;tests/test_models.py::test_user_model&#34;, &#34;duration&#34;: &#34;168 ms&#34;, &#34;resultsTableRow&#34;: [&#34;&lt;td class=\&#34;col-result\&#34;&gt;Passed&lt;/td&gt;&#34;, &#34;&lt;td class=\&#34;col-testId\&#34;&gt;tests/test_models.py::test_user_model&lt;/td&gt;&#34;, &#34;&lt;td class=\&#34;col-duration\&#34;&gt;168 ms&lt;/td&gt;&#34;, &#34;&lt;td class=\&#34;col-links\&#34;&gt;&lt;/td&gt;&#34;], &#34;log&#34;: &#34;No log output captured.&#34;}], &#34;tests/test_models.py::test_population_data_model&#34;: [{&#34;extras&#34;: [], &#34;result&#34;: &#34;Failed&#34;, &#34;testId&#34;: &#34;tests/test_models.py::test_population_data_model&#34;, &#34;duration&#34;: &#34;62 ms&#34;, &#34;resultsTableRow&#34;: [&#34;&lt;td class=\&#34;col-result\&#34;&gt;Failed&lt;/td&gt;&#34;, &#34;&lt;td class=\&#34;col-testId\&#34;&gt;tests/test_models.py::test_population_data_model&lt;/td&gt;&#34;, &#34;&lt;td class=\&#34;col-duration\&#34;&gt;62 ms&lt;/td&gt;&#34;, &#34;&lt;td class=\&#34;col-links\&#34;&gt;&lt;/td&gt;&#34;], &#34;log&#34;: &#34;app = &amp;lt;Flask &amp;#x27;app&amp;#x27;&amp;gt;, test_user = &amp;lt;User testuser&amp;gt;\n\n    def test_population_data_model(app, test_user):\n        &amp;quot;&amp;quot;&amp;quot;Test the PopulationData model&amp;quot;&amp;quot;&amp;quot;\n        with app.app_context():\n            # Create test population data\n            data = PopulationData(\n                user_id=test_user.id,\n                geographic_area=&amp;#x27;New York, NY&amp;#x27;,\n                population=8000000,\n                total_population=8000000,\n                median_household_income=75000,\n                housing_units=3000000,\n                white_population=45.0,\n                black_population=25.0,\n                asian_population=15.0,\n                hispanic_population=30.0,\n                bachelor_degree_or_higher=35.0,\n                median_age=35.0,\n                unemployment_rate=5.0,\n                population_density=2666.67,\n                average_household_size=2.5,\n                occupancy_percentage=95.0,\n                latitude=40.7128,\n                longitude=-74.0060,\n                census_tract=&amp;#x27;36061000100&amp;#x27;,\n                related_areas=&amp;#x27;Brooklyn,Queens,Bronx&amp;#x27;,\n                population_contribution=100.0\n            )\n            db.session.add(data)\n            db.session.commit()\n    \n            # Test data attributes\n            assert data.geographic_area == &amp;#x27;New York, NY&amp;#x27;\n            assert data.population == 8000000\n            assert data.user_id == test_user.id\n            assert isinstance(data.created_at, datetime)\n&amp;gt;           assert isinstance(data.updated_at, datetime)\nE           AttributeError: &amp;#x27;PopulationData&amp;#x27; object has no attribute &amp;#x27;updated_at&amp;#x27;\n\ntests/test_models.py:89: AttributeError\n&#34;}], &#34;tests/test_models.py::test_area_relationship_model&#34;: [{&#34;extras&#34;: [], &#34;result&#34;: &#34;Failed&#34;, &#34;testId&#34;: &#34;tests/test_models.py::test_area_relationship_model&#34;, &#34;duration&#34;: &#34;61 ms&#34;, &#34;resultsTableRow&#34;: [&#34;&lt;td class=\&#34;col-result\&#34;&gt;Failed&lt;/td&gt;&#34;, &#34;&lt;td class=\&#34;col-testId\&#34;&gt;tests/test_models.py::test_area_relationship_model&lt;/td&gt;&#34;, &#34;&lt;td class=\&#34;col-duration\&#34;&gt;61 ms&lt;/td&gt;&#34;, &#34;&lt;td class=\&#34;col-links\&#34;&gt;&lt;/td&gt;&#34;], &#34;log&#34;: &#34;app = &amp;lt;Flask &amp;#x27;app&amp;#x27;&amp;gt;, test_user = &amp;lt;User testuser&amp;gt;\n\n    def test_area_relationship_model(app, test_user):\n        &amp;quot;&amp;quot;&amp;quot;Test the AreaRelationship model&amp;quot;&amp;quot;&amp;quot;\n        with app.app_context():\n            # Create test area relationship\n&amp;gt;           relationship = AreaRelationship(\n                user_id=test_user.id,\n                source_area=&amp;#x27;New York, NY&amp;#x27;,\n                target_area=&amp;#x27;Los Angeles, CA&amp;#x27;,\n                percentage=50.0,\n                distance=2451.0\n            )\n\ntests/test_models.py:95: \n_ _ _ _ _ _ _ _ _ _ _ _ _ _ _ _ _ _ _ _ _ _ _ _ _ _ _ _ _ _ _ _ _ _ _ _ _ _ \n&amp;lt;string&amp;gt;:4: in __init__\n    ???\nvenv/lib/python3.9/site-packages/sqlalchemy/orm/state.py:572: in _initialize_instance\n    manager.dispatch.init_failure(self, args, kwargs)\nvenv/lib/python3.9/site-packages/sqlalchemy/util/langhelpers.py:146: in __exit__\n    raise exc_value.with_traceback(exc_tb)\nvenv/lib/python3.9/site-packages/sqlalchemy/orm/state.py:569: in _initialize_instance\n    manager.original_init(*mixed[1:], **kwargs)\n_ _ _ _ _ _ _ _ _ _ _ _ _ _ _ _ _ _ _ _ _ _ _ _ _ _ _ _ _ _ _ _ _ _ _ _ _ _ \n\nself = &amp;lt;AreaRelationship None -&amp;gt; None&amp;gt;\nkwargs = {&amp;#x27;distance&amp;#x27;: 2451.0, &amp;#x27;percentage&amp;#x27;: 50.0, &amp;#x27;source_area&amp;#x27;: &amp;#x27;New York, NY&amp;#x27;, &amp;#x27;target_area&amp;#x27;: &amp;#x27;Los Angeles, CA&amp;#x27;, ...}\ncls_ = &amp;lt;class &amp;#x27;app.models.AreaRelationship&amp;#x27;&amp;gt;, k = &amp;#x27;source_area&amp;#x27;\n\n    def _declarative_constructor(self: Any, **kwargs: Any) -&amp;gt; None:\n        &amp;quot;&amp;quot;&amp;quot;A simple constructor that allows initialization from kwargs.\n    \n        Sets attributes on the constructed instance using the names and\n        values in ``kwargs``.\n    \n        Only keys that are present as\n        attributes of the instance&amp;#x27;s class are allowed. These could be,\n        for example, any mapped columns or relationships.\n        &amp;quot;&amp;quot;&amp;quot;\n        cls_ = type(self)\n        for k in kwargs:\n            if not hasattr(cls_, k):\n&amp;gt;               raise TypeError(\n                    &amp;quot;%r is an invalid keyword argument for %s&amp;quot; % (k, cls_.__name__)\n                )\nE               TypeError: &amp;#x27;source_area&amp;#x27; is an invalid keyword argument for AreaRelationship\n\nvenv/lib/python3.9/site-packages/sqlalchemy/orm/decl_base.py:2175: TypeError\n&#34;}], &#34;tests/test_models.py::test_model_relationships&#34;: [{&#34;extras&#34;: [], &#34;result&#34;: &#34;Failed&#34;, &#34;testId&#34;: &#34;tests/test_models.py::test_model_relationships&#34;, &#34;duration&#34;: &#34;63 ms&#34;, &#34;resultsTableRow&#34;: [&#34;&lt;td class=\&#34;col-result\&#34;&gt;Failed&lt;/td&gt;&#34;, &#34;&lt;td class=\&#34;col-testId\&#34;&gt;tests/test_models.py::test_model_relationships&lt;/td&gt;&#34;, &#34;&lt;td class=\&#34;col-duration\&#34;&gt;63 ms&lt;/td&gt;&#34;, &#34;&lt;td class=\&#34;col-links\&#34;&gt;&lt;/td&gt;&#34;], &#34;log&#34;: &#34;app = &amp;lt;Flask &amp;#x27;app&amp;#x27;&amp;gt;, test_user = &amp;lt;User testuser&amp;gt;\n\n    def test_model_relationships(app, test_user):\n        &amp;quot;&amp;quot;&amp;quot;Test relationships between models&amp;quot;&amp;quot;&amp;quot;\n        with app.app_context():\n            # Create test population data\n            data = PopulationData(\n                user_id=test_user.id,\n                geographic_area=&amp;#x27;New York, NY&amp;#x27;,\n                population=8000000\n            )\n            db.session.add(data)\n            db.session.commit()\n    \n            # Create test area relationship\n&amp;gt;           relationship = AreaRelationship(\n                user_id=test_user.id,\n                source_area=&amp;#x27;New York, NY&amp;#x27;,\n                target_area=&amp;#x27;Los Angeles, CA&amp;#x27;,\n                percentage=50.0,\n                distance=2451.0\n            )\n\ntests/test_models.py:127: \n_ _ _ _ _ _ _ _ _ _ _ _ _ _ _ _ _ _ _ _ _ _ _ _ _ _ _ _ _ _ _ _ _ _ _ _ _ _ \n&amp;lt;string&amp;gt;:4: in __init__\n    ???\nvenv/lib/python3.9/site-packages/sqlalchemy/orm/state.py:572: in _initialize_instance\n    manager.dispatch.init_failure(self, args, kwargs)\nvenv/lib/python3.9/site-packages/sqlalchemy/util/langhelpers.py:146: in __exit__\n    raise exc_value.with_traceback(exc_tb)\nvenv/lib/python3.9/site-packages/sqlalchemy/orm/state.py:569: in _initialize_instance\n    manager.original_init(*mixed[1:], **kwargs)\n_ _ _ _ _ _ _ _ _ _ _ _ _ _ _ _ _ _ _ _ _ _ _ _ _ _ _ _ _ _ _ _ _ _ _ _ _ _ \n\nself = &amp;lt;AreaRelationship None -&amp;gt; None&amp;gt;\nkwargs = {&amp;#x27;distance&amp;#x27;: 2451.0, &amp;#x27;percentage&amp;#x27;: 50.0, &amp;#x27;source_area&amp;#x27;: &amp;#x27;New York, NY&amp;#x27;, &amp;#x27;target_area&amp;#x27;: &amp;#x27;Los Angeles, CA&amp;#x27;, ...}\ncls_ = &amp;lt;class &amp;#x27;app.models.AreaRelationship&amp;#x27;&amp;gt;, k = &amp;#x27;source_area&amp;#x27;\n\n    def _declarative_constructor(self: Any, **kwargs: Any) -&amp;gt; None:\n        &amp;quot;&amp;quot;&amp;quot;A simple constructor that allows initialization from kwargs.\n    \n        Sets attributes on the constructed instance using the names and\n        values in ``kwargs``.\n    \n        Only keys that are present as\n        attributes of the instance&amp;#x27;s class are allowed. These could be,\n        for example, any mapped columns or relationships.\n        &amp;quot;&amp;quot;&amp;quot;\n        cls_ = type(self)\n        for k in kwargs:\n            if not hasattr(cls_, k):\n&amp;gt;               raise TypeError(\n                    &amp;quot;%r is an invalid keyword argument for %s&amp;quot; % (k, cls_.__name__)\n                )\nE               TypeError: &amp;#x27;source_area&amp;#x27; is an invalid keyword argument for AreaRelationship\n\nvenv/lib/python3.9/site-packages/sqlalchemy/orm/decl_base.py:2175: TypeError\n&#34;}], &#34;tests/test_models.py::test_model_validation&#34;: [{&#34;extras&#34;: [], &#34;result&#34;: &#34;Passed&#34;, &#34;testId&#34;: &#34;tests/test_models.py::test_model_validation&#34;, &#34;duration&#34;: &#34;10 ms&#34;, &#34;resultsTableRow&#34;: [&#34;&lt;td class=\&#34;col-result\&#34;&gt;Passed&lt;/td&gt;&#34;, &#34;&lt;td class=\&#34;col-testId\&#34;&gt;tests/test_models.py::test_model_validation&lt;/td&gt;&#34;, &#34;&lt;td class=\&#34;col-duration\&#34;&gt;10 ms&lt;/td&gt;&#34;, &#34;&lt;td class=\&#34;col-links\&#34;&gt;&lt;/td&gt;&#34;], &#34;log&#34;: &#34;No log output captured.&#34;}], &#34;tests/test_models.py::test_model_indexes&#34;: [{&#34;extras&#34;: [], &#34;result&#34;: &#34;Failed&#34;, &#34;testId&#34;: &#34;tests/test_models.py::test_model_indexes&#34;, &#34;duration&#34;: &#34;5 ms&#34;, &#34;resultsTableRow&#34;: [&#34;&lt;td class=\&#34;col-result\&#34;&gt;Failed&lt;/td&gt;&#34;, &#34;&lt;td class=\&#34;col-testId\&#34;&gt;tests/test_models.py::test_model_indexes&lt;/td&gt;&#34;, &#34;&lt;td class=\&#34;col-duration\&#34;&gt;5 ms&lt;/td&gt;&#34;, &#34;&lt;td class=\&#34;col-links\&#34;&gt;&lt;/td&gt;&#34;], &#34;log&#34;: &#34;app = &amp;lt;Flask &amp;#x27;app&amp;#x27;&amp;gt;\n\n    def test_model_indexes(app):\n        &amp;quot;&amp;quot;&amp;quot;Test model indexes&amp;quot;&amp;quot;&amp;quot;\n        with app.app_context():\n            # Test User model indexes\n            indexes = [idx.name for idx in User.__table__.indexes]\n            assert &amp;#x27;ix_user_username&amp;#x27; in indexes\n            assert &amp;#x27;ix_user_email&amp;#x27; in indexes\n    \n            # Test PopulationData model indexes\n            indexes = [idx.name for idx in PopulationData.__table__.indexes]\n&amp;gt;           assert &amp;#x27;ix_population_data_geographic_area&amp;#x27; in indexes\nE           AssertionError: assert &amp;#x27;ix_population_data_geographic_area&amp;#x27; in []\n\ntests/test_models.py:176: AssertionError\n&#34;}], &#34;tests/test_upload.py::test_file_upload&#34;: [{&#34;extras&#34;: [], &#34;result&#34;: &#34;Failed&#34;, &#34;testId&#34;: &#34;tests/test_upload.py::test_file_upload&#34;, &#34;duration&#34;: &#34;117 ms&#34;, &#34;resultsTableRow&#34;: [&#34;&lt;td class=\&#34;col-result\&#34;&gt;Failed&lt;/td&gt;&#34;, &#34;&lt;td class=\&#34;col-testId\&#34;&gt;tests/test_upload.py::test_file_upload&lt;/td&gt;&#34;, &#34;&lt;td class=\&#34;col-duration\&#34;&gt;117 ms&lt;/td&gt;&#34;, &#34;&lt;td class=\&#34;col-links\&#34;&gt;&lt;/td&gt;&#34;], &#34;log&#34;: &#34;client = &amp;lt;FlaskClient &amp;lt;Flask &amp;#x27;app&amp;#x27;&amp;gt;&amp;gt;\ntest_file = &amp;#x27;/var/folders/80/rhn2mn3n3nzctmwb4lmtmmn80000gn/T/tmpi9yj7t4o.csv&amp;#x27;\n\n    def test_file_upload(client, test_file):\n        &amp;quot;&amp;quot;&amp;quot;Test file upload functionality&amp;quot;&amp;quot;&amp;quot;\n        # First authenticate\n        client.post(&amp;#x27;/auth/register&amp;#x27;, json={\n            &amp;#x27;username&amp;#x27;: &amp;#x27;testuser&amp;#x27;,\n            &amp;#x27;email&amp;#x27;: &amp;#x27;test@example.com&amp;#x27;,\n            &amp;#x27;password&amp;#x27;: &amp;#x27;testpass123&amp;#x27;\n        })\n    \n        login_response = client.post(&amp;#x27;/auth/login&amp;#x27;, json={\n            &amp;#x27;username&amp;#x27;: &amp;#x27;testuser&amp;#x27;,\n            &amp;#x27;password&amp;#x27;: &amp;#x27;testpass123&amp;#x27;\n        })\n        token = login_response.get_json()[&amp;#x27;access_token&amp;#x27;]\n    \n        # Then upload file\n        with open(test_file, &amp;#x27;rb&amp;#x27;) as f:\n            response = client.post(\n                &amp;#x27;/api/upload&amp;#x27;,\n                data={&amp;#x27;file&amp;#x27;: f},\n                headers={&amp;#x27;Authorization&amp;#x27;: f&amp;#x27;Bearer {token}&amp;#x27;}\n            )\n    \n&amp;gt;       assert response.status_code == 200\nE       assert 500 == 200\nE        +  where 500 = &amp;lt;WrapperTestResponse streamed [500 INTERNAL SERVER ERROR]&amp;gt;.status_code\n\ntests/test_upload.py:52: AssertionError\n&#34;}], &#34;tests/test_upload.py::test_invalid_file_format&#34;: [{&#34;extras&#34;: [], &#34;result&#34;: &#34;Passed&#34;, &#34;testId&#34;: &#34;tests/test_upload.py::test_invalid_file_format&#34;, &#34;duration&#34;: &#34;129 ms&#34;, &#34;resultsTableRow&#34;: [&#34;&lt;td class=\&#34;col-result\&#34;&gt;Passed&lt;/td&gt;&#34;, &#34;&lt;td class=\&#34;col-testId\&#34;&gt;tests/test_upload.py::test_invalid_file_format&lt;/td&gt;&#34;, &#34;&lt;td class=\&#34;col-duration\&#34;&gt;129 ms&lt;/td&gt;&#34;, &#34;&lt;td class=\&#34;col-links\&#34;&gt;&lt;/td&gt;&#34;], &#34;log&#34;: &#34;No log output captured.&#34;}], &#34;tests/test_upload.py::test_missing_file&#34;: [{&#34;extras&#34;: [], &#34;result&#34;: &#34;Passed&#34;, &#34;testId&#34;: &#34;tests/test_upload.py::test_missing_file&#34;, &#34;duration&#34;: &#34;123 ms&#34;, &#34;resultsTableRow&#34;: [&#34;&lt;td class=\&#34;col-result\&#34;&gt;Passed&lt;/td&gt;&#34;, &#34;&lt;td class=\&#34;col-testId\&#34;&gt;tests/test_upload.py::test_missing_file&lt;/td&gt;&#34;, &#34;&lt;td class=\&#34;col-duration\&#34;&gt;123 ms&lt;/td&gt;&#34;, &#34;&lt;td class=\&#34;col-links\&#34;&gt;&lt;/td&gt;&#34;], &#34;log&#34;: &#34;No log output captured.&#34;}], &#34;tests/test_upload.py::test_unauthorized_upload&#34;: [{&#34;extras&#34;: [], &#34;result&#34;: &#34;Passed&#34;, &#34;testId&#34;: &#34;tests/test_upload.py::test_unauthorized_upload&#34;, &#34;duration&#34;: &#34;7 ms&#34;, &#34;resultsTableRow&#34;: [&#34;&lt;td class=\&#34;col-result\&#34;&gt;Passed&lt;/td&gt;&#34;, &#34;&lt;td class=\&#34;col-testId\&#34;&gt;tests/test_upload.py::test_unauthorized_upload&lt;/td&gt;&#34;, &#34;&lt;td class=\&#34;col-duration\&#34;&gt;7 ms&lt;/td&gt;&#34;, &#34;&lt;td class=\&#34;col-links\&#34;&gt;&lt;/td&gt;&#34;], &#34;log&#34;: &#34;No log output captured.&#34;}], &#34;tests/test_upload.py::test_data_validation&#34;: [{&#34;extras&#34;: [], &#34;result&#34;: &#34;Failed&#34;, &#34;testId&#34;: &#34;tests/test_upload.py::test_data_validation&#34;, &#34;duration&#34;: &#34;115 ms&#34;, &#34;resultsTableRow&#34;: [&#34;&lt;td class=\&#34;col-result\&#34;&gt;Failed&lt;/td&gt;&#34;, &#34;&lt;td class=\&#34;col-testId\&#34;&gt;tests/test_upload.py::test_data_validation&lt;/td&gt;&#34;, &#34;&lt;td class=\&#34;col-duration\&#34;&gt;115 ms&lt;/td&gt;&#34;, &#34;&lt;td class=\&#34;col-links\&#34;&gt;&lt;/td&gt;&#34;], &#34;log&#34;: &#34;client = &amp;lt;FlaskClient &amp;lt;Flask &amp;#x27;app&amp;#x27;&amp;gt;&amp;gt;\ntest_file = &amp;#x27;/var/folders/80/rhn2mn3n3nzctmwb4lmtmmn80000gn/T/tmphc6_cblj.csv&amp;#x27;\n\n    def test_data_validation(client, test_file):\n        &amp;quot;&amp;quot;&amp;quot;Test validation of uploaded data&amp;quot;&amp;quot;&amp;quot;\n        # First authenticate\n        client.post(&amp;#x27;/auth/register&amp;#x27;, json={\n            &amp;#x27;username&amp;#x27;: &amp;#x27;testuser&amp;#x27;,\n            &amp;#x27;email&amp;#x27;: &amp;#x27;test@example.com&amp;#x27;,\n            &amp;#x27;password&amp;#x27;: &amp;#x27;testpass123&amp;#x27;\n        })\n    \n        login_response = client.post(&amp;#x27;/auth/login&amp;#x27;, json={\n            &amp;#x27;username&amp;#x27;: &amp;#x27;testuser&amp;#x27;,\n            &amp;#x27;password&amp;#x27;: &amp;#x27;testpass123&amp;#x27;\n        })\n        token = login_response.get_json()[&amp;#x27;access_token&amp;#x27;]\n    \n        # Upload file\n        with open(test_file, &amp;#x27;rb&amp;#x27;) as f:\n            response = client.post(\n                &amp;#x27;/api/upload&amp;#x27;,\n                data={&amp;#x27;file&amp;#x27;: f},\n                headers={&amp;#x27;Authorization&amp;#x27;: f&amp;#x27;Bearer {token}&amp;#x27;}\n            )\n    \n&amp;gt;       assert response.status_code == 200\nE       assert 500 == 200\nE        +  where 500 = &amp;lt;WrapperTestResponse streamed [500 INTERNAL SERVER ERROR]&amp;gt;.status_code\n\ntests/test_upload.py:156: AssertionError\n&#34;}], &#34;tests/test_utils.py::test_format_population_number&#34;: [{&#34;extras&#34;: [], &#34;result&#34;: &#34;Passed&#34;, &#34;testId&#34;: &#34;tests/test_utils.py::test_format_population_number&#34;, &#34;duration&#34;: &#34;0 ms&#34;, &#34;resultsTableRow&#34;: [&#34;&lt;td class=\&#34;col-result\&#34;&gt;Passed&lt;/td&gt;&#34;, &#34;&lt;td class=\&#34;col-testId\&#34;&gt;tests/test_utils.py::test_format_population_number&lt;/td&gt;&#34;, &#34;&lt;td class=\&#34;col-duration\&#34;&gt;0 ms&lt;/td&gt;&#34;, &#34;&lt;td class=\&#34;col-links\&#34;&gt;&lt;/td&gt;&#34;], &#34;log&#34;: &#34;No log output captured.&#34;}], &#34;tests/test_utils.py::test_get_census_data&#34;: [{&#34;extras&#34;: [], &#34;result&#34;: &#34;Failed&#34;, &#34;testId&#34;: &#34;tests/test_utils.py::test_get_census_data&#34;, &#34;duration&#34;: &#34;0 ms&#34;, &#34;resultsTableRow&#34;: [&#34;&lt;td class=\&#34;col-result\&#34;&gt;Failed&lt;/td&gt;&#34;, &#34;&lt;td class=\&#34;col-testId\&#34;&gt;tests/test_utils.py::test_get_census_data&lt;/td&gt;&#34;, &#34;&lt;td class=\&#34;col-duration\&#34;&gt;0 ms&lt;/td&gt;&#34;, &#34;&lt;td class=\&#34;col-links\&#34;&gt;&lt;/td&gt;&#34;], &#34;log&#34;: &#34;def test_get_census_data():\n        &amp;quot;&amp;quot;&amp;quot;Test getting census data for a location&amp;quot;&amp;quot;&amp;quot;\n        # Test with valid location\n        data = get_census_data(&amp;quot;New York, NY&amp;quot;)\n        assert isinstance(data, dict)\n        assert &amp;#x27;population&amp;#x27; in data\n        assert &amp;#x27;demographics&amp;#x27; in data\n        assert &amp;#x27;housing&amp;#x27; in data\n        assert &amp;#x27;median_household_income&amp;#x27; in data\n    \n        # Test with invalid location\n        data = get_census_data(&amp;quot;Invalid City&amp;quot;)\n&amp;gt;       assert data is None\nE       AssertionError: assert {&amp;#x27;demographics&amp;#x27;: {&amp;#x27;asian&amp;#x27;: 15.0, &amp;#x27;black&amp;#x27;: 25.0, &amp;#x27;hispanic&amp;#x27;: 20.0, &amp;#x27;white&amp;#x27;: 40.0}, &amp;#x27;housing&amp;#x27;: {&amp;#x27;occupied&amp;#x27;: 95.0, &amp;#x27;total_units&amp;#x27;: 3000000}, &amp;#x27;median_household_income&amp;#x27;: 75000, &amp;#x27;population&amp;#x27;: 8000000} is None\n\ntests/test_utils.py:35: AssertionError\n&#34;}], &#34;tests/test_utils.py::test_calculate_population_estimate&#34;: [{&#34;extras&#34;: [], &#34;result&#34;: &#34;Passed&#34;, &#34;testId&#34;: &#34;tests/test_utils.py::test_calculate_population_estimate&#34;, &#34;duration&#34;: &#34;0 ms&#34;, &#34;resultsTableRow&#34;: [&#34;&lt;td class=\&#34;col-result\&#34;&gt;Passed&lt;/td&gt;&#34;, &#34;&lt;td class=\&#34;col-testId\&#34;&gt;tests/test_utils.py::test_calculate_population_estimate&lt;/td&gt;&#34;, &#34;&lt;td class=\&#34;col-duration\&#34;&gt;0 ms&lt;/td&gt;&#34;, &#34;&lt;td class=\&#34;col-links\&#34;&gt;&lt;/td&gt;&#34;], &#34;log&#34;: &#34;No log output captured.&#34;}], &#34;tests/test_utils.py::test_calculate_census_based_estimate&#34;: [{&#34;extras&#34;: [], &#34;result&#34;: &#34;Passed&#34;, &#34;testId&#34;: &#34;tests/test_utils.py::test_calculate_census_based_estimate&#34;, &#34;duration&#34;: &#34;0 ms&#34;, &#34;resultsTableRow&#34;: [&#34;&lt;td class=\&#34;col-result\&#34;&gt;Passed&lt;/td&gt;&#34;, &#34;&lt;td class=\&#34;col-testId\&#34;&gt;tests/test_utils.py::test_calculate_census_based_estimate&lt;/td&gt;&#34;, &#34;&lt;td class=\&#34;col-duration\&#34;&gt;0 ms&lt;/td&gt;&#34;, &#34;&lt;td class=\&#34;col-links\&#34;&gt;&lt;/td&gt;&#34;], &#34;log&#34;: &#34;No log output captured.&#34;}], &#34;tests/test_utils.py::test_get_location_coordinates&#34;: [{&#34;extras&#34;: [], &#34;result&#34;: &#34;Passed&#34;, &#34;testId&#34;: &#34;tests/test_utils.py::test_get_location_coordinates&#34;, &#34;duration&#34;: &#34;0 ms&#34;, &#34;resultsTableRow&#34;: [&#34;&lt;td class=\&#34;col-result\&#34;&gt;Passed&lt;/td&gt;&#34;, &#34;&lt;td class=\&#34;col-testId\&#34;&gt;tests/test_utils.py::test_get_location_coordinates&lt;/td&gt;&#34;, &#34;&lt;td class=\&#34;col-duration\&#34;&gt;0 ms&lt;/td&gt;&#34;, &#34;&lt;td class=\&#34;col-links\&#34;&gt;&lt;/td&gt;&#34;], &#34;log&#34;: &#34;No log output captured.&#34;}], &#34;tests/test_utils.py::test_get_related_areas&#34;: [{&#34;extras&#34;: [], &#34;result&#34;: &#34;Failed&#34;, &#34;testId&#34;: &#34;tests/test_utils.py::test_get_related_areas&#34;, &#34;duration&#34;: &#34;0 ms&#34;, &#34;resultsTableRow&#34;: [&#34;&lt;td class=\&#34;col-result\&#34;&gt;Failed&lt;/td&gt;&#34;, &#34;&lt;td class=\&#34;col-testId\&#34;&gt;tests/test_utils.py::test_get_related_areas&lt;/td&gt;&#34;, &#34;&lt;td class=\&#34;col-duration\&#34;&gt;0 ms&lt;/td&gt;&#34;, &#34;&lt;td class=\&#34;col-links\&#34;&gt;&lt;/td&gt;&#34;], &#34;log&#34;: &#34;def test_get_related_areas():\n        &amp;quot;&amp;quot;&amp;quot;Test the related areas retrieval function&amp;quot;&amp;quot;&amp;quot;\n        # Test with valid location\n        related_areas = get_related_areas(&amp;quot;New York, NY&amp;quot;)\n        assert isinstance(related_areas, list)\n        assert len(related_areas) &amp;gt; 0\n        assert &amp;#x27;Brooklyn, NY&amp;#x27; in related_areas\n        assert &amp;#x27;Queens, NY&amp;#x27; in related_areas\n    \n        # Test with invalid location\n        related_areas = get_related_areas(&amp;quot;Invalid City&amp;quot;)\n        assert isinstance(related_areas, list)\n&amp;gt;       assert len(related_areas) == 0\nE       AssertionError: assert 4 == 0\nE        +  where 4 = len([&amp;#x27;Brooklyn, NY&amp;#x27;, &amp;#x27;Queens, NY&amp;#x27;, &amp;#x27;Bronx, NY&amp;#x27;, &amp;#x27;Staten Island, NY&amp;#x27;])\n\ntests/test_utils.py:102: AssertionError\n&#34;}], &#34;tests/test_utils.py::test_error_handling&#34;: [{&#34;extras&#34;: [], &#34;result&#34;: &#34;Failed&#34;, &#34;testId&#34;: &#34;tests/test_utils.py::test_error_handling&#34;, &#34;duration&#34;: &#34;0 ms&#34;, &#34;resultsTableRow&#34;: [&#34;&lt;td class=\&#34;col-result\&#34;&gt;Failed&lt;/td&gt;&#34;, &#34;&lt;td class=\&#34;col-testId\&#34;&gt;tests/test_utils.py::test_error_handling&lt;/td&gt;&#34;, &#34;&lt;td class=\&#34;col-duration\&#34;&gt;0 ms&lt;/td&gt;&#34;, &#34;&lt;td class=\&#34;col-links\&#34;&gt;&lt;/td&gt;&#34;], &#34;log&#34;: &#34;def test_error_handling():\n        &amp;quot;&amp;quot;&amp;quot;Test error handling in utility functions&amp;quot;&amp;quot;&amp;quot;\n        # Test with None input\n&amp;gt;       assert calculate_population_estimate(None) == {&amp;#x27;error&amp;#x27;: &amp;#x27;Invalid input&amp;#x27;}\nE       TypeError: calculate_population_estimate() missing 2 required positional arguments: &amp;#x27;growth_rate&amp;#x27; and &amp;#x27;years&amp;#x27;\n\ntests/test_utils.py:107: TypeError\n&#34;}], &#34;tests/test_utils.py::test_data_consistency&#34;: [{&#34;extras&#34;: [], &#34;result&#34;: &#34;Failed&#34;, &#34;testId&#34;: &#34;tests/test_utils.py::test_data_consistency&#34;, &#34;duration&#34;: &#34;0 ms&#34;, &#34;resultsTableRow&#34;: [&#34;&lt;td class=\&#34;col-result\&#34;&gt;Failed&lt;/td&gt;&#34;, &#34;&lt;td class=\&#34;col-testId\&#34;&gt;tests/test_utils.py::test_data_consistency&lt;/td&gt;&#34;, &#34;&lt;td class=\&#34;col-duration\&#34;&gt;0 ms&lt;/td&gt;&#34;, &#34;&lt;td class=\&#34;col-links\&#34;&gt;&lt;/td&gt;&#34;], &#34;log&#34;: &#34;def test_data_consistency():\n        &amp;quot;&amp;quot;&amp;quot;Test data consistency in utility functions&amp;quot;&amp;quot;&amp;quot;\n        # Test population estimate consistency\n        area_relationships = [\n            {&amp;#x27;area&amp;#x27;: &amp;#x27;New York&amp;#x27;, &amp;#x27;percentage&amp;#x27;: 30},\n            {&amp;#x27;area&amp;#x27;: &amp;#x27;Los Angeles&amp;#x27;, &amp;#x27;percentage&amp;#x27;: 70}\n        ]\n&amp;gt;       result = calculate_population_estimate(area_relationships)\nE       TypeError: calculate_population_estimate() missing 2 required positional arguments: &amp;#x27;growth_rate&amp;#x27; and &amp;#x27;years&amp;#x27;\n\ntests/test_utils.py:133: TypeError\n&#34;}]}, &#34;renderCollapsed&#34;: [&#34;passed&#34;], &#34;initialSort&#34;: &#34;result&#34;, &#34;title&#34;: &#34;report.html&#34;}"></div>
    <script>
      (function(){function r(e,n,t){function o(i,f){if(!n[i]){if(!e[i]){var c="function"==typeof require&&require;if(!f&&c)return c(i,!0);if(u)return u(i,!0);var a=new Error("Cannot find module '"+i+"'");throw a.code="MODULE_NOT_FOUND",a}var p=n[i]={exports:{}};e[i][0].call(p.exports,function(r){var n=e[i][1][r];return o(n||r)},p,p.exports,r,e,n,t)}return n[i].exports}for(var u="function"==typeof require&&require,i=0;i<t.length;i++)o(t[i]);return o}return r})()({1:[function(require,module,exports){
const { getCollapsedCategory, setCollapsedIds } = require('./storage.js')

class DataManager {
    setManager(data) {
        const collapsedCategories = [...getCollapsedCategory(data.renderCollapsed)]
        const collapsedIds = []
        const tests = Object.values(data.tests).flat().map((test, index) => {
            const collapsed = collapsedCategories.includes(test.result.toLowerCase())
            const id = `test_${index}`
            if (collapsed) {
                collapsedIds.push(id)
            }
            return {
                ...test,
                id,
                collapsed,
            }
        })
        const dataBlob = { ...data, tests }
        this.data = { ...dataBlob }
        this.renderData = { ...dataBlob }
        setCollapsedIds(collapsedIds)
    }

    get allData() {
        return { ...this.data }
    }

    resetRender() {
        this.renderData = { ...this.data }
    }

    setRender(data) {
        this.renderData.tests = [...data]
    }

    toggleCollapsedItem(id) {
        this.renderData.tests = this.renderData.tests.map((test) =>
            test.id === id ? { ...test, collapsed: !test.collapsed } : test,
        )
    }

    set allCollapsed(collapsed) {
        this.renderData = { ...this.renderData, tests: [...this.renderData.tests.map((test) => (
            { ...test, collapsed }
        ))] }
    }

    get testSubset() {
        return [...this.renderData.tests]
    }

    get environment() {
        return this.renderData.environment
    }

    get initialSort() {
        return this.data.initialSort
    }
}

module.exports = {
    manager: new DataManager(),
}

},{"./storage.js":8}],2:[function(require,module,exports){
const mediaViewer = require('./mediaviewer.js')
const templateEnvRow = document.getElementById('template_environment_row')
const templateResult = document.getElementById('template_results-table__tbody')

function htmlToElements(html) {
    const temp = document.createElement('template')
    temp.innerHTML = html
    return temp.content.childNodes
}

const find = (selector, elem) => {
    if (!elem) {
        elem = document
    }
    return elem.querySelector(selector)
}

const findAll = (selector, elem) => {
    if (!elem) {
        elem = document
    }
    return [...elem.querySelectorAll(selector)]
}

const dom = {
    getStaticRow: (key, value) => {
        const envRow = templateEnvRow.content.cloneNode(true)
        const isObj = typeof value === 'object' && value !== null
        const values = isObj ? Object.keys(value).map((k) => `${k}: ${value[k]}`) : null

        const valuesElement = htmlToElements(
            values ? `<ul>${values.map((val) => `<li>${val}</li>`).join('')}<ul>` : `<div>${value}</div>`)[0]
        const td = findAll('td', envRow)
        td[0].textContent = key
        td[1].appendChild(valuesElement)

        return envRow
    },
    getResultTBody: ({ testId, id, log, extras, resultsTableRow, tableHtml, result, collapsed }) => {
        const resultBody = templateResult.content.cloneNode(true)
        resultBody.querySelector('tbody').classList.add(result.toLowerCase())
        resultBody.querySelector('tbody').id = testId
        resultBody.querySelector('.collapsible').dataset.id = id

        resultsTableRow.forEach((html) => {
            const t = document.createElement('template')
            t.innerHTML = html
            resultBody.querySelector('.collapsible').appendChild(t.content)
        })

        if (log) {
            // Wrap lines starting with "E" with span.error to color those lines red
            const wrappedLog = log.replace(/^E.*$/gm, (match) => `<span class="error">${match}</span>`)
            resultBody.querySelector('.log').innerHTML = wrappedLog
        } else {
            resultBody.querySelector('.log').remove()
        }

        if (collapsed) {
            resultBody.querySelector('.collapsible > td')?.classList.add('collapsed')
            resultBody.querySelector('.extras-row').classList.add('hidden')
        } else {
            resultBody.querySelector('.collapsible > td')?.classList.remove('collapsed')
        }

        const media = []
        extras?.forEach(({ name, format_type, content }) => {
            if (['image', 'video'].includes(format_type)) {
                media.push({ path: content, name, format_type })
            }

            if (format_type === 'html') {
                resultBody.querySelector('.extraHTML').insertAdjacentHTML('beforeend', `<div>${content}</div>`)
            }
        })
        mediaViewer.setup(resultBody, media)

        // Add custom html from the pytest_html_results_table_html hook
        tableHtml?.forEach((item) => {
            resultBody.querySelector('td[class="extra"]').insertAdjacentHTML('beforeend', item)
        })

        return resultBody
    },
}

module.exports = {
    dom,
    htmlToElements,
    find,
    findAll,
}

},{"./mediaviewer.js":6}],3:[function(require,module,exports){
const { manager } = require('./datamanager.js')
const { doSort } = require('./sort.js')
const storageModule = require('./storage.js')

const getFilteredSubSet = (filter) =>
    manager.allData.tests.filter(({ result }) => filter.includes(result.toLowerCase()))

const doInitFilter = () => {
    const currentFilter = storageModule.getVisible()
    const filteredSubset = getFilteredSubSet(currentFilter)
    manager.setRender(filteredSubset)
}

const doFilter = (type, show) => {
    if (show) {
        storageModule.showCategory(type)
    } else {
        storageModule.hideCategory(type)
    }

    const currentFilter = storageModule.getVisible()
    const filteredSubset = getFilteredSubSet(currentFilter)
    manager.setRender(filteredSubset)

    const sortColumn = storageModule.getSort()
    doSort(sortColumn, true)
}

module.exports = {
    doFilter,
    doInitFilter,
}

},{"./datamanager.js":1,"./sort.js":7,"./storage.js":8}],4:[function(require,module,exports){
const { redraw, bindEvents, renderStatic } = require('./main.js')
const { doInitFilter } = require('./filter.js')
const { doInitSort } = require('./sort.js')
const { manager } = require('./datamanager.js')
const data = JSON.parse(document.getElementById('data-container').dataset.jsonblob)

function init() {
    manager.setManager(data)
    doInitFilter()
    doInitSort()
    renderStatic()
    redraw()
    bindEvents()
}

init()

},{"./datamanager.js":1,"./filter.js":3,"./main.js":5,"./sort.js":7}],5:[function(require,module,exports){
const { dom, find, findAll } = require('./dom.js')
const { manager } = require('./datamanager.js')
const { doSort } = require('./sort.js')
const { doFilter } = require('./filter.js')
const {
    getVisible,
    getCollapsedIds,
    setCollapsedIds,
    getSort,
    getSortDirection,
    possibleFilters,
} = require('./storage.js')

const removeChildren = (node) => {
    while (node.firstChild) {
        node.removeChild(node.firstChild)
    }
}

const renderStatic = () => {
    const renderEnvironmentTable = () => {
        const environment = manager.environment
        const rows = Object.keys(environment).map((key) => dom.getStaticRow(key, environment[key]))
        const table = document.getElementById('environment')
        removeChildren(table)
        rows.forEach((row) => table.appendChild(row))
    }
    renderEnvironmentTable()
}

const addItemToggleListener = (elem) => {
    elem.addEventListener('click', ({ target }) => {
        const id = target.parentElement.dataset.id
        manager.toggleCollapsedItem(id)

        const collapsedIds = getCollapsedIds()
        if (collapsedIds.includes(id)) {
            const updated = collapsedIds.filter((item) => item !== id)
            setCollapsedIds(updated)
        } else {
            collapsedIds.push(id)
            setCollapsedIds(collapsedIds)
        }
        redraw()
    })
}

const renderContent = (tests) => {
    const sortAttr = getSort(manager.initialSort)
    const sortAsc = JSON.parse(getSortDirection())
    const rows = tests.map(dom.getResultTBody)
    const table = document.getElementById('results-table')
    const tableHeader = document.getElementById('results-table-head')

    const newTable = document.createElement('table')
    newTable.id = 'results-table'

    // remove all sorting classes and set the relevant
    findAll('.sortable', tableHeader).forEach((elem) => elem.classList.remove('asc', 'desc'))
    tableHeader.querySelector(`.sortable[data-column-type="${sortAttr}"]`)?.classList.add(sortAsc ? 'desc' : 'asc')
    newTable.appendChild(tableHeader)

    if (!rows.length) {
        const emptyTable = document.getElementById('template_results-table__body--empty').content.cloneNode(true)
        newTable.appendChild(emptyTable)
    } else {
        rows.forEach((row) => {
            if (!!row) {
                findAll('.collapsible td:not(.col-links', row).forEach(addItemToggleListener)
                find('.logexpander', row).addEventListener('click',
                    (evt) => evt.target.parentNode.classList.toggle('expanded'),
                )
                newTable.appendChild(row)
            }
        })
    }

    table.replaceWith(newTable)
}

const renderDerived = () => {
    const currentFilter = getVisible()
    possibleFilters.forEach((result) => {
        const input = document.querySelector(`input[data-test-result="${result}"]`)
        input.checked = currentFilter.includes(result)
    })
}

const bindEvents = () => {
    const filterColumn = (evt) => {
        const { target: element } = evt
        const { testResult } = element.dataset

        doFilter(testResult, element.checked)
        const collapsedIds = getCollapsedIds()
        const updated = manager.renderData.tests.map((test) => {
            return {
                ...test,
                collapsed: collapsedIds.includes(test.id),
            }
        })
        manager.setRender(updated)
        redraw()
    }

    const header = document.getElementById('environment-header')
    header.addEventListener('click', () => {
        const table = document.getElementById('environment')
        table.classList.toggle('hidden')
        header.classList.toggle('collapsed')
    })

    findAll('input[name="filter_checkbox"]').forEach((elem) => {
        elem.addEventListener('click', filterColumn)
    })

    findAll('.sortable').forEach((elem) => {
        elem.addEventListener('click', (evt) => {
            const { target: element } = evt
            const { columnType } = element.dataset
            doSort(columnType)
            redraw()
        })
    })

    document.getElementById('show_all_details').addEventListener('click', () => {
        manager.allCollapsed = false
        setCollapsedIds([])
        redraw()
    })
    document.getElementById('hide_all_details').addEventListener('click', () => {
        manager.allCollapsed = true
        const allIds = manager.renderData.tests.map((test) => test.id)
        setCollapsedIds(allIds)
        redraw()
    })
}

const redraw = () => {
    const { testSubset } = manager

    renderContent(testSubset)
    renderDerived()
}

module.exports = {
    redraw,
    bindEvents,
    renderStatic,
}

},{"./datamanager.js":1,"./dom.js":2,"./filter.js":3,"./sort.js":7,"./storage.js":8}],6:[function(require,module,exports){
class MediaViewer {
    constructor(assets) {
        this.assets = assets
        this.index = 0
    }

    nextActive() {
        this.index = this.index === this.assets.length - 1 ? 0 : this.index + 1
        return [this.activeFile, this.index]
    }

    prevActive() {
        this.index = this.index === 0 ? this.assets.length - 1 : this.index -1
        return [this.activeFile, this.index]
    }

    get currentIndex() {
        return this.index
    }

    get activeFile() {
        return this.assets[this.index]
    }
}


const setup = (resultBody, assets) => {
    if (!assets.length) {
        resultBody.querySelector('.media').classList.add('hidden')
        return
    }

    const mediaViewer = new MediaViewer(assets)
    const container = resultBody.querySelector('.media-container')
    const leftArrow = resultBody.querySelector('.media-container__nav--left')
    const rightArrow = resultBody.querySelector('.media-container__nav--right')
    const mediaName = resultBody.querySelector('.media__name')
    const counter = resultBody.querySelector('.media__counter')
    const imageEl = resultBody.querySelector('img')
    const sourceEl = resultBody.querySelector('source')
    const videoEl = resultBody.querySelector('video')

    const setImg = (media, index) => {
        if (media?.format_type === 'image') {
            imageEl.src = media.path

            imageEl.classList.remove('hidden')
            videoEl.classList.add('hidden')
        } else if (media?.format_type === 'video') {
            sourceEl.src = media.path

            videoEl.classList.remove('hidden')
            imageEl.classList.add('hidden')
        }

        mediaName.innerText = media?.name
        counter.innerText = `${index + 1} / ${assets.length}`
    }
    setImg(mediaViewer.activeFile, mediaViewer.currentIndex)

    const moveLeft = () => {
        const [media, index] = mediaViewer.prevActive()
        setImg(media, index)
    }
    const doRight = () => {
        const [media, index] = mediaViewer.nextActive()
        setImg(media, index)
    }
    const openImg = () => {
        window.open(mediaViewer.activeFile.path, '_blank')
    }
    if (assets.length === 1) {
        container.classList.add('media-container--fullscreen')
    } else {
        leftArrow.addEventListener('click', moveLeft)
        rightArrow.addEventListener('click', doRight)
    }
    imageEl.addEventListener('click', openImg)
}

module.exports = {
    setup,
}

},{}],7:[function(require,module,exports){
const { manager } = require('./datamanager.js')
const storageModule = require('./storage.js')

const genericSort = (list, key, ascending, customOrder) => {
    let sorted
    if (customOrder) {
        sorted = list.sort((a, b) => {
            const aValue = a.result.toLowerCase()
            const bValue = b.result.toLowerCase()

            const aIndex = customOrder.findIndex((item) => item.toLowerCase() === aValue)
            const bIndex = customOrder.findIndex((item) => item.toLowerCase() === bValue)

            // Compare the indices to determine the sort order
            return aIndex - bIndex
        })
    } else {
        sorted = list.sort((a, b) => a[key] === b[key] ? 0 : a[key] > b[key] ? 1 : -1)
    }

    if (ascending) {
        sorted.reverse()
    }
    return sorted
}

const durationSort = (list, ascending) => {
    const parseDuration = (duration) => {
        if (duration.includes(':')) {
            // If it's in the format "HH:mm:ss"
            const [hours, minutes, seconds] = duration.split(':').map(Number)
            return (hours * 3600 + minutes * 60 + seconds) * 1000
        } else {
            // If it's in the format "nnn ms"
            return parseInt(duration)
        }
    }
    const sorted = list.sort((a, b) => parseDuration(a['duration']) - parseDuration(b['duration']))
    if (ascending) {
        sorted.reverse()
    }
    return sorted
}

const doInitSort = () => {
    const type = storageModule.getSort(manager.initialSort)
    const ascending = storageModule.getSortDirection()
    const list = manager.testSubset
    const initialOrder = ['Error', 'Failed', 'Rerun', 'XFailed', 'XPassed', 'Skipped', 'Passed']

    storageModule.setSort(type)
    storageModule.setSortDirection(ascending)

    if (type?.toLowerCase() === 'original') {
        manager.setRender(list)
    } else {
        let sortedList
        switch (type) {
        case 'duration':
            sortedList = durationSort(list, ascending)
            break
        case 'result':
            sortedList = genericSort(list, type, ascending, initialOrder)
            break
        default:
            sortedList = genericSort(list, type, ascending)
            break
        }
        manager.setRender(sortedList)
    }
}

const doSort = (type, skipDirection) => {
    const newSortType = storageModule.getSort(manager.initialSort) !== type
    const currentAsc = storageModule.getSortDirection()
    let ascending
    if (skipDirection) {
        ascending = currentAsc
    } else {
        ascending = newSortType ? false : !currentAsc
    }
    storageModule.setSort(type)
    storageModule.setSortDirection(ascending)

    const list = manager.testSubset
    const sortedList = type === 'duration' ? durationSort(list, ascending) : genericSort(list, type, ascending)
    manager.setRender(sortedList)
}

module.exports = {
    doInitSort,
    doSort,
}

},{"./datamanager.js":1,"./storage.js":8}],8:[function(require,module,exports){
const possibleFilters = [
    'passed',
    'skipped',
    'failed',
    'error',
    'xfailed',
    'xpassed',
    'rerun',
]

const getVisible = () => {
    const url = new URL(window.location.href)
    const settings = new URLSearchParams(url.search).get('visible')
    const lower = (item) => {
        const lowerItem = item.toLowerCase()
        if (possibleFilters.includes(lowerItem)) {
            return lowerItem
        }
        return null
    }
    return settings === null ?
        possibleFilters :
        [...new Set(settings?.split(',').map(lower).filter((item) => item))]
}

const hideCategory = (categoryToHide) => {
    const url = new URL(window.location.href)
    const visibleParams = new URLSearchParams(url.search).get('visible')
    const currentVisible = visibleParams ? visibleParams.split(',') : [...possibleFilters]
    const settings = [...new Set(currentVisible)].filter((f) => f !== categoryToHide).join(',')

    url.searchParams.set('visible', settings)
    window.history.pushState({}, null, unescape(url.href))
}

const showCategory = (categoryToShow) => {
    if (typeof window === 'undefined') {
        return
    }
    const url = new URL(window.location.href)
    const currentVisible = new URLSearchParams(url.search).get('visible')?.split(',').filter(Boolean) ||
        [...possibleFilters]
    const settings = [...new Set([categoryToShow, ...currentVisible])]
    const noFilter = possibleFilters.length === settings.length || !settings.length

    noFilter ? url.searchParams.delete('visible') : url.searchParams.set('visible', settings.join(','))
    window.history.pushState({}, null, unescape(url.href))
}

const getSort = (initialSort) => {
    const url = new URL(window.location.href)
    let sort = new URLSearchParams(url.search).get('sort')
    if (!sort) {
        sort = initialSort || 'result'
    }
    return sort
}

const setSort = (type) => {
    const url = new URL(window.location.href)
    url.searchParams.set('sort', type)
    window.history.pushState({}, null, unescape(url.href))
}

const getCollapsedCategory = (renderCollapsed) => {
    let categories
    if (typeof window !== 'undefined') {
        const url = new URL(window.location.href)
        const collapsedItems = new URLSearchParams(url.search).get('collapsed')
        switch (true) {
        case !renderCollapsed && collapsedItems === null:
            categories = ['passed']
            break
        case collapsedItems?.length === 0 || /^["']{2}$/.test(collapsedItems):
            categories = []
            break
        case /^all$/.test(collapsedItems) || collapsedItems === null && /^all$/.test(renderCollapsed):
            categories = [...possibleFilters]
            break
        default:
            categories = collapsedItems?.split(',').map((item) => item.toLowerCase()) || renderCollapsed
            break
        }
    } else {
        categories = []
    }
    return categories
}

const getSortDirection = () => JSON.parse(sessionStorage.getItem('sortAsc')) || false
const setSortDirection = (ascending) => sessionStorage.setItem('sortAsc', ascending)

const getCollapsedIds = () => JSON.parse(sessionStorage.getItem('collapsedIds')) || []
const setCollapsedIds = (list) => sessionStorage.setItem('collapsedIds', JSON.stringify(list))

module.exports = {
    getVisible,
    hideCategory,
    showCategory,
    getCollapsedIds,
    setCollapsedIds,
    getSort,
    setSort,
    getSortDirection,
    setSortDirection,
    getCollapsedCategory,
    possibleFilters,
}

},{}]},{},[4]);
    </script>
  </footer>
</html>